
---------------------------------------------------------------------------------------
Date: 2020-11-06 12:30:58.626033

Datapoints used: 3

R^2: 1.00000

Results:
GD = 0.00000 fs^1
GDD = -404.77112 fs^2
TOD = 474.20243 fs^3

Values used:
x: [2.29964 2.13404 1.99999]

y: [-100.  -50.    0.]

---------------------------------------------------------------------------------------
Date: 2020-11-06 12:31:05.392053

Datapoints used: 4

R^2: 0.99995

Results:
GD = -0.57803 fs^1
GDD = -391.43064 fs^2
TOD = 395.01166 fs^3

Values used:
x: [2.29964 2.13404 1.99999 1.87777]

y: [-100.  -50.    0.   50.]

---------------------------------------------------------------------------------------
Date: 2020-11-06 12:31:12.187050

Datapoints used: 5

R^2: 0.99919

Results:
GD = 0.17702 fs^1
GDD = -369.04341 fs^2
TOD = 206.88147 fs^3

Values used:
x: [2.29964 2.13404 1.99999 1.87777 1.74372]

y: [-100.  -50.    0.   50.  100.]

---------------------------------------------------------------------------------------
Date: 2020-11-06 12:31:16.542842

Datapoints used: 6

R^2: 0.99597

Results:
GD = -2.18052 fs^1
GDD = -386.71039 fs^2
TOD = 419.67620 fs^3

Values used:
x: [2.29964 2.13404 1.99999 1.87777 1.74372 1.68063]

y: [-100.  -50.    0.   50.  100.  150.]

---------------------------------------------------------------------------------------
Date: 2020-11-06 12:31:18.408715

Datapoints used: 6

R^2: 0.99597

Results:
GD = -2.18052 fs^1
GDD = -386.71039 fs^2
TOD = 419.67620 fs^3

Values used:
x: [2.29964 2.13404 1.99999 1.87777 1.74372 1.68063]

y: [-100.  -50.    0.   50.  100.  150.]

---------------------------------------------------------------------------------------
Date: 2020-11-30 11:31:07.047433

Datapoints used: 3

R^2: 1.00000

Results:
GD = 0.00000 fs^1
GDD = -379.90924 fs^2
TOD = 254.74825 fs^3

Values used:
x: [2.29175 2.13799 1.99999]

y: [-100.  -50.    0.]

---------------------------------------------------------------------------------------
Date: 2020-11-30 11:31:11.768879

Datapoints used: 4

R^2: 0.99972

Results:
GD = 1.35592 fs^1
GDD = -411.13105 fs^2
TOD = 444.77475 fs^3

Values used:
x: [2.29175 2.13799 1.99999 1.8896 ]

y: [-100.  -50.    0.   50.]

---------------------------------------------------------------------------------------
Date: 2020-11-30 11:31:15.360363

Datapoints used: 5

R^2: 0.99727

Results:
GD = 2.91855 fs^1
GDD = -365.00138 fs^2
TOD = 43.72692 fs^3

Values used:
x: [2.29175 2.13799 1.99999 1.8896  1.73189]

y: [-100.  -50.    0.   50.  100.]

---------------------------------------------------------------------------------------
Date: 2020-11-30 11:31:20.184841

Datapoints used: 6

R^2: 0.98970

Results:
GD = 0.15004 fs^1
GDD = -389.76997 fs^2
TOD = 334.26674 fs^3

Values used:
x: [2.29175 2.13799 1.99999 1.8896  1.73189 1.68852]

y: [-100.  -50.    0.   50.  100.  150.]

---------------------------------------------------------------------------------------
Date: 2020-11-30 11:31:20.666243

Datapoints used: 6

R^2: 0.98970

Results:
GD = 0.15004 fs^1
GDD = -389.76997 fs^2
TOD = 334.26674 fs^3

Values used:
x: [2.29175 2.13799 1.99999 1.8896  1.73189 1.68852]

y: [-100.  -50.    0.   50.  100.  150.]
