---------------------------------------------------------------------------------------
Date: 2020-12-30 09:35:32.569563
Datapoints used: 3
R^2: 1.00000
Results:
GD = 50.00000 fs^1
GDD = -378.39901 fs^2
TOD = 368.22696 fs^3
Values:
x: [2.31146, 2.14193, 1.99999]
y: [-50.,   0.,  50.]
---------------------------------------------------------------------------------------
Date: 2020-12-30 09:35:36.344006
Datapoints used: 4
R^2: 0.99987
Results:
GD = 50.92928 fs^1
GDD = -398.34978 fs^2
TOD = 481.48866 fs^3
Values:
x: [2.31146, 2.14193, 1.99999, 1.88565]
y: [-50.,   0.,  50., 100.]
---------------------------------------------------------------------------------------
Date: 2020-12-30 09:35:42.355376
Datapoints used: 5
R^2: 0.99807
Results:
GD = 51.99789 fs^1
GDD = -360.91805 fs^2
TOD = 186.61942 fs^3
Values:
x: [2.31146, 2.14193, 1.99999, 1.88565, 1.73977]
y: [-50.,   0.,  50., 100., 150.]
---------------------------------------------------------------------------------------
Date: 2020-12-30 09:35:48.140150
Datapoints used: 6
R^2: 0.99455
Results:
GD = 49.67951 fs^1
GDD = -380.81053 fs^2
TOD = 402.32343 fs^3
Values:
x: [2.31146, 2.14193, 1.99999, 1.88565, 1.73977, 1.68063]
y: [-50.,   0.,  50., 100., 150., 200.]
---------------------------------------------------------------------------------------
Date: 2020-12-30 09:35:50.094888
Datapoints used: 6
R^2: 0.99455
Results:
GD = 49.67951 fs^1
GDD = -380.81053 fs^2
TOD = 402.32343 fs^3
Values:
x: [2.31146, 2.14193, 1.99999, 1.88565, 1.73977, 1.68063]
y: [-50.,   0.,  50., 100., 150., 200.]
