mod	trans_guid	split_guid	time_now	date_entered	date_posted	acc_guid	acc_name	num	description	notes	memo	action	reconciled	amount	value	date_reconciled
-----------------
===== START
===== END
===== START
D	95b9bf169a644c98a72acf2c9d99c9b2	cc394a53df4e4491adca989e714e15f5	2019-02-24 12:05:41 +0100	2019-02-24 12:05:41 +0100	2019-02-24 11:59:00 +0100								n	0/1	0/100	1970-01-01 01:00:00 +0100
===== END
===== START
B	07c346ffaf07b1f189eafab079292dd1	773c56870290e740028f102cc690cab9	2019-02-24 12:06:33 +0100	2019-02-24 12:05:24 +0100	2014-12-25 22:35:36 +0100	d77da9560bb84cb885aa22bd2b7d3be6	EXPENSE		20141224230000				n	5000/100	5000/100	1970-01-01 01:00:00 +0100
B	07c346ffaf07b1f189eafab079292dd1	70feb0a49a38bcfc2b3e202a951ac357	2019-02-24 12:06:33 +0100	2019-02-24 12:05:24 +0100	2014-12-25 22:35:36 +0100	8b0903dc96f74745a520aba3fab992be	ASSET		20141224230000				n	-5000/100	-5000/100	2014-12-27 23:59:59 +0100
===== END
===== START
C	07c346ffaf07b1f189eafab079292dd1	773c56870290e740028f102cc690cab9	2019-02-24 12:06:33 +0100	2019-02-24 12:05:24 +0100	2014-12-25 22:35:36 +0100	d77da9560bb84cb885aa22bd2b7d3be6	EXPENSE		20141224230000				n	5000/100	5000/100	1970-01-01 01:00:00 +0100
C	07c346ffaf07b1f189eafab079292dd1	70feb0a49a38bcfc2b3e202a951ac357	2019-02-24 12:06:33 +0100	2019-02-24 12:05:24 +0100	2014-12-25 22:35:36 +0100	8b0903dc96f74745a520aba3fab992be	ASSET		20141224230000				n	-5000/100	-5000/100	2014-12-27 23:59:59 +0100
===== END
===== START
B	ddfa526220f1f7bc5355a00d56fa1ce3	170e9400a0b6eaa189a54139703b06cd	2019-02-24 12:06:33 +0100	2019-02-24 12:05:24 +0100	2014-12-25 22:34:53 +0100	03bdf330547f4e95ab644993e569a0de	CASH		20141224230000				n	5000/100	5000/100	1970-01-01 01:00:00 +0100
B	ddfa526220f1f7bc5355a00d56fa1ce3	0c5c8a81c616562b42f9de6ce099f0e4	2019-02-24 12:06:33 +0100	2019-02-24 12:05:24 +0100	2014-12-25 22:34:53 +0100	8b0903dc96f74745a520aba3fab992be	ASSET		20141224230000				n	-5000/100	-5000/100	2014-12-27 23:59:59 +0100
===== END
===== START
C	ddfa526220f1f7bc5355a00d56fa1ce3	170e9400a0b6eaa189a54139703b06cd	2019-02-24 12:06:33 +0100	2019-02-24 12:05:24 +0100	2014-12-25 22:34:53 +0100	03bdf330547f4e95ab644993e569a0de	CASH		20141224230000				n	5000/100	5000/100	1970-01-01 01:00:00 +0100
C	ddfa526220f1f7bc5355a00d56fa1ce3	0c5c8a81c616562b42f9de6ce099f0e4	2019-02-24 12:06:33 +0100	2019-02-24 12:05:24 +0100	2014-12-25 22:34:53 +0100	8b0903dc96f74745a520aba3fab992be	ASSET		20141224230000				n	-5000/100	-5000/100	2014-12-27 23:59:59 +0100
===== END
===== START
B	97e5afde76d0198daa5e54e4a5a6f7ff	a3cead04f60ab71ba074d5526ebe7957	2019-02-24 12:06:33 +0100	2019-02-24 12:05:24 +0100	2014-12-25 22:35:59 +0100	8b0903dc96f74745a520aba3fab992be	ASSET		20141224230000				n	5000/100	5000/100	2014-12-27 23:59:59 +0100
B	97e5afde76d0198daa5e54e4a5a6f7ff	d3d5d7b6a27189ffb510dbc1463e2a54	2019-02-24 12:06:33 +0100	2019-02-24 12:05:24 +0100	2014-12-25 22:35:59 +0100	63adba208adb400eb38f53c08f484697	LIABILITY		20141224230000				n	-5000/100	-5000/100	1970-01-01 01:00:00 +0100
===== END
===== START
C	97e5afde76d0198daa5e54e4a5a6f7ff	a3cead04f60ab71ba074d5526ebe7957	2019-02-24 12:06:33 +0100	2019-02-24 12:05:24 +0100	2014-12-25 22:35:59 +0100	8b0903dc96f74745a520aba3fab992be	ASSET		20141224230000				n	5000/100	5000/100	2014-12-27 23:59:59 +0100
C	97e5afde76d0198daa5e54e4a5a6f7ff	d3d5d7b6a27189ffb510dbc1463e2a54	2019-02-24 12:06:33 +0100	2019-02-24 12:05:24 +0100	2014-12-25 22:35:59 +0100	63adba208adb400eb38f53c08f484697	LIABILITY		20141224230000				n	-5000/100	-5000/100	1970-01-01 01:00:00 +0100
===== END
===== START
B	374a6fc39da6f1b5ec422b5df1a756a1	5e53b3a645bc90c5f4cef62ec2195ff2	2019-02-24 12:06:34 +0100	2019-02-24 12:05:24 +0100	2014-12-25 22:36:25 +0100	6717aaeaf56d4c4d9df22aed62b34038	STOCK		20141224230000				n	500000/10000	5000/100	1970-01-01 01:00:00 +0100
B	374a6fc39da6f1b5ec422b5df1a756a1	23608208052ded42b8605c57cb24657e	2019-02-24 12:06:34 +0100	2019-02-24 12:05:24 +0100	2014-12-25 22:36:25 +0100	8b0903dc96f74745a520aba3fab992be	ASSET		20141224230000				n	-5000/100	-5000/100	2014-12-27 23:59:59 +0100
===== END
===== START
C	374a6fc39da6f1b5ec422b5df1a756a1	5e53b3a645bc90c5f4cef62ec2195ff2	2019-02-24 12:06:34 +0100	2019-02-24 12:05:24 +0100	2014-12-25 22:36:25 +0100	6717aaeaf56d4c4d9df22aed62b34038	STOCK		20141224230000				n	500000/10000	5000/100	1970-01-01 01:00:00 +0100
C	374a6fc39da6f1b5ec422b5df1a756a1	23608208052ded42b8605c57cb24657e	2019-02-24 12:06:34 +0100	2019-02-24 12:05:24 +0100	2014-12-25 22:36:25 +0100	8b0903dc96f74745a520aba3fab992be	ASSET		20141224230000				n	-5000/100	-5000/100	2014-12-27 23:59:59 +0100
===== END
===== START
B	69234987198d7d0b8c05cd8a7e087fed	6258e686e173f5bc08e0a136ea043192	2019-02-24 12:06:34 +0100	2019-02-24 12:05:24 +0100	2014-12-25 22:34:42 +0100	21ba82a3c78e49ef89f7618bac19c0ff	BANK		20141224230000				n	5000/100	5000/100	1970-01-01 01:00:00 +0100
B	69234987198d7d0b8c05cd8a7e087fed	ef9b052c4fbb329b16cc9ae403db9706	2019-02-24 12:06:34 +0100	2019-02-24 12:05:24 +0100	2014-12-25 22:34:42 +0100	8b0903dc96f74745a520aba3fab992be	ASSET		20141224230000				n	-5000/100	-5000/100	2014-12-27 23:59:59 +0100
===== END
===== START
C	69234987198d7d0b8c05cd8a7e087fed	6258e686e173f5bc08e0a136ea043192	2019-02-24 12:06:34 +0100	2019-02-24 12:05:24 +0100	2014-12-25 22:34:42 +0100	21ba82a3c78e49ef89f7618bac19c0ff	BANK		20141224230000				n	5000/100	5000/100	1970-01-01 01:00:00 +0100
C	69234987198d7d0b8c05cd8a7e087fed	ef9b052c4fbb329b16cc9ae403db9706	2019-02-24 12:06:34 +0100	2019-02-24 12:05:24 +0100	2014-12-25 22:34:42 +0100	8b0903dc96f74745a520aba3fab992be	ASSET		20141224230000				n	-5000/100	-5000/100	2014-12-27 23:59:59 +0100
===== END
===== START
B	c5a5af09b8807c6673bce836cf629e3b	5286d82bc1ac6cba7def18da4a8762cd	2019-02-24 12:06:34 +0100	2019-02-24 12:05:24 +0100	2014-12-25 22:36:06 +0100	03f4d5f6151649ae93e1d0c90d754e4e	MUTUAL		20141224230000				n	5000/100	5000/100	1970-01-01 01:00:00 +0100
B	c5a5af09b8807c6673bce836cf629e3b	3fc9a9a1abd3e9c94cd85d1de6f6c74f	2019-02-24 12:06:34 +0100	2019-02-24 12:05:24 +0100	2014-12-25 22:36:06 +0100	8b0903dc96f74745a520aba3fab992be	ASSET		20141224230000				n	-5000/100	-5000/100	2014-12-27 23:59:59 +0100
===== END
===== START
C	c5a5af09b8807c6673bce836cf629e3b	5286d82bc1ac6cba7def18da4a8762cd	2019-02-24 12:06:34 +0100	2019-02-24 12:05:24 +0100	2014-12-25 22:36:06 +0100	03f4d5f6151649ae93e1d0c90d754e4e	MUTUAL		20141224230000				n	5000/100	5000/100	1970-01-01 01:00:00 +0100
C	c5a5af09b8807c6673bce836cf629e3b	3fc9a9a1abd3e9c94cd85d1de6f6c74f	2019-02-24 12:06:34 +0100	2019-02-24 12:05:24 +0100	2014-12-25 22:36:06 +0100	8b0903dc96f74745a520aba3fab992be	ASSET		20141224230000				n	-5000/100	-5000/100	2014-12-27 23:59:59 +0100
===== END
===== START
B	7645f743819f47021637551a306266cc	5ba384458fd1b0a5b42961b4fed1e044	2019-02-24 12:06:34 +0100	2019-02-24 12:05:24 +0100	2014-12-25 22:35:54 +0100	8b0903dc96f74745a520aba3fab992be	ASSET		20141224230000				n	5000/100	5000/100	2014-12-27 23:59:59 +0100
B	7645f743819f47021637551a306266cc	9d16c62df4c958ad728ad4654a96903b	2019-02-24 12:06:34 +0100	2019-02-24 12:05:24 +0100	2014-12-25 22:35:54 +0100	55dfbe5eb1f7462d89bfbe6f518135aa	INCOME		20141224230000				n	-5000/100	-5000/100	1970-01-01 01:00:00 +0100
===== END
===== START
C	7645f743819f47021637551a306266cc	5ba384458fd1b0a5b42961b4fed1e044	2019-02-24 12:06:34 +0100	2019-02-24 12:05:24 +0100	2014-12-25 22:35:54 +0100	8b0903dc96f74745a520aba3fab992be	ASSET		20141224230000				n	5000/100	5000/100	2014-12-27 23:59:59 +0100
C	7645f743819f47021637551a306266cc	9d16c62df4c958ad728ad4654a96903b	2019-02-24 12:06:34 +0100	2019-02-24 12:05:24 +0100	2014-12-25 22:35:54 +0100	55dfbe5eb1f7462d89bfbe6f518135aa	INCOME		20141224230000				n	-5000/100	-5000/100	1970-01-01 01:00:00 +0100
===== END
===== START
B	efc37d5511a7f9f615a35278b5812f26	d62754990e6cf7ccdc7f30f5236d04a6	2019-02-24 12:06:34 +0100	2019-02-24 12:05:24 +0100	2014-12-25 22:35:07 +0100	8b0903dc96f74745a520aba3fab992be	ASSET		20141224230000				n	5000/100	5000/100	2014-12-27 23:59:59 +0100
B	efc37d5511a7f9f615a35278b5812f26	feb8f1d0dd60405f03e176879d9751cc	2019-02-24 12:06:34 +0100	2019-02-24 12:05:24 +0100	2014-12-25 22:35:07 +0100	78124a43c0824ac5be8bf238e8fe828d	CREDIT		20141224230000				n	-5000/100	-5000/100	1970-01-01 01:00:00 +0100
===== END
===== START
C	efc37d5511a7f9f615a35278b5812f26	d62754990e6cf7ccdc7f30f5236d04a6	2019-02-24 12:06:34 +0100	2019-02-24 12:05:24 +0100	2014-12-25 22:35:07 +0100	8b0903dc96f74745a520aba3fab992be	ASSET		20141224230000				n	5000/100	5000/100	2014-12-27 23:59:59 +0100
C	efc37d5511a7f9f615a35278b5812f26	feb8f1d0dd60405f03e176879d9751cc	2019-02-24 12:06:34 +0100	2019-02-24 12:05:24 +0100	2014-12-25 22:35:07 +0100	78124a43c0824ac5be8bf238e8fe828d	CREDIT		20141224230000				n	-5000/100	-5000/100	1970-01-01 01:00:00 +0100
===== END
===== START
B	6815665e309a8371853388c09846db1f	0b0f5388571213c1017b92f0f36391db	2019-02-24 12:06:34 +0100	2019-02-24 12:05:24 +0100	2014-12-25 22:34:21 +0100	8b0903dc96f74745a520aba3fab992be	ASSET		20141224230000				n	50000/100	50000/100	2014-12-27 23:59:59 +0100
B	6815665e309a8371853388c09846db1f	637e33f960dea964c43e610a592cfb23	2019-02-24 12:06:34 +0100	2019-02-24 12:05:24 +0100	2014-12-25 22:34:21 +0100	ed9cbce0bcec4179a203b0d9c3cb9d2b	EQUITY		20141224230000				n	-50000/100	-50000/100	1970-01-01 01:00:00 +0100
===== END
===== START
C	6815665e309a8371853388c09846db1f	0b0f5388571213c1017b92f0f36391db	2019-02-24 12:06:34 +0100	2019-02-24 12:05:24 +0100	2014-12-25 22:34:21 +0100	8b0903dc96f74745a520aba3fab992be	ASSET		20141224230000				n	50000/100	50000/100	2014-12-27 23:59:59 +0100
C	6815665e309a8371853388c09846db1f	637e33f960dea964c43e610a592cfb23	2019-02-24 12:06:34 +0100	2019-02-24 12:05:24 +0100	2014-12-25 22:34:21 +0100	ed9cbce0bcec4179a203b0d9c3cb9d2b	EQUITY		20141224230000				n	-50000/100	-50000/100	1970-01-01 01:00:00 +0100
===== END
===== START
B	69234987198d7d0b8c05cd8a7e087fed	6258e686e173f5bc08e0a136ea043192	2019-02-24 12:06:34 +0100	2019-02-24 12:05:24 +0100	2014-12-25 22:34:42 +0100	21ba82a3c78e49ef89f7618bac19c0ff	BANK		20141224230000				n	5000/100	5000/100	1970-01-01 01:00:00 +0100
B	69234987198d7d0b8c05cd8a7e087fed	ef9b052c4fbb329b16cc9ae403db9706	2019-02-24 12:06:34 +0100	2019-02-24 12:05:24 +0100	2014-12-25 22:34:42 +0100	8b0903dc96f74745a520aba3fab992be	ASSET		20141224230000				n	-5000/100	-5000/100	2014-12-27 23:59:59 +0100
===== END
===== START
C	69234987198d7d0b8c05cd8a7e087fed	6258e686e173f5bc08e0a136ea043192	2019-02-24 12:06:34 +0100	2019-02-24 12:05:24 +0100	2014-12-25 22:34:42 +0100	21ba82a3c78e49ef89f7618bac19c0ff	BANK		20141224230000				n	5000/100	5000/100	1970-01-01 01:00:00 +0100
C	69234987198d7d0b8c05cd8a7e087fed	ef9b052c4fbb329b16cc9ae403db9706	2019-02-24 12:06:34 +0100	2019-02-24 12:05:24 +0100	2014-12-25 22:34:42 +0100	8b0903dc96f74745a520aba3fab992be	ASSET		20141224230000				n	-5000/100	-5000/100	2014-12-27 23:59:59 +0100
===== END
===== START
B	ddfa526220f1f7bc5355a00d56fa1ce3	170e9400a0b6eaa189a54139703b06cd	2019-02-24 12:06:34 +0100	2019-02-24 12:05:24 +0100	2014-12-25 22:34:53 +0100	03bdf330547f4e95ab644993e569a0de	CASH		20141224230000				n	5000/100	5000/100	1970-01-01 01:00:00 +0100
B	ddfa526220f1f7bc5355a00d56fa1ce3	0c5c8a81c616562b42f9de6ce099f0e4	2019-02-24 12:06:34 +0100	2019-02-24 12:05:24 +0100	2014-12-25 22:34:53 +0100	8b0903dc96f74745a520aba3fab992be	ASSET		20141224230000				n	-5000/100	-5000/100	2014-12-27 23:59:59 +0100
===== END
===== START
C	ddfa526220f1f7bc5355a00d56fa1ce3	170e9400a0b6eaa189a54139703b06cd	2019-02-24 12:06:34 +0100	2019-02-24 12:05:24 +0100	2014-12-25 22:34:53 +0100	03bdf330547f4e95ab644993e569a0de	CASH		20141224230000				n	5000/100	5000/100	1970-01-01 01:00:00 +0100
C	ddfa526220f1f7bc5355a00d56fa1ce3	0c5c8a81c616562b42f9de6ce099f0e4	2019-02-24 12:06:34 +0100	2019-02-24 12:05:24 +0100	2014-12-25 22:34:53 +0100	8b0903dc96f74745a520aba3fab992be	ASSET		20141224230000				n	-5000/100	-5000/100	2014-12-27 23:59:59 +0100
===== END
===== START
B	efc37d5511a7f9f615a35278b5812f26	d62754990e6cf7ccdc7f30f5236d04a6	2019-02-24 12:06:34 +0100	2019-02-24 12:05:24 +0100	2014-12-25 22:35:07 +0100	8b0903dc96f74745a520aba3fab992be	ASSET		20141224230000				n	5000/100	5000/100	2014-12-27 23:59:59 +0100
B	efc37d5511a7f9f615a35278b5812f26	feb8f1d0dd60405f03e176879d9751cc	2019-02-24 12:06:34 +0100	2019-02-24 12:05:24 +0100	2014-12-25 22:35:07 +0100	78124a43c0824ac5be8bf238e8fe828d	CREDIT		20141224230000				n	-5000/100	-5000/100	1970-01-01 01:00:00 +0100
===== END
===== START
C	efc37d5511a7f9f615a35278b5812f26	d62754990e6cf7ccdc7f30f5236d04a6	2019-02-24 12:06:34 +0100	2019-02-24 12:05:24 +0100	2014-12-25 22:35:07 +0100	8b0903dc96f74745a520aba3fab992be	ASSET		20141224230000				n	5000/100	5000/100	2014-12-27 23:59:59 +0100
C	efc37d5511a7f9f615a35278b5812f26	feb8f1d0dd60405f03e176879d9751cc	2019-02-24 12:06:34 +0100	2019-02-24 12:05:24 +0100	2014-12-25 22:35:07 +0100	78124a43c0824ac5be8bf238e8fe828d	CREDIT		20141224230000				n	-5000/100	-5000/100	1970-01-01 01:00:00 +0100
===== END
===== START
B	07c346ffaf07b1f189eafab079292dd1	773c56870290e740028f102cc690cab9	2019-02-24 12:06:34 +0100	2019-02-24 12:05:24 +0100	2014-12-25 22:35:36 +0100	d77da9560bb84cb885aa22bd2b7d3be6	EXPENSE		20141224230000				n	5000/100	5000/100	1970-01-01 01:00:00 +0100
B	07c346ffaf07b1f189eafab079292dd1	70feb0a49a38bcfc2b3e202a951ac357	2019-02-24 12:06:34 +0100	2019-02-24 12:05:24 +0100	2014-12-25 22:35:36 +0100	8b0903dc96f74745a520aba3fab992be	ASSET		20141224230000				n	-5000/100	-5000/100	2014-12-27 23:59:59 +0100
===== END
===== START
C	07c346ffaf07b1f189eafab079292dd1	773c56870290e740028f102cc690cab9	2019-02-24 12:06:34 +0100	2019-02-24 12:05:24 +0100	2014-12-25 22:35:36 +0100	d77da9560bb84cb885aa22bd2b7d3be6	EXPENSE		20141224230000				n	5000/100	5000/100	1970-01-01 01:00:00 +0100
C	07c346ffaf07b1f189eafab079292dd1	70feb0a49a38bcfc2b3e202a951ac357	2019-02-24 12:06:34 +0100	2019-02-24 12:05:24 +0100	2014-12-25 22:35:36 +0100	8b0903dc96f74745a520aba3fab992be	ASSET		20141224230000				n	-5000/100	-5000/100	2014-12-27 23:59:59 +0100
===== END
===== START
B	7645f743819f47021637551a306266cc	5ba384458fd1b0a5b42961b4fed1e044	2019-02-24 12:06:34 +0100	2019-02-24 12:05:24 +0100	2014-12-25 22:35:54 +0100	8b0903dc96f74745a520aba3fab992be	ASSET		20141224230000				n	5000/100	5000/100	2014-12-27 23:59:59 +0100
B	7645f743819f47021637551a306266cc	9d16c62df4c958ad728ad4654a96903b	2019-02-24 12:06:34 +0100	2019-02-24 12:05:24 +0100	2014-12-25 22:35:54 +0100	55dfbe5eb1f7462d89bfbe6f518135aa	INCOME		20141224230000				n	-5000/100	-5000/100	1970-01-01 01:00:00 +0100
===== END
===== START
C	7645f743819f47021637551a306266cc	5ba384458fd1b0a5b42961b4fed1e044	2019-02-24 12:06:34 +0100	2019-02-24 12:05:24 +0100	2014-12-25 22:35:54 +0100	8b0903dc96f74745a520aba3fab992be	ASSET		20141224230000				n	5000/100	5000/100	2014-12-27 23:59:59 +0100
C	7645f743819f47021637551a306266cc	9d16c62df4c958ad728ad4654a96903b	2019-02-24 12:06:34 +0100	2019-02-24 12:05:24 +0100	2014-12-25 22:35:54 +0100	55dfbe5eb1f7462d89bfbe6f518135aa	INCOME		20141224230000				n	-5000/100	-5000/100	1970-01-01 01:00:00 +0100
===== END
===== START
B	97e5afde76d0198daa5e54e4a5a6f7ff	a3cead04f60ab71ba074d5526ebe7957	2019-02-24 12:06:34 +0100	2019-02-24 12:05:24 +0100	2014-12-25 22:35:59 +0100	8b0903dc96f74745a520aba3fab992be	ASSET		20141224230000				n	5000/100	5000/100	2014-12-27 23:59:59 +0100
B	97e5afde76d0198daa5e54e4a5a6f7ff	d3d5d7b6a27189ffb510dbc1463e2a54	2019-02-24 12:06:34 +0100	2019-02-24 12:05:24 +0100	2014-12-25 22:35:59 +0100	63adba208adb400eb38f53c08f484697	LIABILITY		20141224230000				n	-5000/100	-5000/100	1970-01-01 01:00:00 +0100
===== END
===== START
C	97e5afde76d0198daa5e54e4a5a6f7ff	a3cead04f60ab71ba074d5526ebe7957	2019-02-24 12:06:34 +0100	2019-02-24 12:05:24 +0100	2014-12-25 22:35:59 +0100	8b0903dc96f74745a520aba3fab992be	ASSET		20141224230000				n	5000/100	5000/100	2014-12-27 23:59:59 +0100
C	97e5afde76d0198daa5e54e4a5a6f7ff	d3d5d7b6a27189ffb510dbc1463e2a54	2019-02-24 12:06:34 +0100	2019-02-24 12:05:24 +0100	2014-12-25 22:35:59 +0100	63adba208adb400eb38f53c08f484697	LIABILITY		20141224230000				n	-5000/100	-5000/100	1970-01-01 01:00:00 +0100
===== END
===== START
B	c5a5af09b8807c6673bce836cf629e3b	5286d82bc1ac6cba7def18da4a8762cd	2019-02-24 12:06:34 +0100	2019-02-24 12:05:24 +0100	2014-12-25 22:36:06 +0100	03f4d5f6151649ae93e1d0c90d754e4e	MUTUAL		20141224230000				n	5000/100	5000/100	1970-01-01 01:00:00 +0100
B	c5a5af09b8807c6673bce836cf629e3b	3fc9a9a1abd3e9c94cd85d1de6f6c74f	2019-02-24 12:06:34 +0100	2019-02-24 12:05:24 +0100	2014-12-25 22:36:06 +0100	8b0903dc96f74745a520aba3fab992be	ASSET		20141224230000				n	-5000/100	-5000/100	2014-12-27 23:59:59 +0100
===== END
===== START
C	c5a5af09b8807c6673bce836cf629e3b	5286d82bc1ac6cba7def18da4a8762cd	2019-02-24 12:06:34 +0100	2019-02-24 12:05:24 +0100	2014-12-25 22:36:06 +0100	03f4d5f6151649ae93e1d0c90d754e4e	MUTUAL		20141224230000				n	5000/100	5000/100	1970-01-01 01:00:00 +0100
C	c5a5af09b8807c6673bce836cf629e3b	3fc9a9a1abd3e9c94cd85d1de6f6c74f	2019-02-24 12:06:34 +0100	2019-02-24 12:05:24 +0100	2014-12-25 22:36:06 +0100	8b0903dc96f74745a520aba3fab992be	ASSET		20141224230000				n	-5000/100	-5000/100	2014-12-27 23:59:59 +0100
===== END
===== START
B	ddf24eb9ee645819b26c3044f6edc9e6	362c6e2e9751b537674e27f8e9bb18fb	2019-02-24 12:06:34 +0100	2019-02-24 12:05:24 +0100	2014-12-25 22:36:15 +0100	8b0903dc96f74745a520aba3fab992be	ASSET		20141224230000				n	5000/100	5000/100	2014-12-27 23:59:59 +0100
B	ddf24eb9ee645819b26c3044f6edc9e6	74d6282b82b9059a73a62f101f13dd0f	2019-02-24 12:06:34 +0100	2019-02-24 12:05:24 +0100	2014-12-25 22:36:15 +0100	27d0d85c631345cb950bc7b0162346e4	PAYABLE		20141224230000				n	-5000/100	-5000/100	1970-01-01 01:00:00 +0100
===== END
===== START
C	ddf24eb9ee645819b26c3044f6edc9e6	362c6e2e9751b537674e27f8e9bb18fb	2019-02-24 12:06:34 +0100	2019-02-24 12:05:24 +0100	2014-12-25 22:36:15 +0100	8b0903dc96f74745a520aba3fab992be	ASSET		20141224230000				n	5000/100	5000/100	2014-12-27 23:59:59 +0100
C	ddf24eb9ee645819b26c3044f6edc9e6	74d6282b82b9059a73a62f101f13dd0f	2019-02-24 12:06:34 +0100	2019-02-24 12:05:24 +0100	2014-12-25 22:36:15 +0100	27d0d85c631345cb950bc7b0162346e4	PAYABLE		20141224230000				n	-5000/100	-5000/100	1970-01-01 01:00:00 +0100
===== END
===== START
B	74b779f8e370356a10468175f8097844	9abb35c1cc6021e43eb493e4f9ef5a75	2019-02-24 12:06:34 +0100	2019-02-24 12:05:24 +0100	2014-12-25 22:36:20 +0100	f851267f59944684b2e4246cf190e851	RECEIVABLE		20141224230000				n	5000/100	5000/100	1970-01-01 01:00:00 +0100
B	74b779f8e370356a10468175f8097844	621888786aa8a76f95bcf2ff48b606f2	2019-02-24 12:06:34 +0100	2019-02-24 12:05:24 +0100	2014-12-25 22:36:20 +0100	8b0903dc96f74745a520aba3fab992be	ASSET		20141224230000				n	-5000/100	-5000/100	2014-12-27 23:59:59 +0100
===== END
===== START
C	74b779f8e370356a10468175f8097844	9abb35c1cc6021e43eb493e4f9ef5a75	2019-02-24 12:06:34 +0100	2019-02-24 12:05:24 +0100	2014-12-25 22:36:20 +0100	f851267f59944684b2e4246cf190e851	RECEIVABLE		20141224230000				n	5000/100	5000/100	1970-01-01 01:00:00 +0100
C	74b779f8e370356a10468175f8097844	621888786aa8a76f95bcf2ff48b606f2	2019-02-24 12:06:34 +0100	2019-02-24 12:05:24 +0100	2014-12-25 22:36:20 +0100	8b0903dc96f74745a520aba3fab992be	ASSET		20141224230000				n	-5000/100	-5000/100	2014-12-27 23:59:59 +0100
===== END
===== START
B	374a6fc39da6f1b5ec422b5df1a756a1	5e53b3a645bc90c5f4cef62ec2195ff2	2019-02-24 12:06:34 +0100	2019-02-24 12:05:24 +0100	2014-12-25 22:36:25 +0100	6717aaeaf56d4c4d9df22aed62b34038	STOCK		20141224230000				n	500000/10000	5000/100	1970-01-01 01:00:00 +0100
B	374a6fc39da6f1b5ec422b5df1a756a1	23608208052ded42b8605c57cb24657e	2019-02-24 12:06:34 +0100	2019-02-24 12:05:24 +0100	2014-12-25 22:36:25 +0100	8b0903dc96f74745a520aba3fab992be	ASSET		20141224230000				n	-5000/100	-5000/100	2014-12-27 23:59:59 +0100
===== END
===== START
C	374a6fc39da6f1b5ec422b5df1a756a1	5e53b3a645bc90c5f4cef62ec2195ff2	2019-02-24 12:06:34 +0100	2019-02-24 12:05:24 +0100	2014-12-25 22:36:25 +0100	6717aaeaf56d4c4d9df22aed62b34038	STOCK		20141224230000				n	500000/10000	5000/100	1970-01-01 01:00:00 +0100
C	374a6fc39da6f1b5ec422b5df1a756a1	23608208052ded42b8605c57cb24657e	2019-02-24 12:06:34 +0100	2019-02-24 12:05:24 +0100	2014-12-25 22:36:25 +0100	8b0903dc96f74745a520aba3fab992be	ASSET		20141224230000				n	-5000/100	-5000/100	2014-12-27 23:59:59 +0100
===== END
===== START
B	681b3adfbefafc044d54f8f3e2fa8aa4	240d889b51b80b2782a1fdb25d61b426	2019-02-24 12:06:35 +0100	2019-02-24 12:05:24 +0100	2014-12-25 22:36:57 +0100	e875d9a3b0f9790713b41804ad45883d	Imbalance-EUR		20141224230000				n	5000/100	5000/100	1970-01-01 01:00:00 +0100
B	681b3adfbefafc044d54f8f3e2fa8aa4	5b3ace2d74a71b206f443f38d6d7d84b	2019-02-24 12:06:35 +0100	2019-02-24 12:05:24 +0100	2014-12-25 22:36:57 +0100	8b0903dc96f74745a520aba3fab992be	ASSET		20141224230000				n	-5000/100	-5000/100	2014-12-27 23:59:59 +0100
===== END
===== START
C	681b3adfbefafc044d54f8f3e2fa8aa4	240d889b51b80b2782a1fdb25d61b426	2019-02-24 12:06:35 +0100	2019-02-24 12:05:24 +0100	2014-12-25 22:36:57 +0100	e875d9a3b0f9790713b41804ad45883d	Imbalance-EUR		20141224230000				n	5000/100	5000/100	1970-01-01 01:00:00 +0100
C	681b3adfbefafc044d54f8f3e2fa8aa4	5b3ace2d74a71b206f443f38d6d7d84b	2019-02-24 12:06:35 +0100	2019-02-24 12:05:24 +0100	2014-12-25 22:36:57 +0100	8b0903dc96f74745a520aba3fab992be	ASSET		20141224230000				n	-5000/100	-5000/100	2014-12-27 23:59:59 +0100
===== END
===== START
B	6a00d3e867018af7f92790d58214f62a	4769df6d2fe37d411c64e6479e4025e8	2019-02-24 12:06:35 +0100	2019-02-24 12:05:24 +0100	2014-12-26 08:30:04 +0100	8b0903dc96f74745a520aba3fab992be	ASSET		20141225230000				n	0/100	0/100	2014-12-27 23:59:59 +0100
===== END
===== START
C	6a00d3e867018af7f92790d58214f62a	4769df6d2fe37d411c64e6479e4025e8	2019-02-24 12:06:35 +0100	2019-02-24 12:05:24 +0100	2014-12-26 08:30:04 +0100	8b0903dc96f74745a520aba3fab992be	ASSET		20141225230000				n	0/100	0/100	2014-12-27 23:59:59 +0100
===== END
===== START
B	ddf24eb9ee645819b26c3044f6edc9e6	362c6e2e9751b537674e27f8e9bb18fb	2019-02-24 12:06:35 +0100	2019-02-24 12:05:24 +0100	2014-12-25 22:36:15 +0100	8b0903dc96f74745a520aba3fab992be	ASSET		20141224230000				n	5000/100	5000/100	2014-12-27 23:59:59 +0100
B	ddf24eb9ee645819b26c3044f6edc9e6	74d6282b82b9059a73a62f101f13dd0f	2019-02-24 12:06:35 +0100	2019-02-24 12:05:24 +0100	2014-12-25 22:36:15 +0100	27d0d85c631345cb950bc7b0162346e4	PAYABLE		20141224230000				n	-5000/100	-5000/100	1970-01-01 01:00:00 +0100
===== END
===== START
C	ddf24eb9ee645819b26c3044f6edc9e6	362c6e2e9751b537674e27f8e9bb18fb	2019-02-24 12:06:35 +0100	2019-02-24 12:05:24 +0100	2014-12-25 22:36:15 +0100	8b0903dc96f74745a520aba3fab992be	ASSET		20141224230000				n	5000/100	5000/100	2014-12-27 23:59:59 +0100
C	ddf24eb9ee645819b26c3044f6edc9e6	74d6282b82b9059a73a62f101f13dd0f	2019-02-24 12:06:35 +0100	2019-02-24 12:05:24 +0100	2014-12-25 22:36:15 +0100	27d0d85c631345cb950bc7b0162346e4	PAYABLE		20141224230000				n	-5000/100	-5000/100	1970-01-01 01:00:00 +0100
===== END
===== START
B	6815665e309a8371853388c09846db1f	0b0f5388571213c1017b92f0f36391db	2019-02-24 12:06:35 +0100	2019-02-24 12:05:24 +0100	2014-12-25 22:34:21 +0100	8b0903dc96f74745a520aba3fab992be	ASSET		20141224230000				n	50000/100	50000/100	2014-12-27 23:59:59 +0100
B	6815665e309a8371853388c09846db1f	637e33f960dea964c43e610a592cfb23	2019-02-24 12:06:35 +0100	2019-02-24 12:05:24 +0100	2014-12-25 22:34:21 +0100	ed9cbce0bcec4179a203b0d9c3cb9d2b	EQUITY		20141224230000				n	-50000/100	-50000/100	1970-01-01 01:00:00 +0100
===== END
===== START
C	6815665e309a8371853388c09846db1f	0b0f5388571213c1017b92f0f36391db	2019-02-24 12:06:35 +0100	2019-02-24 12:05:24 +0100	2014-12-25 22:34:21 +0100	8b0903dc96f74745a520aba3fab992be	ASSET		20141224230000				n	50000/100	50000/100	2014-12-27 23:59:59 +0100
C	6815665e309a8371853388c09846db1f	637e33f960dea964c43e610a592cfb23	2019-02-24 12:06:35 +0100	2019-02-24 12:05:24 +0100	2014-12-25 22:34:21 +0100	ed9cbce0bcec4179a203b0d9c3cb9d2b	EQUITY		20141224230000				n	-50000/100	-50000/100	1970-01-01 01:00:00 +0100
===== END
===== START
B	74b779f8e370356a10468175f8097844	9abb35c1cc6021e43eb493e4f9ef5a75	2019-02-24 12:06:35 +0100	2019-02-24 12:05:24 +0100	2014-12-25 22:36:20 +0100	f851267f59944684b2e4246cf190e851	RECEIVABLE		20141224230000				n	5000/100	5000/100	1970-01-01 01:00:00 +0100
B	74b779f8e370356a10468175f8097844	621888786aa8a76f95bcf2ff48b606f2	2019-02-24 12:06:35 +0100	2019-02-24 12:05:24 +0100	2014-12-25 22:36:20 +0100	8b0903dc96f74745a520aba3fab992be	ASSET		20141224230000				n	-5000/100	-5000/100	2014-12-27 23:59:59 +0100
===== END
===== START
C	74b779f8e370356a10468175f8097844	9abb35c1cc6021e43eb493e4f9ef5a75	2019-02-24 12:06:35 +0100	2019-02-24 12:05:24 +0100	2014-12-25 22:36:20 +0100	f851267f59944684b2e4246cf190e851	RECEIVABLE		20141224230000				n	5000/100	5000/100	1970-01-01 01:00:00 +0100
C	74b779f8e370356a10468175f8097844	621888786aa8a76f95bcf2ff48b606f2	2019-02-24 12:06:35 +0100	2019-02-24 12:05:24 +0100	2014-12-25 22:36:20 +0100	8b0903dc96f74745a520aba3fab992be	ASSET		20141224230000				n	-5000/100	-5000/100	2014-12-27 23:59:59 +0100
===== END
===== START
B	681b3adfbefafc044d54f8f3e2fa8aa4	240d889b51b80b2782a1fdb25d61b426	2019-02-24 12:06:35 +0100	2019-02-24 12:05:24 +0100	2014-12-25 22:36:57 +0100	e875d9a3b0f9790713b41804ad45883d	Imbalance-EUR		20141224230000				n	5000/100	5000/100	1970-01-01 01:00:00 +0100
B	681b3adfbefafc044d54f8f3e2fa8aa4	5b3ace2d74a71b206f443f38d6d7d84b	2019-02-24 12:06:35 +0100	2019-02-24 12:05:24 +0100	2014-12-25 22:36:57 +0100	8b0903dc96f74745a520aba3fab992be	ASSET		20141224230000				n	-5000/100	-5000/100	2014-12-27 23:59:59 +0100
===== END
===== START
C	681b3adfbefafc044d54f8f3e2fa8aa4	240d889b51b80b2782a1fdb25d61b426	2019-02-24 12:06:35 +0100	2019-02-24 12:05:24 +0100	2014-12-25 22:36:57 +0100	e875d9a3b0f9790713b41804ad45883d	Imbalance-EUR		20141224230000				n	5000/100	5000/100	1970-01-01 01:00:00 +0100
C	681b3adfbefafc044d54f8f3e2fa8aa4	5b3ace2d74a71b206f443f38d6d7d84b	2019-02-24 12:06:35 +0100	2019-02-24 12:05:24 +0100	2014-12-25 22:36:57 +0100	8b0903dc96f74745a520aba3fab992be	ASSET		20141224230000				n	-5000/100	-5000/100	2014-12-27 23:59:59 +0100
===== END
