mod	trans_guid	split_guid	time_now	date_entered	date_posted	acc_guid	acc_name	num	description	notes	memo	action	reconciled	amount	value	date_reconciled
-----------------
===== START
B	78bbd2b8787abad546673a935cfff888	2924913c4696e8ddf35e04ccfb130186	2019-04-23 19:04:49	2018-02-13 05:58:09	2018-02-13 10:59:00	5260038eed41cc84116360b19317a69d	aabdb9ca8bd321441e3e1c0961949dd3		FooDesc	BazNote			n	0/1	0/100	1970-01-01 00:00:00
B	78bbd2b8787abad546673a935cfff888	19240ee86505cb5f83bb2be7fe8c5226	2019-04-23 19:04:49	2018-02-13 05:58:09	2018-02-13 10:59:00	5260038eed41cc84116360b19317a69d	aabdb9ca8bd321441e3e1c0961949dd3		FooDesc	BazNote			n	0/1	0/100	1970-01-01 00:00:00
B	78bbd2b8787abad546673a935cfff888	5098d349c823e527311df21216845a09	2019-04-23 19:04:49	2018-02-13 05:58:09	2018-02-13 10:59:00	5260038eed41cc84116360b19317a69d	aabdb9ca8bd321441e3e1c0961949dd3		FooDesc	BazNote			n	0/1	0/100	1970-01-01 00:00:00
===== END
===== START
R	78bbd2b8787abad546673a935cfff888	2924913c4696e8ddf35e04ccfb130186	2019-04-23 19:04:49	2018-02-13 05:58:09	2018-02-13 10:59:00	5260038eed41cc84116360b19317a69d	aabdb9ca8bd321441e3e1c0961949dd3		FooDesc	BazNote			n	0/1	0/100	1970-01-01 00:00:00
R	78bbd2b8787abad546673a935cfff888	19240ee86505cb5f83bb2be7fe8c5226	2019-04-23 19:04:49	2018-02-13 05:58:09	2018-02-13 10:59:00	5260038eed41cc84116360b19317a69d	aabdb9ca8bd321441e3e1c0961949dd3		FooDesc	BazNote			n	0/1	0/100	1970-01-01 00:00:00
R	78bbd2b8787abad546673a935cfff888	5098d349c823e527311df21216845a09	2019-04-23 19:04:49	2018-02-13 05:58:09	2018-02-13 10:59:00	5260038eed41cc84116360b19317a69d	aabdb9ca8bd321441e3e1c0961949dd3		FooDesc	BazNote			n	0/1	0/100	1970-01-01 00:00:00
===== END
===== START
B	78bbd2b8787abad546673a935cfff888	2924913c4696e8ddf35e04ccfb130186	2019-04-23 19:04:49	2018-02-13 05:58:09	2018-02-13 10:59:00	5260038eed41cc84116360b19317a69d	aabdb9ca8bd321441e3e1c0961949dd3		FooDesc	BazNote			n	0/1	0/100	1970-01-01 00:00:00
B	78bbd2b8787abad546673a935cfff888	19240ee86505cb5f83bb2be7fe8c5226	2019-04-23 19:04:49	2018-02-13 05:58:09	2018-02-13 10:59:00	5260038eed41cc84116360b19317a69d	aabdb9ca8bd321441e3e1c0961949dd3		FooDesc	BazNote			n	0/1	0/100	1970-01-01 00:00:00
B	78bbd2b8787abad546673a935cfff888	5098d349c823e527311df21216845a09	2019-04-23 19:04:49	2018-02-13 05:58:09	2018-02-13 10:59:00	5260038eed41cc84116360b19317a69d	aabdb9ca8bd321441e3e1c0961949dd3		FooDesc	BazNote			n	0/1	0/100	1970-01-01 00:00:00
===== END
===== START
R	78bbd2b8787abad546673a935cfff888	2924913c4696e8ddf35e04ccfb130186	2019-04-23 19:04:49	2018-02-13 05:58:09	2018-02-13 10:59:00	5260038eed41cc84116360b19317a69d	aabdb9ca8bd321441e3e1c0961949dd3		FooDesc	BazNote			n	0/1	0/100	1970-01-01 00:00:00
R	78bbd2b8787abad546673a935cfff888	19240ee86505cb5f83bb2be7fe8c5226	2019-04-23 19:04:49	2018-02-13 05:58:09	2018-02-13 10:59:00	5260038eed41cc84116360b19317a69d	aabdb9ca8bd321441e3e1c0961949dd3		FooDesc	BazNote			n	0/1	0/100	1970-01-01 00:00:00
R	78bbd2b8787abad546673a935cfff888	5098d349c823e527311df21216845a09	2019-04-23 19:04:49	2018-02-13 05:58:09	2018-02-13 10:59:00	5260038eed41cc84116360b19317a69d	aabdb9ca8bd321441e3e1c0961949dd3		FooDesc	BazNote			n	0/1	0/100	1970-01-01 00:00:00
===== END
===== START
B	78bbd2b8787abad546673a935cfff888	2924913c4696e8ddf35e04ccfb130186	2019-04-23 19:04:49	2018-02-13 05:58:09	2018-02-13 10:59:00	5260038eed41cc84116360b19317a69d	aabdb9ca8bd321441e3e1c0961949dd3		FooDesc	BazNote			n	0/1	0/100	1970-01-01 00:00:00
B	78bbd2b8787abad546673a935cfff888	19240ee86505cb5f83bb2be7fe8c5226	2019-04-23 19:04:49	2018-02-13 05:58:09	2018-02-13 10:59:00	5260038eed41cc84116360b19317a69d	aabdb9ca8bd321441e3e1c0961949dd3		FooDesc	BazNote			n	0/1	0/100	1970-01-01 00:00:00
B	78bbd2b8787abad546673a935cfff888	5098d349c823e527311df21216845a09	2019-04-23 19:04:49	2018-02-13 05:58:09	2018-02-13 10:59:00	5260038eed41cc84116360b19317a69d	aabdb9ca8bd321441e3e1c0961949dd3		FooDesc	BazNote			n	0/1	0/100	1970-01-01 00:00:00
===== END
===== START
R	78bbd2b8787abad546673a935cfff888	2924913c4696e8ddf35e04ccfb130186	2019-04-23 19:04:49	2018-02-13 05:58:09	2018-02-13 10:59:00	5260038eed41cc84116360b19317a69d	aabdb9ca8bd321441e3e1c0961949dd3		FooDesc	BazNote			n	0/1	0/100	1970-01-01 00:00:00
R	78bbd2b8787abad546673a935cfff888	19240ee86505cb5f83bb2be7fe8c5226	2019-04-23 19:04:49	2018-02-13 05:58:09	2018-02-13 10:59:00	5260038eed41cc84116360b19317a69d	aabdb9ca8bd321441e3e1c0961949dd3		FooDesc	BazNote			n	0/1	0/100	1970-01-01 00:00:00
R	78bbd2b8787abad546673a935cfff888	5098d349c823e527311df21216845a09	2019-04-23 19:04:49	2018-02-13 05:58:09	2018-02-13 10:59:00	5260038eed41cc84116360b19317a69d	aabdb9ca8bd321441e3e1c0961949dd3		FooDesc	BazNote			n	0/1	0/100	1970-01-01 00:00:00
===== END
===== START
===== END
===== START
D	dc9e50ad16c3420faf6eddc67b129494	f7d06a64f4b24a5c82cb2804174bc17a	2019-04-23 19:05:13	2019-04-23 19:05:13	2019-04-23 10:59:00								n	0/1	0/100	1970-01-01 00:00:00
===== END
===== START
===== END
===== START
C	2a01e48516324f9a8ba97ae9341b5f61	8af6032d4ef7446882d4cc1cc1dff859	2019-04-23 19:05:32	2019-04-23 19:05:32	2019-04-23 10:59:00	131177cb42fd8ba65b197fb0b15f937c	Salary		my revenue				n	-100000/100	-100000/100	1970-01-01 00:00:00
C	2a01e48516324f9a8ba97ae9341b5f61	58a5112422d04b6881f9d84e90cdb815	2019-04-23 19:05:32	2019-04-23 19:05:32	2019-04-23 10:59:00	25c29cd905476d9f6db2d54c8d869214	Checking Account		my revenue				n	100000/100	100000/100	1970-01-01 00:00:00
===== END
===== START
===== END
===== START
===== END
===== START
===== END
===== START
===== END
===== START
C	fb20c6e52e574d29987338d2548fa575	be545777517e42b2adfa7fb1fb1945fc	2019-04-23 19:20:19	2019-04-23 19:20:19	2019-04-23 10:59:00	3b66a760309a2db2a4dc03760fb3558b	Books		Computer				n	10000/100	10000/100	1970-01-01 00:00:00
C	fb20c6e52e574d29987338d2548fa575	17e3eac889534b4d9cf8a4016d4c7a1e	2019-04-23 19:20:19	2019-04-23 19:20:19	2019-04-23 10:59:00	25c29cd905476d9f6db2d54c8d869214	Checking Account		Computer				n	-10000/100	-10000/100	1970-01-01 00:00:00
===== END
===== START
===== END
===== START
D	4929372561f44cb3aed91fbe10772125	f968e8b440da47ff83dea3906640da3f	2019-04-23 19:32:21	2019-04-23 19:32:21	2019-04-23 10:59:00								n	0/1	0/100	1970-01-01 00:00:00
===== END
===== START
D	28c040727a24441d87cfe86c04affe0f	a1b248ead516410b8d3d551ba232ccef	2019-04-23 19:32:21	2019-04-23 19:32:21	2019-04-23 10:59:00								n	0/1	0/100	1970-01-01 00:00:00
===== END
===== START
D	f709fb1c478f4e5880612ecfca488bb6	e65a13c208a24b20ab3d2c47cbc5db11	2019-04-23 19:32:21	2019-04-23 19:32:21	2019-04-23 10:59:00								n	0/1	0/100	1970-01-01 00:00:00
===== END
===== START
D	44698b0569e94c788aaaaf1652f65a98	0ec0921a95c045f3a94acf6e35dc048a	2019-04-23 19:32:21	2019-04-23 19:32:21	2019-04-23 10:59:00								n	0/1	0/100	1970-01-01 00:00:00
===== END
