mod	trans_guid	split_guid	time_now	date_entered	date_posted	acc_guid	acc_name	num	description	notes	memo	action	reconciled	amount	value	date_reconciled
-----------------
===== START
B	945bbf4d518fbac1ff2c94aa497193ba	760868286c8272cfe1cfdd73b0d75799	2019-04-24 06:12:39	2015-01-03 08:18:13	2015-01-02 23:00:00	bd1eb6e9685d82eab598d059d1b30043	37c29195dfe40a85c18572c59b247811		Monthly utility bill	Automatic wire transfer			n	0/1	0/100	1970-01-01 00:00:00
B	945bbf4d518fbac1ff2c94aa497193ba	4df70e2d031c3ca73f0fc124d2781afb	2019-04-24 06:12:39	2015-01-03 08:18:13	2015-01-02 23:00:00	bd1eb6e9685d82eab598d059d1b30043	37c29195dfe40a85c18572c59b247811		Monthly utility bill	Automatic wire transfer			n	0/1	0/100	1970-01-01 00:00:00
B	945bbf4d518fbac1ff2c94aa497193ba	c3f91c5fc4365e48ad05d3bb838e8c54	2019-04-24 06:12:39	2015-01-03 08:18:13	2015-01-02 23:00:00	bd1eb6e9685d82eab598d059d1b30043	37c29195dfe40a85c18572c59b247811		Monthly utility bill	Automatic wire transfer			n	0/1	0/100	1970-01-01 00:00:00
===== END
===== START
R	945bbf4d518fbac1ff2c94aa497193ba	760868286c8272cfe1cfdd73b0d75799	2019-04-24 06:12:39	2015-01-03 08:18:13	2015-01-02 23:00:00	bd1eb6e9685d82eab598d059d1b30043	37c29195dfe40a85c18572c59b247811		Monthly utility bill	Automatic wire transfer			n	0/1	0/100	1970-01-01 00:00:00
R	945bbf4d518fbac1ff2c94aa497193ba	4df70e2d031c3ca73f0fc124d2781afb	2019-04-24 06:12:39	2015-01-03 08:18:13	2015-01-02 23:00:00	bd1eb6e9685d82eab598d059d1b30043	37c29195dfe40a85c18572c59b247811		Monthly utility bill	Automatic wire transfer			n	0/1	0/100	1970-01-01 00:00:00
R	945bbf4d518fbac1ff2c94aa497193ba	c3f91c5fc4365e48ad05d3bb838e8c54	2019-04-24 06:12:39	2015-01-03 08:18:13	2015-01-02 23:00:00	bd1eb6e9685d82eab598d059d1b30043	37c29195dfe40a85c18572c59b247811		Monthly utility bill	Automatic wire transfer			n	0/1	0/100	1970-01-01 00:00:00
===== END
===== START
B	945bbf4d518fbac1ff2c94aa497193ba	760868286c8272cfe1cfdd73b0d75799	2019-04-24 06:12:39	2015-01-03 08:18:13	2015-01-02 23:00:00	bd1eb6e9685d82eab598d059d1b30043	37c29195dfe40a85c18572c59b247811		Monthly utility bill	Automatic wire transfer			n	0/1	0/100	1970-01-01 00:00:00
B	945bbf4d518fbac1ff2c94aa497193ba	4df70e2d031c3ca73f0fc124d2781afb	2019-04-24 06:12:39	2015-01-03 08:18:13	2015-01-02 23:00:00	bd1eb6e9685d82eab598d059d1b30043	37c29195dfe40a85c18572c59b247811		Monthly utility bill	Automatic wire transfer			n	0/1	0/100	1970-01-01 00:00:00
B	945bbf4d518fbac1ff2c94aa497193ba	c3f91c5fc4365e48ad05d3bb838e8c54	2019-04-24 06:12:39	2015-01-03 08:18:13	2015-01-02 23:00:00	bd1eb6e9685d82eab598d059d1b30043	37c29195dfe40a85c18572c59b247811		Monthly utility bill	Automatic wire transfer			n	0/1	0/100	1970-01-01 00:00:00
===== END
===== START
R	945bbf4d518fbac1ff2c94aa497193ba	760868286c8272cfe1cfdd73b0d75799	2019-04-24 06:12:39	2015-01-03 08:18:13	2015-01-02 23:00:00	bd1eb6e9685d82eab598d059d1b30043	37c29195dfe40a85c18572c59b247811		Monthly utility bill	Automatic wire transfer			n	0/1	0/100	1970-01-01 00:00:00
R	945bbf4d518fbac1ff2c94aa497193ba	4df70e2d031c3ca73f0fc124d2781afb	2019-04-24 06:12:39	2015-01-03 08:18:13	2015-01-02 23:00:00	bd1eb6e9685d82eab598d059d1b30043	37c29195dfe40a85c18572c59b247811		Monthly utility bill	Automatic wire transfer			n	0/1	0/100	1970-01-01 00:00:00
R	945bbf4d518fbac1ff2c94aa497193ba	c3f91c5fc4365e48ad05d3bb838e8c54	2019-04-24 06:12:39	2015-01-03 08:18:13	2015-01-02 23:00:00	bd1eb6e9685d82eab598d059d1b30043	37c29195dfe40a85c18572c59b247811		Monthly utility bill	Automatic wire transfer			n	0/1	0/100	1970-01-01 00:00:00
===== END
===== START
B	945bbf4d518fbac1ff2c94aa497193ba	760868286c8272cfe1cfdd73b0d75799	2019-04-24 06:12:39	2015-01-03 08:18:13	2015-01-02 23:00:00	bd1eb6e9685d82eab598d059d1b30043	37c29195dfe40a85c18572c59b247811		Monthly utility bill	Automatic wire transfer			n	0/1	0/100	1970-01-01 00:00:00
B	945bbf4d518fbac1ff2c94aa497193ba	4df70e2d031c3ca73f0fc124d2781afb	2019-04-24 06:12:39	2015-01-03 08:18:13	2015-01-02 23:00:00	bd1eb6e9685d82eab598d059d1b30043	37c29195dfe40a85c18572c59b247811		Monthly utility bill	Automatic wire transfer			n	0/1	0/100	1970-01-01 00:00:00
B	945bbf4d518fbac1ff2c94aa497193ba	c3f91c5fc4365e48ad05d3bb838e8c54	2019-04-24 06:12:39	2015-01-03 08:18:13	2015-01-02 23:00:00	bd1eb6e9685d82eab598d059d1b30043	37c29195dfe40a85c18572c59b247811		Monthly utility bill	Automatic wire transfer			n	0/1	0/100	1970-01-01 00:00:00
===== END
===== START
R	945bbf4d518fbac1ff2c94aa497193ba	760868286c8272cfe1cfdd73b0d75799	2019-04-24 06:12:39	2015-01-03 08:18:13	2015-01-02 23:00:00	bd1eb6e9685d82eab598d059d1b30043	37c29195dfe40a85c18572c59b247811		Monthly utility bill	Automatic wire transfer			n	0/1	0/100	1970-01-01 00:00:00
R	945bbf4d518fbac1ff2c94aa497193ba	4df70e2d031c3ca73f0fc124d2781afb	2019-04-24 06:12:39	2015-01-03 08:18:13	2015-01-02 23:00:00	bd1eb6e9685d82eab598d059d1b30043	37c29195dfe40a85c18572c59b247811		Monthly utility bill	Automatic wire transfer			n	0/1	0/100	1970-01-01 00:00:00
R	945bbf4d518fbac1ff2c94aa497193ba	c3f91c5fc4365e48ad05d3bb838e8c54	2019-04-24 06:12:39	2015-01-03 08:18:13	2015-01-02 23:00:00	bd1eb6e9685d82eab598d059d1b30043	37c29195dfe40a85c18572c59b247811		Monthly utility bill	Automatic wire transfer			n	0/1	0/100	1970-01-01 00:00:00
===== END
===== START
B	dbce30c426f675cef50b5f5b18967085	152d8b883abe1806fad98eefa02c7caf	2019-04-24 06:12:39	2015-01-03 08:22:48	2015-01-02 23:00:00	ef844b067ee85f24062505eff37cde84	eaed39aac85788b98e9a4e6faad18d72		Insurance				n	0/1	0/100	1970-01-01 00:00:00
B	dbce30c426f675cef50b5f5b18967085	d3eb4b7ff5b3b0f95a7387939bdc0312	2019-04-24 06:12:39	2015-01-03 08:22:48	2015-01-02 23:00:00	ef844b067ee85f24062505eff37cde84	eaed39aac85788b98e9a4e6faad18d72		Insurance				n	0/1	0/100	1970-01-01 00:00:00
===== END
===== START
R	dbce30c426f675cef50b5f5b18967085	152d8b883abe1806fad98eefa02c7caf	2019-04-24 06:12:39	2015-01-03 08:22:48	2015-01-02 23:00:00	ef844b067ee85f24062505eff37cde84	eaed39aac85788b98e9a4e6faad18d72		Insurance				n	0/1	0/100	1970-01-01 00:00:00
R	dbce30c426f675cef50b5f5b18967085	d3eb4b7ff5b3b0f95a7387939bdc0312	2019-04-24 06:12:39	2015-01-03 08:22:48	2015-01-02 23:00:00	ef844b067ee85f24062505eff37cde84	eaed39aac85788b98e9a4e6faad18d72		Insurance				n	0/1	0/100	1970-01-01 00:00:00
===== END
===== START
B	dbce30c426f675cef50b5f5b18967085	152d8b883abe1806fad98eefa02c7caf	2019-04-24 06:12:39	2015-01-03 08:22:48	2015-01-02 23:00:00	ef844b067ee85f24062505eff37cde84	eaed39aac85788b98e9a4e6faad18d72		Insurance				n	0/1	0/100	1970-01-01 00:00:00
B	dbce30c426f675cef50b5f5b18967085	d3eb4b7ff5b3b0f95a7387939bdc0312	2019-04-24 06:12:39	2015-01-03 08:22:48	2015-01-02 23:00:00	ef844b067ee85f24062505eff37cde84	eaed39aac85788b98e9a4e6faad18d72		Insurance				n	0/1	0/100	1970-01-01 00:00:00
===== END
===== START
R	dbce30c426f675cef50b5f5b18967085	152d8b883abe1806fad98eefa02c7caf	2019-04-24 06:12:39	2015-01-03 08:22:48	2015-01-02 23:00:00	ef844b067ee85f24062505eff37cde84	eaed39aac85788b98e9a4e6faad18d72		Insurance				n	0/1	0/100	1970-01-01 00:00:00
R	dbce30c426f675cef50b5f5b18967085	d3eb4b7ff5b3b0f95a7387939bdc0312	2019-04-24 06:12:39	2015-01-03 08:22:48	2015-01-02 23:00:00	ef844b067ee85f24062505eff37cde84	eaed39aac85788b98e9a4e6faad18d72		Insurance				n	0/1	0/100	1970-01-01 00:00:00
===== END
===== START
===== END
===== START
===== END
===== START
D	9477bdf4ee254a72a06022d77d7501c2	1c9ea59e6d0a46c9ae9c14a6b32ea678	2019-04-24 06:12:52	2019-04-24 06:12:52	2019-04-24 10:59:00								n	0/1	0/100	1970-01-01 00:00:00
===== END
===== START
D	dcd3b0446918412495d7158336cba1eb	c99164bb21324b1fb33fcffeb024fab0	2019-04-24 06:12:52	2019-04-24 06:12:52	2019-04-24 10:59:00								n	0/1	0/100	1970-01-01 00:00:00
===== END
