mod	trans_guid	split_guid	time_now	date_entered	date_posted	acc_guid	acc_name	num	description	notes	memo	action	reconciled	amount	value	date_reconciled
-----------------
===== START
B	78bbd2b8787abad546673a935cfff888	2924913c4696e8ddf35e04ccfb130186	2019-04-15 13:50:37	2018-02-13 05:58:09	2018-02-13 10:59:00	5260038eed41cc84116360b19317a69d	aabdb9ca8bd321441e3e1c0961949dd3		FooDesc	BazNote			n	0/1	0/100	1970-01-01 00:00:00
B	78bbd2b8787abad546673a935cfff888	19240ee86505cb5f83bb2be7fe8c5226	2019-04-15 13:50:37	2018-02-13 05:58:09	2018-02-13 10:59:00	5260038eed41cc84116360b19317a69d	aabdb9ca8bd321441e3e1c0961949dd3		FooDesc	BazNote			n	0/1	0/100	1970-01-01 00:00:00
B	78bbd2b8787abad546673a935cfff888	5098d349c823e527311df21216845a09	2019-04-15 13:50:37	2018-02-13 05:58:09	2018-02-13 10:59:00	5260038eed41cc84116360b19317a69d	aabdb9ca8bd321441e3e1c0961949dd3		FooDesc	BazNote			n	0/1	0/100	1970-01-01 00:00:00
===== END
===== START
R	78bbd2b8787abad546673a935cfff888	2924913c4696e8ddf35e04ccfb130186	2019-04-15 13:50:37	2018-02-13 05:58:09	2018-02-13 10:59:00	5260038eed41cc84116360b19317a69d	aabdb9ca8bd321441e3e1c0961949dd3		FooDesc	BazNote			n	0/1	0/100	1970-01-01 00:00:00
R	78bbd2b8787abad546673a935cfff888	19240ee86505cb5f83bb2be7fe8c5226	2019-04-15 13:50:37	2018-02-13 05:58:09	2018-02-13 10:59:00	5260038eed41cc84116360b19317a69d	aabdb9ca8bd321441e3e1c0961949dd3		FooDesc	BazNote			n	0/1	0/100	1970-01-01 00:00:00
R	78bbd2b8787abad546673a935cfff888	5098d349c823e527311df21216845a09	2019-04-15 13:50:37	2018-02-13 05:58:09	2018-02-13 10:59:00	5260038eed41cc84116360b19317a69d	aabdb9ca8bd321441e3e1c0961949dd3		FooDesc	BazNote			n	0/1	0/100	1970-01-01 00:00:00
===== END
===== START
B	78bbd2b8787abad546673a935cfff888	2924913c4696e8ddf35e04ccfb130186	2019-04-15 13:50:37	2018-02-13 05:58:09	2018-02-13 10:59:00	5260038eed41cc84116360b19317a69d	aabdb9ca8bd321441e3e1c0961949dd3		FooDesc	BazNote			n	0/1	0/100	1970-01-01 00:00:00
B	78bbd2b8787abad546673a935cfff888	19240ee86505cb5f83bb2be7fe8c5226	2019-04-15 13:50:37	2018-02-13 05:58:09	2018-02-13 10:59:00	5260038eed41cc84116360b19317a69d	aabdb9ca8bd321441e3e1c0961949dd3		FooDesc	BazNote			n	0/1	0/100	1970-01-01 00:00:00
B	78bbd2b8787abad546673a935cfff888	5098d349c823e527311df21216845a09	2019-04-15 13:50:37	2018-02-13 05:58:09	2018-02-13 10:59:00	5260038eed41cc84116360b19317a69d	aabdb9ca8bd321441e3e1c0961949dd3		FooDesc	BazNote			n	0/1	0/100	1970-01-01 00:00:00
===== END
===== START
R	78bbd2b8787abad546673a935cfff888	2924913c4696e8ddf35e04ccfb130186	2019-04-15 13:50:37	2018-02-13 05:58:09	2018-02-13 10:59:00	5260038eed41cc84116360b19317a69d	aabdb9ca8bd321441e3e1c0961949dd3		FooDesc	BazNote			n	0/1	0/100	1970-01-01 00:00:00
R	78bbd2b8787abad546673a935cfff888	19240ee86505cb5f83bb2be7fe8c5226	2019-04-15 13:50:37	2018-02-13 05:58:09	2018-02-13 10:59:00	5260038eed41cc84116360b19317a69d	aabdb9ca8bd321441e3e1c0961949dd3		FooDesc	BazNote			n	0/1	0/100	1970-01-01 00:00:00
R	78bbd2b8787abad546673a935cfff888	5098d349c823e527311df21216845a09	2019-04-15 13:50:37	2018-02-13 05:58:09	2018-02-13 10:59:00	5260038eed41cc84116360b19317a69d	aabdb9ca8bd321441e3e1c0961949dd3		FooDesc	BazNote			n	0/1	0/100	1970-01-01 00:00:00
===== END
===== START
B	78bbd2b8787abad546673a935cfff888	2924913c4696e8ddf35e04ccfb130186	2019-04-15 13:50:37	2018-02-13 05:58:09	2018-02-13 10:59:00	5260038eed41cc84116360b19317a69d	aabdb9ca8bd321441e3e1c0961949dd3		FooDesc	BazNote			n	0/1	0/100	1970-01-01 00:00:00
B	78bbd2b8787abad546673a935cfff888	19240ee86505cb5f83bb2be7fe8c5226	2019-04-15 13:50:37	2018-02-13 05:58:09	2018-02-13 10:59:00	5260038eed41cc84116360b19317a69d	aabdb9ca8bd321441e3e1c0961949dd3		FooDesc	BazNote			n	0/1	0/100	1970-01-01 00:00:00
B	78bbd2b8787abad546673a935cfff888	5098d349c823e527311df21216845a09	2019-04-15 13:50:37	2018-02-13 05:58:09	2018-02-13 10:59:00	5260038eed41cc84116360b19317a69d	aabdb9ca8bd321441e3e1c0961949dd3		FooDesc	BazNote			n	0/1	0/100	1970-01-01 00:00:00
===== END
===== START
R	78bbd2b8787abad546673a935cfff888	2924913c4696e8ddf35e04ccfb130186	2019-04-15 13:50:37	2018-02-13 05:58:09	2018-02-13 10:59:00	5260038eed41cc84116360b19317a69d	aabdb9ca8bd321441e3e1c0961949dd3		FooDesc	BazNote			n	0/1	0/100	1970-01-01 00:00:00
R	78bbd2b8787abad546673a935cfff888	19240ee86505cb5f83bb2be7fe8c5226	2019-04-15 13:50:37	2018-02-13 05:58:09	2018-02-13 10:59:00	5260038eed41cc84116360b19317a69d	aabdb9ca8bd321441e3e1c0961949dd3		FooDesc	BazNote			n	0/1	0/100	1970-01-01 00:00:00
R	78bbd2b8787abad546673a935cfff888	5098d349c823e527311df21216845a09	2019-04-15 13:50:37	2018-02-13 05:58:09	2018-02-13 10:59:00	5260038eed41cc84116360b19317a69d	aabdb9ca8bd321441e3e1c0961949dd3		FooDesc	BazNote			n	0/1	0/100	1970-01-01 00:00:00
===== END
===== START
===== END
===== START
===== END
===== START
C	b75dc175d628470c8995a4c3428c407f	43daabf2eeb64b1f89c2504c6fc6f41e	2019-04-15 13:50:39	2018-02-13 05:58:09	2018-02-13 10:59:00	5260038eed41cc84116360b19317a69d	aabdb9ca8bd321441e3e1c0961949dd3		FooDesc				n	0/1	0/100	1970-01-01 00:00:00
C	b75dc175d628470c8995a4c3428c407f	7a4ade597d6e4ef8ab298aba0c40885b	2019-04-15 13:50:39	2018-02-13 05:58:09	2018-02-13 10:59:00	5260038eed41cc84116360b19317a69d	aabdb9ca8bd321441e3e1c0961949dd3		FooDesc				n	0/1	0/100	1970-01-01 00:00:00
C	b75dc175d628470c8995a4c3428c407f	e583af93310b4164b2a3b164fc6edb02	2019-04-15 13:50:39	2018-02-13 05:58:09	2018-02-13 10:59:00	5260038eed41cc84116360b19317a69d	aabdb9ca8bd321441e3e1c0961949dd3		FooDesc				n	0/1	0/100	1970-01-01 00:00:00
===== END
===== START
B	b75dc175d628470c8995a4c3428c407f	43daabf2eeb64b1f89c2504c6fc6f41e	2019-04-15 13:50:39	2018-02-13 05:58:09	2018-02-13 10:59:00	5260038eed41cc84116360b19317a69d	aabdb9ca8bd321441e3e1c0961949dd3		FooDesc				n	0/1	0/100	1970-01-01 00:00:00
B	b75dc175d628470c8995a4c3428c407f	7a4ade597d6e4ef8ab298aba0c40885b	2019-04-15 13:50:39	2018-02-13 05:58:09	2018-02-13 10:59:00	5260038eed41cc84116360b19317a69d	aabdb9ca8bd321441e3e1c0961949dd3		FooDesc				n	0/1	0/100	1970-01-01 00:00:00
B	b75dc175d628470c8995a4c3428c407f	e583af93310b4164b2a3b164fc6edb02	2019-04-15 13:50:39	2018-02-13 05:58:09	2018-02-13 10:59:00	5260038eed41cc84116360b19317a69d	aabdb9ca8bd321441e3e1c0961949dd3		FooDesc				n	0/1	0/100	1970-01-01 00:00:00
===== END
===== START
C	b75dc175d628470c8995a4c3428c407f	43daabf2eeb64b1f89c2504c6fc6f41e	2019-04-15 13:50:39	2018-02-13 05:58:09	2018-04-01 10:59:00	a74cd01399ddc89450b6cfbe6a0b18b0	Cash in Wallet		FooDesc	BazNote			n	10000/100	10000/100	1970-01-01 00:00:00
C	b75dc175d628470c8995a4c3428c407f	7a4ade597d6e4ef8ab298aba0c40885b	2019-04-15 13:50:39	2018-02-13 05:58:09	2018-04-01 10:59:00	25c29cd905476d9f6db2d54c8d869214	Checking Account		FooDesc	BazNote			n	-2000/100	-2000/100	1970-01-01 00:00:00
C	b75dc175d628470c8995a4c3428c407f	e583af93310b4164b2a3b164fc6edb02	2019-04-15 13:50:39	2018-02-13 05:58:09	2018-04-01 10:59:00	9831dd46174e47a69d8d1a5f5d131ebf	Savings Account		FooDesc	BazNote			n	-8000/100	-8000/100	1970-01-01 00:00:00
===== END
===== START
===== END
===== START
C	51c845e594304a159133fac30e7a5999	febb0be12b034596b4e476d9e697855b	2019-04-15 13:50:39	2018-02-13 05:58:09	2018-02-13 10:59:00	5260038eed41cc84116360b19317a69d	aabdb9ca8bd321441e3e1c0961949dd3		FooDesc				n	0/1	0/100	1970-01-01 00:00:00
C	51c845e594304a159133fac30e7a5999	3eb60705959e477d9d7364be6fc6049d	2019-04-15 13:50:39	2018-02-13 05:58:09	2018-02-13 10:59:00	5260038eed41cc84116360b19317a69d	aabdb9ca8bd321441e3e1c0961949dd3		FooDesc				n	0/1	0/100	1970-01-01 00:00:00
C	51c845e594304a159133fac30e7a5999	b1969774229747a795deffe7f6b09230	2019-04-15 13:50:39	2018-02-13 05:58:09	2018-02-13 10:59:00	5260038eed41cc84116360b19317a69d	aabdb9ca8bd321441e3e1c0961949dd3		FooDesc				n	0/1	0/100	1970-01-01 00:00:00
===== END
===== START
B	51c845e594304a159133fac30e7a5999	febb0be12b034596b4e476d9e697855b	2019-04-15 13:50:39	2018-02-13 05:58:09	2018-02-13 10:59:00	5260038eed41cc84116360b19317a69d	aabdb9ca8bd321441e3e1c0961949dd3		FooDesc				n	0/1	0/100	1970-01-01 00:00:00
B	51c845e594304a159133fac30e7a5999	3eb60705959e477d9d7364be6fc6049d	2019-04-15 13:50:39	2018-02-13 05:58:09	2018-02-13 10:59:00	5260038eed41cc84116360b19317a69d	aabdb9ca8bd321441e3e1c0961949dd3		FooDesc				n	0/1	0/100	1970-01-01 00:00:00
B	51c845e594304a159133fac30e7a5999	b1969774229747a795deffe7f6b09230	2019-04-15 13:50:39	2018-02-13 05:58:09	2018-02-13 10:59:00	5260038eed41cc84116360b19317a69d	aabdb9ca8bd321441e3e1c0961949dd3		FooDesc				n	0/1	0/100	1970-01-01 00:00:00
===== END
===== START
C	51c845e594304a159133fac30e7a5999	febb0be12b034596b4e476d9e697855b	2019-04-15 13:50:39	2018-02-13 05:58:09	2018-05-01 10:59:00	a74cd01399ddc89450b6cfbe6a0b18b0	Cash in Wallet		FooDesc	BazNote			n	10000/100	10000/100	1970-01-01 00:00:00
C	51c845e594304a159133fac30e7a5999	3eb60705959e477d9d7364be6fc6049d	2019-04-15 13:50:39	2018-02-13 05:58:09	2018-05-01 10:59:00	25c29cd905476d9f6db2d54c8d869214	Checking Account		FooDesc	BazNote			n	-2000/100	-2000/100	1970-01-01 00:00:00
C	51c845e594304a159133fac30e7a5999	b1969774229747a795deffe7f6b09230	2019-04-15 13:50:39	2018-02-13 05:58:09	2018-05-01 10:59:00	9831dd46174e47a69d8d1a5f5d131ebf	Savings Account		FooDesc	BazNote			n	-8000/100	-8000/100	1970-01-01 00:00:00
===== END
===== START
===== END
===== START
C	b8e7c69f962846969e4006bbcadd4ce9	bc3e11a10c354e78a7d676e73cac654f	2019-04-15 13:50:39	2018-02-13 05:58:09	2018-02-13 10:59:00	5260038eed41cc84116360b19317a69d	aabdb9ca8bd321441e3e1c0961949dd3		FooDesc				n	0/1	0/100	1970-01-01 00:00:00
C	b8e7c69f962846969e4006bbcadd4ce9	55f44bdb8e32496f83db0f0179eac287	2019-04-15 13:50:39	2018-02-13 05:58:09	2018-02-13 10:59:00	5260038eed41cc84116360b19317a69d	aabdb9ca8bd321441e3e1c0961949dd3		FooDesc				n	0/1	0/100	1970-01-01 00:00:00
C	b8e7c69f962846969e4006bbcadd4ce9	c85add1cf3bb4b6ba948b27fdd15324b	2019-04-15 13:50:39	2018-02-13 05:58:09	2018-02-13 10:59:00	5260038eed41cc84116360b19317a69d	aabdb9ca8bd321441e3e1c0961949dd3		FooDesc				n	0/1	0/100	1970-01-01 00:00:00
===== END
===== START
B	b8e7c69f962846969e4006bbcadd4ce9	bc3e11a10c354e78a7d676e73cac654f	2019-04-15 13:50:39	2018-02-13 05:58:09	2018-02-13 10:59:00	5260038eed41cc84116360b19317a69d	aabdb9ca8bd321441e3e1c0961949dd3		FooDesc				n	0/1	0/100	1970-01-01 00:00:00
B	b8e7c69f962846969e4006bbcadd4ce9	55f44bdb8e32496f83db0f0179eac287	2019-04-15 13:50:39	2018-02-13 05:58:09	2018-02-13 10:59:00	5260038eed41cc84116360b19317a69d	aabdb9ca8bd321441e3e1c0961949dd3		FooDesc				n	0/1	0/100	1970-01-01 00:00:00
B	b8e7c69f962846969e4006bbcadd4ce9	c85add1cf3bb4b6ba948b27fdd15324b	2019-04-15 13:50:39	2018-02-13 05:58:09	2018-02-13 10:59:00	5260038eed41cc84116360b19317a69d	aabdb9ca8bd321441e3e1c0961949dd3		FooDesc				n	0/1	0/100	1970-01-01 00:00:00
===== END
===== START
C	b8e7c69f962846969e4006bbcadd4ce9	bc3e11a10c354e78a7d676e73cac654f	2019-04-15 13:50:39	2018-02-13 05:58:09	2018-06-01 10:59:00	a74cd01399ddc89450b6cfbe6a0b18b0	Cash in Wallet		FooDesc	BazNote			n	10000/100	10000/100	1970-01-01 00:00:00
C	b8e7c69f962846969e4006bbcadd4ce9	55f44bdb8e32496f83db0f0179eac287	2019-04-15 13:50:39	2018-02-13 05:58:09	2018-06-01 10:59:00	25c29cd905476d9f6db2d54c8d869214	Checking Account		FooDesc	BazNote			n	-2000/100	-2000/100	1970-01-01 00:00:00
C	b8e7c69f962846969e4006bbcadd4ce9	c85add1cf3bb4b6ba948b27fdd15324b	2019-04-15 13:50:39	2018-02-13 05:58:09	2018-06-01 10:59:00	9831dd46174e47a69d8d1a5f5d131ebf	Savings Account		FooDesc	BazNote			n	-8000/100	-8000/100	1970-01-01 00:00:00
===== END
===== START
===== END
===== START
C	cfdc76e13ee641f682973e2c22d2ddc0	8c42debe800f4217b41af29c1bb94274	2019-04-15 13:50:39	2018-02-13 05:58:09	2018-02-13 10:59:00	5260038eed41cc84116360b19317a69d	aabdb9ca8bd321441e3e1c0961949dd3		FooDesc				n	0/1	0/100	1970-01-01 00:00:00
C	cfdc76e13ee641f682973e2c22d2ddc0	3030814c4bca4b38a7d3e4f847df0a75	2019-04-15 13:50:39	2018-02-13 05:58:09	2018-02-13 10:59:00	5260038eed41cc84116360b19317a69d	aabdb9ca8bd321441e3e1c0961949dd3		FooDesc				n	0/1	0/100	1970-01-01 00:00:00
C	cfdc76e13ee641f682973e2c22d2ddc0	0d5219a47dc84910bf4306009554d503	2019-04-15 13:50:39	2018-02-13 05:58:09	2018-02-13 10:59:00	5260038eed41cc84116360b19317a69d	aabdb9ca8bd321441e3e1c0961949dd3		FooDesc				n	0/1	0/100	1970-01-01 00:00:00
===== END
===== START
B	cfdc76e13ee641f682973e2c22d2ddc0	8c42debe800f4217b41af29c1bb94274	2019-04-15 13:50:39	2018-02-13 05:58:09	2018-02-13 10:59:00	5260038eed41cc84116360b19317a69d	aabdb9ca8bd321441e3e1c0961949dd3		FooDesc				n	0/1	0/100	1970-01-01 00:00:00
B	cfdc76e13ee641f682973e2c22d2ddc0	3030814c4bca4b38a7d3e4f847df0a75	2019-04-15 13:50:39	2018-02-13 05:58:09	2018-02-13 10:59:00	5260038eed41cc84116360b19317a69d	aabdb9ca8bd321441e3e1c0961949dd3		FooDesc				n	0/1	0/100	1970-01-01 00:00:00
B	cfdc76e13ee641f682973e2c22d2ddc0	0d5219a47dc84910bf4306009554d503	2019-04-15 13:50:39	2018-02-13 05:58:09	2018-02-13 10:59:00	5260038eed41cc84116360b19317a69d	aabdb9ca8bd321441e3e1c0961949dd3		FooDesc				n	0/1	0/100	1970-01-01 00:00:00
===== END
===== START
C	cfdc76e13ee641f682973e2c22d2ddc0	8c42debe800f4217b41af29c1bb94274	2019-04-15 13:50:39	2018-02-13 05:58:09	2018-07-01 10:59:00	a74cd01399ddc89450b6cfbe6a0b18b0	Cash in Wallet		FooDesc	BazNote			n	10000/100	10000/100	1970-01-01 00:00:00
C	cfdc76e13ee641f682973e2c22d2ddc0	3030814c4bca4b38a7d3e4f847df0a75	2019-04-15 13:50:39	2018-02-13 05:58:09	2018-07-01 10:59:00	25c29cd905476d9f6db2d54c8d869214	Checking Account		FooDesc	BazNote			n	-2000/100	-2000/100	1970-01-01 00:00:00
C	cfdc76e13ee641f682973e2c22d2ddc0	0d5219a47dc84910bf4306009554d503	2019-04-15 13:50:39	2018-02-13 05:58:09	2018-07-01 10:59:00	9831dd46174e47a69d8d1a5f5d131ebf	Savings Account		FooDesc	BazNote			n	-8000/100	-8000/100	1970-01-01 00:00:00
===== END
===== START
===== END
===== START
C	de9442f2a19349558ac15cb4d1d1567f	7e5520a049f649418bb03b2ce3c9df72	2019-04-15 13:50:39	2018-02-13 05:58:09	2018-02-13 10:59:00	5260038eed41cc84116360b19317a69d	aabdb9ca8bd321441e3e1c0961949dd3		FooDesc				n	0/1	0/100	1970-01-01 00:00:00
C	de9442f2a19349558ac15cb4d1d1567f	3474fcc7376e4ffebab7cdcaaca37bbb	2019-04-15 13:50:39	2018-02-13 05:58:09	2018-02-13 10:59:00	5260038eed41cc84116360b19317a69d	aabdb9ca8bd321441e3e1c0961949dd3		FooDesc				n	0/1	0/100	1970-01-01 00:00:00
C	de9442f2a19349558ac15cb4d1d1567f	2bac9efc5f8b4bdeac80e53388877552	2019-04-15 13:50:39	2018-02-13 05:58:09	2018-02-13 10:59:00	5260038eed41cc84116360b19317a69d	aabdb9ca8bd321441e3e1c0961949dd3		FooDesc				n	0/1	0/100	1970-01-01 00:00:00
===== END
===== START
B	de9442f2a19349558ac15cb4d1d1567f	7e5520a049f649418bb03b2ce3c9df72	2019-04-15 13:50:39	2018-02-13 05:58:09	2018-02-13 10:59:00	5260038eed41cc84116360b19317a69d	aabdb9ca8bd321441e3e1c0961949dd3		FooDesc				n	0/1	0/100	1970-01-01 00:00:00
B	de9442f2a19349558ac15cb4d1d1567f	3474fcc7376e4ffebab7cdcaaca37bbb	2019-04-15 13:50:39	2018-02-13 05:58:09	2018-02-13 10:59:00	5260038eed41cc84116360b19317a69d	aabdb9ca8bd321441e3e1c0961949dd3		FooDesc				n	0/1	0/100	1970-01-01 00:00:00
B	de9442f2a19349558ac15cb4d1d1567f	2bac9efc5f8b4bdeac80e53388877552	2019-04-15 13:50:39	2018-02-13 05:58:09	2018-02-13 10:59:00	5260038eed41cc84116360b19317a69d	aabdb9ca8bd321441e3e1c0961949dd3		FooDesc				n	0/1	0/100	1970-01-01 00:00:00
===== END
===== START
C	de9442f2a19349558ac15cb4d1d1567f	7e5520a049f649418bb03b2ce3c9df72	2019-04-15 13:50:39	2018-02-13 05:58:09	2018-08-01 10:59:00	a74cd01399ddc89450b6cfbe6a0b18b0	Cash in Wallet		FooDesc	BazNote			n	10000/100	10000/100	1970-01-01 00:00:00
C	de9442f2a19349558ac15cb4d1d1567f	3474fcc7376e4ffebab7cdcaaca37bbb	2019-04-15 13:50:39	2018-02-13 05:58:09	2018-08-01 10:59:00	25c29cd905476d9f6db2d54c8d869214	Checking Account		FooDesc	BazNote			n	-2000/100	-2000/100	1970-01-01 00:00:00
C	de9442f2a19349558ac15cb4d1d1567f	2bac9efc5f8b4bdeac80e53388877552	2019-04-15 13:50:39	2018-02-13 05:58:09	2018-08-01 10:59:00	9831dd46174e47a69d8d1a5f5d131ebf	Savings Account		FooDesc	BazNote			n	-8000/100	-8000/100	1970-01-01 00:00:00
===== END
===== START
===== END
===== START
C	ee89dc20e6004067aa8e8dc740e9bc30	8a61fba6904447d9b5d02dd9452cb112	2019-04-15 13:50:39	2018-02-13 05:58:09	2018-02-13 10:59:00	5260038eed41cc84116360b19317a69d	aabdb9ca8bd321441e3e1c0961949dd3		FooDesc				n	0/1	0/100	1970-01-01 00:00:00
C	ee89dc20e6004067aa8e8dc740e9bc30	4718a9a4d4cd48e0b338bb7218fe626b	2019-04-15 13:50:39	2018-02-13 05:58:09	2018-02-13 10:59:00	5260038eed41cc84116360b19317a69d	aabdb9ca8bd321441e3e1c0961949dd3		FooDesc				n	0/1	0/100	1970-01-01 00:00:00
C	ee89dc20e6004067aa8e8dc740e9bc30	08d21b8b23f24c588eeb238138ed69f2	2019-04-15 13:50:39	2018-02-13 05:58:09	2018-02-13 10:59:00	5260038eed41cc84116360b19317a69d	aabdb9ca8bd321441e3e1c0961949dd3		FooDesc				n	0/1	0/100	1970-01-01 00:00:00
===== END
===== START
B	ee89dc20e6004067aa8e8dc740e9bc30	8a61fba6904447d9b5d02dd9452cb112	2019-04-15 13:50:39	2018-02-13 05:58:09	2018-02-13 10:59:00	5260038eed41cc84116360b19317a69d	aabdb9ca8bd321441e3e1c0961949dd3		FooDesc				n	0/1	0/100	1970-01-01 00:00:00
B	ee89dc20e6004067aa8e8dc740e9bc30	4718a9a4d4cd48e0b338bb7218fe626b	2019-04-15 13:50:39	2018-02-13 05:58:09	2018-02-13 10:59:00	5260038eed41cc84116360b19317a69d	aabdb9ca8bd321441e3e1c0961949dd3		FooDesc				n	0/1	0/100	1970-01-01 00:00:00
B	ee89dc20e6004067aa8e8dc740e9bc30	08d21b8b23f24c588eeb238138ed69f2	2019-04-15 13:50:39	2018-02-13 05:58:09	2018-02-13 10:59:00	5260038eed41cc84116360b19317a69d	aabdb9ca8bd321441e3e1c0961949dd3		FooDesc				n	0/1	0/100	1970-01-01 00:00:00
===== END
===== START
C	ee89dc20e6004067aa8e8dc740e9bc30	8a61fba6904447d9b5d02dd9452cb112	2019-04-15 13:50:39	2018-02-13 05:58:09	2018-09-01 10:59:00	a74cd01399ddc89450b6cfbe6a0b18b0	Cash in Wallet		FooDesc	BazNote			n	10000/100	10000/100	1970-01-01 00:00:00
C	ee89dc20e6004067aa8e8dc740e9bc30	4718a9a4d4cd48e0b338bb7218fe626b	2019-04-15 13:50:39	2018-02-13 05:58:09	2018-09-01 10:59:00	25c29cd905476d9f6db2d54c8d869214	Checking Account		FooDesc	BazNote			n	-2000/100	-2000/100	1970-01-01 00:00:00
C	ee89dc20e6004067aa8e8dc740e9bc30	08d21b8b23f24c588eeb238138ed69f2	2019-04-15 13:50:39	2018-02-13 05:58:09	2018-09-01 10:59:00	9831dd46174e47a69d8d1a5f5d131ebf	Savings Account		FooDesc	BazNote			n	-8000/100	-8000/100	1970-01-01 00:00:00
===== END
===== START
===== END
===== START
C	d7d0af7baeb0455884f17dd407590a04	daf5614025514ae3bbec8dfa4df8b465	2019-04-15 13:50:39	2018-02-13 05:58:09	2018-02-13 10:59:00	5260038eed41cc84116360b19317a69d	aabdb9ca8bd321441e3e1c0961949dd3		FooDesc				n	0/1	0/100	1970-01-01 00:00:00
C	d7d0af7baeb0455884f17dd407590a04	5a9d0d3ad4584e469f82c224ce92e8c4	2019-04-15 13:50:39	2018-02-13 05:58:09	2018-02-13 10:59:00	5260038eed41cc84116360b19317a69d	aabdb9ca8bd321441e3e1c0961949dd3		FooDesc				n	0/1	0/100	1970-01-01 00:00:00
C	d7d0af7baeb0455884f17dd407590a04	e6046f7e1bc542fe8dec318746b5969f	2019-04-15 13:50:39	2018-02-13 05:58:09	2018-02-13 10:59:00	5260038eed41cc84116360b19317a69d	aabdb9ca8bd321441e3e1c0961949dd3		FooDesc				n	0/1	0/100	1970-01-01 00:00:00
===== END
===== START
B	d7d0af7baeb0455884f17dd407590a04	daf5614025514ae3bbec8dfa4df8b465	2019-04-15 13:50:39	2018-02-13 05:58:09	2018-02-13 10:59:00	5260038eed41cc84116360b19317a69d	aabdb9ca8bd321441e3e1c0961949dd3		FooDesc				n	0/1	0/100	1970-01-01 00:00:00
B	d7d0af7baeb0455884f17dd407590a04	5a9d0d3ad4584e469f82c224ce92e8c4	2019-04-15 13:50:39	2018-02-13 05:58:09	2018-02-13 10:59:00	5260038eed41cc84116360b19317a69d	aabdb9ca8bd321441e3e1c0961949dd3		FooDesc				n	0/1	0/100	1970-01-01 00:00:00
B	d7d0af7baeb0455884f17dd407590a04	e6046f7e1bc542fe8dec318746b5969f	2019-04-15 13:50:39	2018-02-13 05:58:09	2018-02-13 10:59:00	5260038eed41cc84116360b19317a69d	aabdb9ca8bd321441e3e1c0961949dd3		FooDesc				n	0/1	0/100	1970-01-01 00:00:00
===== END
===== START
C	d7d0af7baeb0455884f17dd407590a04	daf5614025514ae3bbec8dfa4df8b465	2019-04-15 13:50:40	2018-02-13 05:58:09	2018-10-01 10:59:00	a74cd01399ddc89450b6cfbe6a0b18b0	Cash in Wallet		FooDesc	BazNote			n	10000/100	10000/100	1970-01-01 00:00:00
C	d7d0af7baeb0455884f17dd407590a04	5a9d0d3ad4584e469f82c224ce92e8c4	2019-04-15 13:50:40	2018-02-13 05:58:09	2018-10-01 10:59:00	25c29cd905476d9f6db2d54c8d869214	Checking Account		FooDesc	BazNote			n	-2000/100	-2000/100	1970-01-01 00:00:00
C	d7d0af7baeb0455884f17dd407590a04	e6046f7e1bc542fe8dec318746b5969f	2019-04-15 13:50:40	2018-02-13 05:58:09	2018-10-01 10:59:00	9831dd46174e47a69d8d1a5f5d131ebf	Savings Account		FooDesc	BazNote			n	-8000/100	-8000/100	1970-01-01 00:00:00
===== END
===== START
===== END
===== START
C	eca136dff0694e5ea880ecfccd607b58	caebc8a7e1d64fb498d2fb87c1978519	2019-04-15 13:50:40	2018-02-13 05:58:09	2018-02-13 10:59:00	5260038eed41cc84116360b19317a69d	aabdb9ca8bd321441e3e1c0961949dd3		FooDesc				n	0/1	0/100	1970-01-01 00:00:00
C	eca136dff0694e5ea880ecfccd607b58	dff5b806b5394edfad776516e6f74f96	2019-04-15 13:50:40	2018-02-13 05:58:09	2018-02-13 10:59:00	5260038eed41cc84116360b19317a69d	aabdb9ca8bd321441e3e1c0961949dd3		FooDesc				n	0/1	0/100	1970-01-01 00:00:00
C	eca136dff0694e5ea880ecfccd607b58	61b8a9a8ab3d451f89dd5dbe7d19afff	2019-04-15 13:50:40	2018-02-13 05:58:09	2018-02-13 10:59:00	5260038eed41cc84116360b19317a69d	aabdb9ca8bd321441e3e1c0961949dd3		FooDesc				n	0/1	0/100	1970-01-01 00:00:00
===== END
===== START
B	eca136dff0694e5ea880ecfccd607b58	caebc8a7e1d64fb498d2fb87c1978519	2019-04-15 13:50:40	2018-02-13 05:58:09	2018-02-13 10:59:00	5260038eed41cc84116360b19317a69d	aabdb9ca8bd321441e3e1c0961949dd3		FooDesc				n	0/1	0/100	1970-01-01 00:00:00
B	eca136dff0694e5ea880ecfccd607b58	dff5b806b5394edfad776516e6f74f96	2019-04-15 13:50:40	2018-02-13 05:58:09	2018-02-13 10:59:00	5260038eed41cc84116360b19317a69d	aabdb9ca8bd321441e3e1c0961949dd3		FooDesc				n	0/1	0/100	1970-01-01 00:00:00
B	eca136dff0694e5ea880ecfccd607b58	61b8a9a8ab3d451f89dd5dbe7d19afff	2019-04-15 13:50:40	2018-02-13 05:58:09	2018-02-13 10:59:00	5260038eed41cc84116360b19317a69d	aabdb9ca8bd321441e3e1c0961949dd3		FooDesc				n	0/1	0/100	1970-01-01 00:00:00
===== END
===== START
C	eca136dff0694e5ea880ecfccd607b58	caebc8a7e1d64fb498d2fb87c1978519	2019-04-15 13:50:40	2018-02-13 05:58:09	2018-11-01 10:59:00	a74cd01399ddc89450b6cfbe6a0b18b0	Cash in Wallet		FooDesc	BazNote			n	10000/100	10000/100	1970-01-01 00:00:00
C	eca136dff0694e5ea880ecfccd607b58	dff5b806b5394edfad776516e6f74f96	2019-04-15 13:50:40	2018-02-13 05:58:09	2018-11-01 10:59:00	25c29cd905476d9f6db2d54c8d869214	Checking Account		FooDesc	BazNote			n	-2000/100	-2000/100	1970-01-01 00:00:00
C	eca136dff0694e5ea880ecfccd607b58	61b8a9a8ab3d451f89dd5dbe7d19afff	2019-04-15 13:50:40	2018-02-13 05:58:09	2018-11-01 10:59:00	9831dd46174e47a69d8d1a5f5d131ebf	Savings Account		FooDesc	BazNote			n	-8000/100	-8000/100	1970-01-01 00:00:00
===== END
===== START
===== END
===== START
C	2eb9be1d020d49ee8f9c616767271176	45c938e92b494be7a04135827f57b5d9	2019-04-15 13:50:40	2018-02-13 05:58:09	2018-02-13 10:59:00	5260038eed41cc84116360b19317a69d	aabdb9ca8bd321441e3e1c0961949dd3		FooDesc				n	0/1	0/100	1970-01-01 00:00:00
C	2eb9be1d020d49ee8f9c616767271176	1f82fa8c44384f78aebe7b4fe6368d94	2019-04-15 13:50:40	2018-02-13 05:58:09	2018-02-13 10:59:00	5260038eed41cc84116360b19317a69d	aabdb9ca8bd321441e3e1c0961949dd3		FooDesc				n	0/1	0/100	1970-01-01 00:00:00
C	2eb9be1d020d49ee8f9c616767271176	9b9fa37c19e5449ab6af658d1f332222	2019-04-15 13:50:40	2018-02-13 05:58:09	2018-02-13 10:59:00	5260038eed41cc84116360b19317a69d	aabdb9ca8bd321441e3e1c0961949dd3		FooDesc				n	0/1	0/100	1970-01-01 00:00:00
===== END
===== START
B	2eb9be1d020d49ee8f9c616767271176	45c938e92b494be7a04135827f57b5d9	2019-04-15 13:50:40	2018-02-13 05:58:09	2018-02-13 10:59:00	5260038eed41cc84116360b19317a69d	aabdb9ca8bd321441e3e1c0961949dd3		FooDesc				n	0/1	0/100	1970-01-01 00:00:00
B	2eb9be1d020d49ee8f9c616767271176	1f82fa8c44384f78aebe7b4fe6368d94	2019-04-15 13:50:40	2018-02-13 05:58:09	2018-02-13 10:59:00	5260038eed41cc84116360b19317a69d	aabdb9ca8bd321441e3e1c0961949dd3		FooDesc				n	0/1	0/100	1970-01-01 00:00:00
B	2eb9be1d020d49ee8f9c616767271176	9b9fa37c19e5449ab6af658d1f332222	2019-04-15 13:50:40	2018-02-13 05:58:09	2018-02-13 10:59:00	5260038eed41cc84116360b19317a69d	aabdb9ca8bd321441e3e1c0961949dd3		FooDesc				n	0/1	0/100	1970-01-01 00:00:00
===== END
===== START
C	2eb9be1d020d49ee8f9c616767271176	45c938e92b494be7a04135827f57b5d9	2019-04-15 13:50:40	2018-02-13 05:58:09	2018-12-01 10:59:00	a74cd01399ddc89450b6cfbe6a0b18b0	Cash in Wallet		FooDesc	BazNote			n	10000/100	10000/100	1970-01-01 00:00:00
C	2eb9be1d020d49ee8f9c616767271176	1f82fa8c44384f78aebe7b4fe6368d94	2019-04-15 13:50:40	2018-02-13 05:58:09	2018-12-01 10:59:00	25c29cd905476d9f6db2d54c8d869214	Checking Account		FooDesc	BazNote			n	-2000/100	-2000/100	1970-01-01 00:00:00
C	2eb9be1d020d49ee8f9c616767271176	9b9fa37c19e5449ab6af658d1f332222	2019-04-15 13:50:40	2018-02-13 05:58:09	2018-12-01 10:59:00	9831dd46174e47a69d8d1a5f5d131ebf	Savings Account		FooDesc	BazNote			n	-8000/100	-8000/100	1970-01-01 00:00:00
===== END
===== START
===== END
===== START
C	6e848f244ef44e71805cc1b896037bf4	0d9a85703c9a434b9c33d503f317c18c	2019-04-15 13:50:40	2018-02-13 05:58:09	2018-02-13 10:59:00	5260038eed41cc84116360b19317a69d	aabdb9ca8bd321441e3e1c0961949dd3		FooDesc				n	0/1	0/100	1970-01-01 00:00:00
C	6e848f244ef44e71805cc1b896037bf4	e2296d0dd51d4e71beee5cda1977dd05	2019-04-15 13:50:40	2018-02-13 05:58:09	2018-02-13 10:59:00	5260038eed41cc84116360b19317a69d	aabdb9ca8bd321441e3e1c0961949dd3		FooDesc				n	0/1	0/100	1970-01-01 00:00:00
C	6e848f244ef44e71805cc1b896037bf4	5dfd42ba9dd2404ba040adb9bd820d4b	2019-04-15 13:50:40	2018-02-13 05:58:09	2018-02-13 10:59:00	5260038eed41cc84116360b19317a69d	aabdb9ca8bd321441e3e1c0961949dd3		FooDesc				n	0/1	0/100	1970-01-01 00:00:00
===== END
===== START
B	6e848f244ef44e71805cc1b896037bf4	0d9a85703c9a434b9c33d503f317c18c	2019-04-15 13:50:40	2018-02-13 05:58:09	2018-02-13 10:59:00	5260038eed41cc84116360b19317a69d	aabdb9ca8bd321441e3e1c0961949dd3		FooDesc				n	0/1	0/100	1970-01-01 00:00:00
B	6e848f244ef44e71805cc1b896037bf4	e2296d0dd51d4e71beee5cda1977dd05	2019-04-15 13:50:40	2018-02-13 05:58:09	2018-02-13 10:59:00	5260038eed41cc84116360b19317a69d	aabdb9ca8bd321441e3e1c0961949dd3		FooDesc				n	0/1	0/100	1970-01-01 00:00:00
B	6e848f244ef44e71805cc1b896037bf4	5dfd42ba9dd2404ba040adb9bd820d4b	2019-04-15 13:50:40	2018-02-13 05:58:09	2018-02-13 10:59:00	5260038eed41cc84116360b19317a69d	aabdb9ca8bd321441e3e1c0961949dd3		FooDesc				n	0/1	0/100	1970-01-01 00:00:00
===== END
===== START
C	6e848f244ef44e71805cc1b896037bf4	0d9a85703c9a434b9c33d503f317c18c	2019-04-15 13:50:40	2018-02-13 05:58:09	2019-01-01 10:59:00	a74cd01399ddc89450b6cfbe6a0b18b0	Cash in Wallet		FooDesc	BazNote			n	10000/100	10000/100	1970-01-01 00:00:00
C	6e848f244ef44e71805cc1b896037bf4	e2296d0dd51d4e71beee5cda1977dd05	2019-04-15 13:50:40	2018-02-13 05:58:09	2019-01-01 10:59:00	25c29cd905476d9f6db2d54c8d869214	Checking Account		FooDesc	BazNote			n	-2000/100	-2000/100	1970-01-01 00:00:00
C	6e848f244ef44e71805cc1b896037bf4	5dfd42ba9dd2404ba040adb9bd820d4b	2019-04-15 13:50:40	2018-02-13 05:58:09	2019-01-01 10:59:00	9831dd46174e47a69d8d1a5f5d131ebf	Savings Account		FooDesc	BazNote			n	-8000/100	-8000/100	1970-01-01 00:00:00
===== END
===== START
===== END
===== START
C	85b10ba1c36a454c98e3787f2b409839	3bf20aad01f1416882859e1a8973b813	2019-04-15 13:50:40	2018-02-13 05:58:09	2018-02-13 10:59:00	5260038eed41cc84116360b19317a69d	aabdb9ca8bd321441e3e1c0961949dd3		FooDesc				n	0/1	0/100	1970-01-01 00:00:00
C	85b10ba1c36a454c98e3787f2b409839	7b3406655d7440f381c9314580adb530	2019-04-15 13:50:40	2018-02-13 05:58:09	2018-02-13 10:59:00	5260038eed41cc84116360b19317a69d	aabdb9ca8bd321441e3e1c0961949dd3		FooDesc				n	0/1	0/100	1970-01-01 00:00:00
C	85b10ba1c36a454c98e3787f2b409839	9417749b4d21465081f7c6c9eb5af7df	2019-04-15 13:50:40	2018-02-13 05:58:09	2018-02-13 10:59:00	5260038eed41cc84116360b19317a69d	aabdb9ca8bd321441e3e1c0961949dd3		FooDesc				n	0/1	0/100	1970-01-01 00:00:00
===== END
===== START
B	85b10ba1c36a454c98e3787f2b409839	3bf20aad01f1416882859e1a8973b813	2019-04-15 13:50:40	2018-02-13 05:58:09	2018-02-13 10:59:00	5260038eed41cc84116360b19317a69d	aabdb9ca8bd321441e3e1c0961949dd3		FooDesc				n	0/1	0/100	1970-01-01 00:00:00
B	85b10ba1c36a454c98e3787f2b409839	7b3406655d7440f381c9314580adb530	2019-04-15 13:50:40	2018-02-13 05:58:09	2018-02-13 10:59:00	5260038eed41cc84116360b19317a69d	aabdb9ca8bd321441e3e1c0961949dd3		FooDesc				n	0/1	0/100	1970-01-01 00:00:00
B	85b10ba1c36a454c98e3787f2b409839	9417749b4d21465081f7c6c9eb5af7df	2019-04-15 13:50:40	2018-02-13 05:58:09	2018-02-13 10:59:00	5260038eed41cc84116360b19317a69d	aabdb9ca8bd321441e3e1c0961949dd3		FooDesc				n	0/1	0/100	1970-01-01 00:00:00
===== END
===== START
C	85b10ba1c36a454c98e3787f2b409839	3bf20aad01f1416882859e1a8973b813	2019-04-15 13:50:40	2018-02-13 05:58:09	2019-02-01 10:59:00	a74cd01399ddc89450b6cfbe6a0b18b0	Cash in Wallet		FooDesc	BazNote			n	10000/100	10000/100	1970-01-01 00:00:00
C	85b10ba1c36a454c98e3787f2b409839	7b3406655d7440f381c9314580adb530	2019-04-15 13:50:40	2018-02-13 05:58:09	2019-02-01 10:59:00	25c29cd905476d9f6db2d54c8d869214	Checking Account		FooDesc	BazNote			n	-2000/100	-2000/100	1970-01-01 00:00:00
C	85b10ba1c36a454c98e3787f2b409839	9417749b4d21465081f7c6c9eb5af7df	2019-04-15 13:50:40	2018-02-13 05:58:09	2019-02-01 10:59:00	9831dd46174e47a69d8d1a5f5d131ebf	Savings Account		FooDesc	BazNote			n	-8000/100	-8000/100	1970-01-01 00:00:00
===== END
===== START
===== END
===== START
C	1a6b4180cc5147f49c4be17d197d4d6e	e0e253c36ab341cc83edb3355d053333	2019-04-15 13:50:40	2018-02-13 05:58:09	2018-02-13 10:59:00	5260038eed41cc84116360b19317a69d	aabdb9ca8bd321441e3e1c0961949dd3		FooDesc				n	0/1	0/100	1970-01-01 00:00:00
C	1a6b4180cc5147f49c4be17d197d4d6e	f57927e68f274631bf708335f782e038	2019-04-15 13:50:40	2018-02-13 05:58:09	2018-02-13 10:59:00	5260038eed41cc84116360b19317a69d	aabdb9ca8bd321441e3e1c0961949dd3		FooDesc				n	0/1	0/100	1970-01-01 00:00:00
C	1a6b4180cc5147f49c4be17d197d4d6e	35e18fcb52e04a6ca8bbeb94c855e402	2019-04-15 13:50:40	2018-02-13 05:58:09	2018-02-13 10:59:00	5260038eed41cc84116360b19317a69d	aabdb9ca8bd321441e3e1c0961949dd3		FooDesc				n	0/1	0/100	1970-01-01 00:00:00
===== END
===== START
B	1a6b4180cc5147f49c4be17d197d4d6e	e0e253c36ab341cc83edb3355d053333	2019-04-15 13:50:40	2018-02-13 05:58:09	2018-02-13 10:59:00	5260038eed41cc84116360b19317a69d	aabdb9ca8bd321441e3e1c0961949dd3		FooDesc				n	0/1	0/100	1970-01-01 00:00:00
B	1a6b4180cc5147f49c4be17d197d4d6e	f57927e68f274631bf708335f782e038	2019-04-15 13:50:40	2018-02-13 05:58:09	2018-02-13 10:59:00	5260038eed41cc84116360b19317a69d	aabdb9ca8bd321441e3e1c0961949dd3		FooDesc				n	0/1	0/100	1970-01-01 00:00:00
B	1a6b4180cc5147f49c4be17d197d4d6e	35e18fcb52e04a6ca8bbeb94c855e402	2019-04-15 13:50:40	2018-02-13 05:58:09	2018-02-13 10:59:00	5260038eed41cc84116360b19317a69d	aabdb9ca8bd321441e3e1c0961949dd3		FooDesc				n	0/1	0/100	1970-01-01 00:00:00
===== END
===== START
C	1a6b4180cc5147f49c4be17d197d4d6e	e0e253c36ab341cc83edb3355d053333	2019-04-15 13:50:40	2018-02-13 05:58:09	2019-03-01 10:59:00	a74cd01399ddc89450b6cfbe6a0b18b0	Cash in Wallet		FooDesc	BazNote			n	10000/100	10000/100	1970-01-01 00:00:00
C	1a6b4180cc5147f49c4be17d197d4d6e	f57927e68f274631bf708335f782e038	2019-04-15 13:50:40	2018-02-13 05:58:09	2019-03-01 10:59:00	25c29cd905476d9f6db2d54c8d869214	Checking Account		FooDesc	BazNote			n	-2000/100	-2000/100	1970-01-01 00:00:00
C	1a6b4180cc5147f49c4be17d197d4d6e	35e18fcb52e04a6ca8bbeb94c855e402	2019-04-15 13:50:40	2018-02-13 05:58:09	2019-03-01 10:59:00	9831dd46174e47a69d8d1a5f5d131ebf	Savings Account		FooDesc	BazNote			n	-8000/100	-8000/100	1970-01-01 00:00:00
===== END
===== START
===== END
===== START
C	ae7493953401450daa0ef2812c5206bb	99416d09dbdf4d749ca4d78e63e48597	2019-04-15 13:50:40	2018-02-13 05:58:09	2018-02-13 10:59:00	5260038eed41cc84116360b19317a69d	aabdb9ca8bd321441e3e1c0961949dd3		FooDesc				n	0/1	0/100	1970-01-01 00:00:00
C	ae7493953401450daa0ef2812c5206bb	0604028a75b24a7bb68857abbad0dcf8	2019-04-15 13:50:40	2018-02-13 05:58:09	2018-02-13 10:59:00	5260038eed41cc84116360b19317a69d	aabdb9ca8bd321441e3e1c0961949dd3		FooDesc				n	0/1	0/100	1970-01-01 00:00:00
C	ae7493953401450daa0ef2812c5206bb	d110fd6e371c4606a52817fe3e8156f0	2019-04-15 13:50:40	2018-02-13 05:58:09	2018-02-13 10:59:00	5260038eed41cc84116360b19317a69d	aabdb9ca8bd321441e3e1c0961949dd3		FooDesc				n	0/1	0/100	1970-01-01 00:00:00
===== END
===== START
B	ae7493953401450daa0ef2812c5206bb	99416d09dbdf4d749ca4d78e63e48597	2019-04-15 13:50:40	2018-02-13 05:58:09	2018-02-13 10:59:00	5260038eed41cc84116360b19317a69d	aabdb9ca8bd321441e3e1c0961949dd3		FooDesc				n	0/1	0/100	1970-01-01 00:00:00
B	ae7493953401450daa0ef2812c5206bb	0604028a75b24a7bb68857abbad0dcf8	2019-04-15 13:50:40	2018-02-13 05:58:09	2018-02-13 10:59:00	5260038eed41cc84116360b19317a69d	aabdb9ca8bd321441e3e1c0961949dd3		FooDesc				n	0/1	0/100	1970-01-01 00:00:00
B	ae7493953401450daa0ef2812c5206bb	d110fd6e371c4606a52817fe3e8156f0	2019-04-15 13:50:40	2018-02-13 05:58:09	2018-02-13 10:59:00	5260038eed41cc84116360b19317a69d	aabdb9ca8bd321441e3e1c0961949dd3		FooDesc				n	0/1	0/100	1970-01-01 00:00:00
===== END
===== START
C	ae7493953401450daa0ef2812c5206bb	99416d09dbdf4d749ca4d78e63e48597	2019-04-15 13:50:40	2018-02-13 05:58:09	2019-04-01 10:59:00	a74cd01399ddc89450b6cfbe6a0b18b0	Cash in Wallet		FooDesc	BazNote			n	10000/100	10000/100	1970-01-01 00:00:00
C	ae7493953401450daa0ef2812c5206bb	0604028a75b24a7bb68857abbad0dcf8	2019-04-15 13:50:40	2018-02-13 05:58:09	2019-04-01 10:59:00	25c29cd905476d9f6db2d54c8d869214	Checking Account		FooDesc	BazNote			n	-2000/100	-2000/100	1970-01-01 00:00:00
C	ae7493953401450daa0ef2812c5206bb	d110fd6e371c4606a52817fe3e8156f0	2019-04-15 13:50:40	2018-02-13 05:58:09	2019-04-01 10:59:00	9831dd46174e47a69d8d1a5f5d131ebf	Savings Account		FooDesc	BazNote			n	-8000/100	-8000/100	1970-01-01 00:00:00
===== END
===== START
D	0ae4f15c073742e1890cf6f828c5312f	56c4c6f3235e41f8b9b6181d794bffbb	2019-04-15 21:00:16	2019-04-15 21:00:16	2019-04-15 10:59:00								n	0/1	0/100	1970-01-01 00:00:00
===== END
