mod	trans_guid	split_guid	time_now	date_entered	date_posted	acc_guid	acc_name	num	description	notes	memo	action	reconciled	amount	value	date_reconciled
-----------------
===== START
B	78bbd2b8787abad546673a935cfff888	2924913c4696e8ddf35e04ccfb130186	2019-06-10 07:02:30	2018-02-13 05:58:09	2018-02-13 10:59:00	5260038eed41cc84116360b19317a69d	aabdb9ca8bd321441e3e1c0961949dd3		FooDesc	BazNote			n	0/1	0/100	1970-01-01 00:00:00
B	78bbd2b8787abad546673a935cfff888	19240ee86505cb5f83bb2be7fe8c5226	2019-06-10 07:02:30	2018-02-13 05:58:09	2018-02-13 10:59:00	5260038eed41cc84116360b19317a69d	aabdb9ca8bd321441e3e1c0961949dd3		FooDesc	BazNote			n	0/1	0/100	1970-01-01 00:00:00
B	78bbd2b8787abad546673a935cfff888	5098d349c823e527311df21216845a09	2019-06-10 07:02:30	2018-02-13 05:58:09	2018-02-13 10:59:00	5260038eed41cc84116360b19317a69d	aabdb9ca8bd321441e3e1c0961949dd3		FooDesc	BazNote			n	0/1	0/100	1970-01-01 00:00:00
===== END
===== START
R	78bbd2b8787abad546673a935cfff888	2924913c4696e8ddf35e04ccfb130186	2019-06-10 07:02:30	2018-02-13 05:58:09	2018-02-13 10:59:00	5260038eed41cc84116360b19317a69d	aabdb9ca8bd321441e3e1c0961949dd3		FooDesc	BazNote			n	0/1	0/100	1970-01-01 00:00:00
R	78bbd2b8787abad546673a935cfff888	19240ee86505cb5f83bb2be7fe8c5226	2019-06-10 07:02:30	2018-02-13 05:58:09	2018-02-13 10:59:00	5260038eed41cc84116360b19317a69d	aabdb9ca8bd321441e3e1c0961949dd3		FooDesc	BazNote			n	0/1	0/100	1970-01-01 00:00:00
R	78bbd2b8787abad546673a935cfff888	5098d349c823e527311df21216845a09	2019-06-10 07:02:30	2018-02-13 05:58:09	2018-02-13 10:59:00	5260038eed41cc84116360b19317a69d	aabdb9ca8bd321441e3e1c0961949dd3		FooDesc	BazNote			n	0/1	0/100	1970-01-01 00:00:00
===== END
===== START
B	78bbd2b8787abad546673a935cfff888	2924913c4696e8ddf35e04ccfb130186	2019-06-10 07:02:30	2018-02-13 05:58:09	2018-02-13 10:59:00	5260038eed41cc84116360b19317a69d	aabdb9ca8bd321441e3e1c0961949dd3		FooDesc	BazNote			n	0/1	0/100	1970-01-01 00:00:00
B	78bbd2b8787abad546673a935cfff888	19240ee86505cb5f83bb2be7fe8c5226	2019-06-10 07:02:30	2018-02-13 05:58:09	2018-02-13 10:59:00	5260038eed41cc84116360b19317a69d	aabdb9ca8bd321441e3e1c0961949dd3		FooDesc	BazNote			n	0/1	0/100	1970-01-01 00:00:00
B	78bbd2b8787abad546673a935cfff888	5098d349c823e527311df21216845a09	2019-06-10 07:02:30	2018-02-13 05:58:09	2018-02-13 10:59:00	5260038eed41cc84116360b19317a69d	aabdb9ca8bd321441e3e1c0961949dd3		FooDesc	BazNote			n	0/1	0/100	1970-01-01 00:00:00
===== END
===== START
R	78bbd2b8787abad546673a935cfff888	2924913c4696e8ddf35e04ccfb130186	2019-06-10 07:02:30	2018-02-13 05:58:09	2018-02-13 10:59:00	5260038eed41cc84116360b19317a69d	aabdb9ca8bd321441e3e1c0961949dd3		FooDesc	BazNote			n	0/1	0/100	1970-01-01 00:00:00
R	78bbd2b8787abad546673a935cfff888	19240ee86505cb5f83bb2be7fe8c5226	2019-06-10 07:02:30	2018-02-13 05:58:09	2018-02-13 10:59:00	5260038eed41cc84116360b19317a69d	aabdb9ca8bd321441e3e1c0961949dd3		FooDesc	BazNote			n	0/1	0/100	1970-01-01 00:00:00
R	78bbd2b8787abad546673a935cfff888	5098d349c823e527311df21216845a09	2019-06-10 07:02:30	2018-02-13 05:58:09	2018-02-13 10:59:00	5260038eed41cc84116360b19317a69d	aabdb9ca8bd321441e3e1c0961949dd3		FooDesc	BazNote			n	0/1	0/100	1970-01-01 00:00:00
===== END
===== START
B	78bbd2b8787abad546673a935cfff888	2924913c4696e8ddf35e04ccfb130186	2019-06-10 07:02:30	2018-02-13 05:58:09	2018-02-13 10:59:00	5260038eed41cc84116360b19317a69d	aabdb9ca8bd321441e3e1c0961949dd3		FooDesc	BazNote			n	0/1	0/100	1970-01-01 00:00:00
B	78bbd2b8787abad546673a935cfff888	19240ee86505cb5f83bb2be7fe8c5226	2019-06-10 07:02:30	2018-02-13 05:58:09	2018-02-13 10:59:00	5260038eed41cc84116360b19317a69d	aabdb9ca8bd321441e3e1c0961949dd3		FooDesc	BazNote			n	0/1	0/100	1970-01-01 00:00:00
B	78bbd2b8787abad546673a935cfff888	5098d349c823e527311df21216845a09	2019-06-10 07:02:30	2018-02-13 05:58:09	2018-02-13 10:59:00	5260038eed41cc84116360b19317a69d	aabdb9ca8bd321441e3e1c0961949dd3		FooDesc	BazNote			n	0/1	0/100	1970-01-01 00:00:00
===== END
===== START
R	78bbd2b8787abad546673a935cfff888	2924913c4696e8ddf35e04ccfb130186	2019-06-10 07:02:30	2018-02-13 05:58:09	2018-02-13 10:59:00	5260038eed41cc84116360b19317a69d	aabdb9ca8bd321441e3e1c0961949dd3		FooDesc	BazNote			n	0/1	0/100	1970-01-01 00:00:00
R	78bbd2b8787abad546673a935cfff888	19240ee86505cb5f83bb2be7fe8c5226	2019-06-10 07:02:30	2018-02-13 05:58:09	2018-02-13 10:59:00	5260038eed41cc84116360b19317a69d	aabdb9ca8bd321441e3e1c0961949dd3		FooDesc	BazNote			n	0/1	0/100	1970-01-01 00:00:00
R	78bbd2b8787abad546673a935cfff888	5098d349c823e527311df21216845a09	2019-06-10 07:02:30	2018-02-13 05:58:09	2018-02-13 10:59:00	5260038eed41cc84116360b19317a69d	aabdb9ca8bd321441e3e1c0961949dd3		FooDesc	BazNote			n	0/1	0/100	1970-01-01 00:00:00
===== END
===== START
===== END
===== START
C	0acba5b6605a45e8b8705c0ca200c9b3	442f4056cbb4441a901ae8852acec483	2019-06-10 07:02:35	2018-02-13 05:58:09	2018-02-13 10:59:00	5260038eed41cc84116360b19317a69d	aabdb9ca8bd321441e3e1c0961949dd3		FooDesc				n	0/1	0/100	1970-01-01 00:00:00
C	0acba5b6605a45e8b8705c0ca200c9b3	2a68376a9a4044b2b191ab58515cd0a2	2019-06-10 07:02:35	2018-02-13 05:58:09	2018-02-13 10:59:00	5260038eed41cc84116360b19317a69d	aabdb9ca8bd321441e3e1c0961949dd3		FooDesc				n	0/1	0/100	1970-01-01 00:00:00
C	0acba5b6605a45e8b8705c0ca200c9b3	c96aa72d5dba40dcba676d4653214224	2019-06-10 07:02:35	2018-02-13 05:58:09	2018-02-13 10:59:00	5260038eed41cc84116360b19317a69d	aabdb9ca8bd321441e3e1c0961949dd3		FooDesc				n	0/1	0/100	1970-01-01 00:00:00
===== END
===== START
B	0acba5b6605a45e8b8705c0ca200c9b3	442f4056cbb4441a901ae8852acec483	2019-06-10 07:02:35	2018-02-13 05:58:09	2018-02-13 10:59:00	5260038eed41cc84116360b19317a69d	aabdb9ca8bd321441e3e1c0961949dd3		FooDesc				n	0/1	0/100	1970-01-01 00:00:00
B	0acba5b6605a45e8b8705c0ca200c9b3	2a68376a9a4044b2b191ab58515cd0a2	2019-06-10 07:02:35	2018-02-13 05:58:09	2018-02-13 10:59:00	5260038eed41cc84116360b19317a69d	aabdb9ca8bd321441e3e1c0961949dd3		FooDesc				n	0/1	0/100	1970-01-01 00:00:00
B	0acba5b6605a45e8b8705c0ca200c9b3	c96aa72d5dba40dcba676d4653214224	2019-06-10 07:02:35	2018-02-13 05:58:09	2018-02-13 10:59:00	5260038eed41cc84116360b19317a69d	aabdb9ca8bd321441e3e1c0961949dd3		FooDesc				n	0/1	0/100	1970-01-01 00:00:00
===== END
===== START
C	0acba5b6605a45e8b8705c0ca200c9b3	442f4056cbb4441a901ae8852acec483	2019-06-10 07:02:35	2018-02-13 05:58:09	2019-05-01 10:59:00	a74cd01399ddc89450b6cfbe6a0b18b0	Cash in Wallet		FooDesc	BazNote			n	10000/100	10000/100	1970-01-01 00:00:00
C	0acba5b6605a45e8b8705c0ca200c9b3	2a68376a9a4044b2b191ab58515cd0a2	2019-06-10 07:02:35	2018-02-13 05:58:09	2019-05-01 10:59:00	25c29cd905476d9f6db2d54c8d869214	Checking Account		FooDesc	BazNote			n	-2000/100	-2000/100	1970-01-01 00:00:00
C	0acba5b6605a45e8b8705c0ca200c9b3	c96aa72d5dba40dcba676d4653214224	2019-06-10 07:02:35	2018-02-13 05:58:09	2019-05-01 10:59:00	9831dd46174e47a69d8d1a5f5d131ebf	Savings Account		FooDesc	BazNote			n	-8000/100	-8000/100	1970-01-01 00:00:00
===== END
===== START
===== END
===== START
C	493010fa0b424d9385edde82e00792c0	638bbd920d074e4a9cc586865fdbcabb	2019-06-10 07:02:35	2018-02-13 05:58:09	2018-02-13 10:59:00	5260038eed41cc84116360b19317a69d	aabdb9ca8bd321441e3e1c0961949dd3		FooDesc				n	0/1	0/100	1970-01-01 00:00:00
C	493010fa0b424d9385edde82e00792c0	41ab8d54ba6d49c784a3256f34ba6f6d	2019-06-10 07:02:35	2018-02-13 05:58:09	2018-02-13 10:59:00	5260038eed41cc84116360b19317a69d	aabdb9ca8bd321441e3e1c0961949dd3		FooDesc				n	0/1	0/100	1970-01-01 00:00:00
C	493010fa0b424d9385edde82e00792c0	1f9abe9eeacb433e885fc5df97349016	2019-06-10 07:02:35	2018-02-13 05:58:09	2018-02-13 10:59:00	5260038eed41cc84116360b19317a69d	aabdb9ca8bd321441e3e1c0961949dd3		FooDesc				n	0/1	0/100	1970-01-01 00:00:00
===== END
===== START
B	493010fa0b424d9385edde82e00792c0	638bbd920d074e4a9cc586865fdbcabb	2019-06-10 07:02:35	2018-02-13 05:58:09	2018-02-13 10:59:00	5260038eed41cc84116360b19317a69d	aabdb9ca8bd321441e3e1c0961949dd3		FooDesc				n	0/1	0/100	1970-01-01 00:00:00
B	493010fa0b424d9385edde82e00792c0	41ab8d54ba6d49c784a3256f34ba6f6d	2019-06-10 07:02:35	2018-02-13 05:58:09	2018-02-13 10:59:00	5260038eed41cc84116360b19317a69d	aabdb9ca8bd321441e3e1c0961949dd3		FooDesc				n	0/1	0/100	1970-01-01 00:00:00
B	493010fa0b424d9385edde82e00792c0	1f9abe9eeacb433e885fc5df97349016	2019-06-10 07:02:35	2018-02-13 05:58:09	2018-02-13 10:59:00	5260038eed41cc84116360b19317a69d	aabdb9ca8bd321441e3e1c0961949dd3		FooDesc				n	0/1	0/100	1970-01-01 00:00:00
===== END
===== START
C	493010fa0b424d9385edde82e00792c0	638bbd920d074e4a9cc586865fdbcabb	2019-06-10 07:02:35	2018-02-13 05:58:09	2019-06-01 10:59:00	a74cd01399ddc89450b6cfbe6a0b18b0	Cash in Wallet		FooDesc	BazNote			n	10000/100	10000/100	1970-01-01 00:00:00
C	493010fa0b424d9385edde82e00792c0	41ab8d54ba6d49c784a3256f34ba6f6d	2019-06-10 07:02:35	2018-02-13 05:58:09	2019-06-01 10:59:00	25c29cd905476d9f6db2d54c8d869214	Checking Account		FooDesc	BazNote			n	-2000/100	-2000/100	1970-01-01 00:00:00
C	493010fa0b424d9385edde82e00792c0	1f9abe9eeacb433e885fc5df97349016	2019-06-10 07:02:35	2018-02-13 05:58:09	2019-06-01 10:59:00	9831dd46174e47a69d8d1a5f5d131ebf	Savings Account		FooDesc	BazNote			n	-8000/100	-8000/100	1970-01-01 00:00:00
===== END
