mod	trans_guid	split_guid	time_now	date_entered	date_posted	acc_guid	acc_name	num	description	notes	memo	action	reconciled	amount	value	date_reconciled
-----------------
===== START
B	78bbd2b8787abad546673a935cfff888	2924913c4696e8ddf35e04ccfb130186	2019-04-24 05:43:42	2018-02-13 05:58:09	2018-02-13 10:59:00	5260038eed41cc84116360b19317a69d	aabdb9ca8bd321441e3e1c0961949dd3		FooDesc	BazNote			n	0/1	0/100	1970-01-01 00:00:00
B	78bbd2b8787abad546673a935cfff888	19240ee86505cb5f83bb2be7fe8c5226	2019-04-24 05:43:42	2018-02-13 05:58:09	2018-02-13 10:59:00	5260038eed41cc84116360b19317a69d	aabdb9ca8bd321441e3e1c0961949dd3		FooDesc	BazNote			n	0/1	0/100	1970-01-01 00:00:00
B	78bbd2b8787abad546673a935cfff888	5098d349c823e527311df21216845a09	2019-04-24 05:43:42	2018-02-13 05:58:09	2018-02-13 10:59:00	5260038eed41cc84116360b19317a69d	aabdb9ca8bd321441e3e1c0961949dd3		FooDesc	BazNote			n	0/1	0/100	1970-01-01 00:00:00
===== END
===== START
R	78bbd2b8787abad546673a935cfff888	2924913c4696e8ddf35e04ccfb130186	2019-04-24 05:43:42	2018-02-13 05:58:09	2018-02-13 10:59:00	5260038eed41cc84116360b19317a69d	aabdb9ca8bd321441e3e1c0961949dd3		FooDesc	BazNote			n	0/1	0/100	1970-01-01 00:00:00
R	78bbd2b8787abad546673a935cfff888	19240ee86505cb5f83bb2be7fe8c5226	2019-04-24 05:43:42	2018-02-13 05:58:09	2018-02-13 10:59:00	5260038eed41cc84116360b19317a69d	aabdb9ca8bd321441e3e1c0961949dd3		FooDesc	BazNote			n	0/1	0/100	1970-01-01 00:00:00
R	78bbd2b8787abad546673a935cfff888	5098d349c823e527311df21216845a09	2019-04-24 05:43:42	2018-02-13 05:58:09	2018-02-13 10:59:00	5260038eed41cc84116360b19317a69d	aabdb9ca8bd321441e3e1c0961949dd3		FooDesc	BazNote			n	0/1	0/100	1970-01-01 00:00:00
===== END
===== START
B	78bbd2b8787abad546673a935cfff888	2924913c4696e8ddf35e04ccfb130186	2019-04-24 05:43:42	2018-02-13 05:58:09	2018-02-13 10:59:00	5260038eed41cc84116360b19317a69d	aabdb9ca8bd321441e3e1c0961949dd3		FooDesc	BazNote			n	0/1	0/100	1970-01-01 00:00:00
B	78bbd2b8787abad546673a935cfff888	19240ee86505cb5f83bb2be7fe8c5226	2019-04-24 05:43:42	2018-02-13 05:58:09	2018-02-13 10:59:00	5260038eed41cc84116360b19317a69d	aabdb9ca8bd321441e3e1c0961949dd3		FooDesc	BazNote			n	0/1	0/100	1970-01-01 00:00:00
B	78bbd2b8787abad546673a935cfff888	5098d349c823e527311df21216845a09	2019-04-24 05:43:42	2018-02-13 05:58:09	2018-02-13 10:59:00	5260038eed41cc84116360b19317a69d	aabdb9ca8bd321441e3e1c0961949dd3		FooDesc	BazNote			n	0/1	0/100	1970-01-01 00:00:00
===== END
===== START
R	78bbd2b8787abad546673a935cfff888	2924913c4696e8ddf35e04ccfb130186	2019-04-24 05:43:42	2018-02-13 05:58:09	2018-02-13 10:59:00	5260038eed41cc84116360b19317a69d	aabdb9ca8bd321441e3e1c0961949dd3		FooDesc	BazNote			n	0/1	0/100	1970-01-01 00:00:00
R	78bbd2b8787abad546673a935cfff888	19240ee86505cb5f83bb2be7fe8c5226	2019-04-24 05:43:42	2018-02-13 05:58:09	2018-02-13 10:59:00	5260038eed41cc84116360b19317a69d	aabdb9ca8bd321441e3e1c0961949dd3		FooDesc	BazNote			n	0/1	0/100	1970-01-01 00:00:00
R	78bbd2b8787abad546673a935cfff888	5098d349c823e527311df21216845a09	2019-04-24 05:43:42	2018-02-13 05:58:09	2018-02-13 10:59:00	5260038eed41cc84116360b19317a69d	aabdb9ca8bd321441e3e1c0961949dd3		FooDesc	BazNote			n	0/1	0/100	1970-01-01 00:00:00
===== END
===== START
B	78bbd2b8787abad546673a935cfff888	2924913c4696e8ddf35e04ccfb130186	2019-04-24 05:43:42	2018-02-13 05:58:09	2018-02-13 10:59:00	5260038eed41cc84116360b19317a69d	aabdb9ca8bd321441e3e1c0961949dd3		FooDesc	BazNote			n	0/1	0/100	1970-01-01 00:00:00
B	78bbd2b8787abad546673a935cfff888	19240ee86505cb5f83bb2be7fe8c5226	2019-04-24 05:43:42	2018-02-13 05:58:09	2018-02-13 10:59:00	5260038eed41cc84116360b19317a69d	aabdb9ca8bd321441e3e1c0961949dd3		FooDesc	BazNote			n	0/1	0/100	1970-01-01 00:00:00
B	78bbd2b8787abad546673a935cfff888	5098d349c823e527311df21216845a09	2019-04-24 05:43:42	2018-02-13 05:58:09	2018-02-13 10:59:00	5260038eed41cc84116360b19317a69d	aabdb9ca8bd321441e3e1c0961949dd3		FooDesc	BazNote			n	0/1	0/100	1970-01-01 00:00:00
===== END
===== START
R	78bbd2b8787abad546673a935cfff888	2924913c4696e8ddf35e04ccfb130186	2019-04-24 05:43:42	2018-02-13 05:58:09	2018-02-13 10:59:00	5260038eed41cc84116360b19317a69d	aabdb9ca8bd321441e3e1c0961949dd3		FooDesc	BazNote			n	0/1	0/100	1970-01-01 00:00:00
R	78bbd2b8787abad546673a935cfff888	19240ee86505cb5f83bb2be7fe8c5226	2019-04-24 05:43:42	2018-02-13 05:58:09	2018-02-13 10:59:00	5260038eed41cc84116360b19317a69d	aabdb9ca8bd321441e3e1c0961949dd3		FooDesc	BazNote			n	0/1	0/100	1970-01-01 00:00:00
R	78bbd2b8787abad546673a935cfff888	5098d349c823e527311df21216845a09	2019-04-24 05:43:42	2018-02-13 05:58:09	2018-02-13 10:59:00	5260038eed41cc84116360b19317a69d	aabdb9ca8bd321441e3e1c0961949dd3		FooDesc	BazNote			n	0/1	0/100	1970-01-01 00:00:00
===== END
===== START
===== END
===== START
===== END
===== START
===== END
===== START
===== END
===== START
D	abb26dfd0a4f44c6ab63d4cf8c17f05e	d28cc679bfd14ec5b2967e7f6ec45433	2019-04-24 05:44:06	2019-04-24 05:44:06	2019-04-24 10:59:00								n	0/1	0/100	1970-01-01 00:00:00
===== END
===== START
D	5dc626e8fe4340db8ea7aad0923d910d	abebaa06f9314b4b8d916f47495bf6c1	2019-04-24 05:44:06	2019-04-24 05:44:06	2019-04-24 10:59:00								n	0/1	0/100	1970-01-01 00:00:00
===== END
===== START
D	c9f75bc1733548b4ba1a4f12ef572b18	b92e5a65862d4c1094c01b10a1b42d90	2019-04-24 05:44:06	2019-04-24 05:44:06	2019-04-24 10:59:00								n	0/1	0/100	1970-01-01 00:00:00
===== END
===== START
D	73d9837db69e45a2bfe7d15c38db789d	330e87b77ed5498b954dc70d58865686	2019-04-24 05:44:06	2019-04-24 05:44:06	2019-04-24 10:59:00								n	0/1	0/100	1970-01-01 00:00:00
===== END
