mod	trans_guid	split_guid	time_now	date_entered	date_posted	acc_guid	acc_name	num	description	notes	memo	action	reconciled	amount	value	date_reconciled
-----------------
===== START
B	78bbd2b8787abad546673a935cfff888	2924913c4696e8ddf35e04ccfb130186	2019-04-28 07:47:27	2018-02-13 05:58:09	2018-02-13 10:59:00	5260038eed41cc84116360b19317a69d	aabdb9ca8bd321441e3e1c0961949dd3		FooDesc	BazNote			n	0/1	0/100	1970-01-01 00:00:00
B	78bbd2b8787abad546673a935cfff888	19240ee86505cb5f83bb2be7fe8c5226	2019-04-28 07:47:27	2018-02-13 05:58:09	2018-02-13 10:59:00	5260038eed41cc84116360b19317a69d	aabdb9ca8bd321441e3e1c0961949dd3		FooDesc	BazNote			n	0/1	0/100	1970-01-01 00:00:00
B	78bbd2b8787abad546673a935cfff888	5098d349c823e527311df21216845a09	2019-04-28 07:47:27	2018-02-13 05:58:09	2018-02-13 10:59:00	5260038eed41cc84116360b19317a69d	aabdb9ca8bd321441e3e1c0961949dd3		FooDesc	BazNote			n	0/1	0/100	1970-01-01 00:00:00
===== END
===== START
R	78bbd2b8787abad546673a935cfff888	2924913c4696e8ddf35e04ccfb130186	2019-04-28 07:47:27	2018-02-13 05:58:09	2018-02-13 10:59:00	5260038eed41cc84116360b19317a69d	aabdb9ca8bd321441e3e1c0961949dd3		FooDesc	BazNote			n	0/1	0/100	1970-01-01 00:00:00
R	78bbd2b8787abad546673a935cfff888	19240ee86505cb5f83bb2be7fe8c5226	2019-04-28 07:47:27	2018-02-13 05:58:09	2018-02-13 10:59:00	5260038eed41cc84116360b19317a69d	aabdb9ca8bd321441e3e1c0961949dd3		FooDesc	BazNote			n	0/1	0/100	1970-01-01 00:00:00
R	78bbd2b8787abad546673a935cfff888	5098d349c823e527311df21216845a09	2019-04-28 07:47:27	2018-02-13 05:58:09	2018-02-13 10:59:00	5260038eed41cc84116360b19317a69d	aabdb9ca8bd321441e3e1c0961949dd3		FooDesc	BazNote			n	0/1	0/100	1970-01-01 00:00:00
===== END
===== START
B	78bbd2b8787abad546673a935cfff888	2924913c4696e8ddf35e04ccfb130186	2019-04-28 07:47:27	2018-02-13 05:58:09	2018-02-13 10:59:00	5260038eed41cc84116360b19317a69d	aabdb9ca8bd321441e3e1c0961949dd3		FooDesc	BazNote			n	0/1	0/100	1970-01-01 00:00:00
B	78bbd2b8787abad546673a935cfff888	19240ee86505cb5f83bb2be7fe8c5226	2019-04-28 07:47:27	2018-02-13 05:58:09	2018-02-13 10:59:00	5260038eed41cc84116360b19317a69d	aabdb9ca8bd321441e3e1c0961949dd3		FooDesc	BazNote			n	0/1	0/100	1970-01-01 00:00:00
B	78bbd2b8787abad546673a935cfff888	5098d349c823e527311df21216845a09	2019-04-28 07:47:27	2018-02-13 05:58:09	2018-02-13 10:59:00	5260038eed41cc84116360b19317a69d	aabdb9ca8bd321441e3e1c0961949dd3		FooDesc	BazNote			n	0/1	0/100	1970-01-01 00:00:00
===== END
===== START
R	78bbd2b8787abad546673a935cfff888	2924913c4696e8ddf35e04ccfb130186	2019-04-28 07:47:27	2018-02-13 05:58:09	2018-02-13 10:59:00	5260038eed41cc84116360b19317a69d	aabdb9ca8bd321441e3e1c0961949dd3		FooDesc	BazNote			n	0/1	0/100	1970-01-01 00:00:00
R	78bbd2b8787abad546673a935cfff888	19240ee86505cb5f83bb2be7fe8c5226	2019-04-28 07:47:27	2018-02-13 05:58:09	2018-02-13 10:59:00	5260038eed41cc84116360b19317a69d	aabdb9ca8bd321441e3e1c0961949dd3		FooDesc	BazNote			n	0/1	0/100	1970-01-01 00:00:00
R	78bbd2b8787abad546673a935cfff888	5098d349c823e527311df21216845a09	2019-04-28 07:47:27	2018-02-13 05:58:09	2018-02-13 10:59:00	5260038eed41cc84116360b19317a69d	aabdb9ca8bd321441e3e1c0961949dd3		FooDesc	BazNote			n	0/1	0/100	1970-01-01 00:00:00
===== END
===== START
B	78bbd2b8787abad546673a935cfff888	2924913c4696e8ddf35e04ccfb130186	2019-04-28 07:47:27	2018-02-13 05:58:09	2018-02-13 10:59:00	5260038eed41cc84116360b19317a69d	aabdb9ca8bd321441e3e1c0961949dd3		FooDesc	BazNote			n	0/1	0/100	1970-01-01 00:00:00
B	78bbd2b8787abad546673a935cfff888	19240ee86505cb5f83bb2be7fe8c5226	2019-04-28 07:47:27	2018-02-13 05:58:09	2018-02-13 10:59:00	5260038eed41cc84116360b19317a69d	aabdb9ca8bd321441e3e1c0961949dd3		FooDesc	BazNote			n	0/1	0/100	1970-01-01 00:00:00
B	78bbd2b8787abad546673a935cfff888	5098d349c823e527311df21216845a09	2019-04-28 07:47:27	2018-02-13 05:58:09	2018-02-13 10:59:00	5260038eed41cc84116360b19317a69d	aabdb9ca8bd321441e3e1c0961949dd3		FooDesc	BazNote			n	0/1	0/100	1970-01-01 00:00:00
===== END
===== START
R	78bbd2b8787abad546673a935cfff888	2924913c4696e8ddf35e04ccfb130186	2019-04-28 07:47:27	2018-02-13 05:58:09	2018-02-13 10:59:00	5260038eed41cc84116360b19317a69d	aabdb9ca8bd321441e3e1c0961949dd3		FooDesc	BazNote			n	0/1	0/100	1970-01-01 00:00:00
R	78bbd2b8787abad546673a935cfff888	19240ee86505cb5f83bb2be7fe8c5226	2019-04-28 07:47:27	2018-02-13 05:58:09	2018-02-13 10:59:00	5260038eed41cc84116360b19317a69d	aabdb9ca8bd321441e3e1c0961949dd3		FooDesc	BazNote			n	0/1	0/100	1970-01-01 00:00:00
R	78bbd2b8787abad546673a935cfff888	5098d349c823e527311df21216845a09	2019-04-28 07:47:27	2018-02-13 05:58:09	2018-02-13 10:59:00	5260038eed41cc84116360b19317a69d	aabdb9ca8bd321441e3e1c0961949dd3		FooDesc	BazNote			n	0/1	0/100	1970-01-01 00:00:00
===== END
===== START
===== END
===== START
===== END
===== START
===== END
===== START
===== END
===== START
D	46b9ba2de2d54316b6b165a2f5fc82e9	3cc4acf8788643c695d01b4e97f91a05	2019-04-28 07:47:31	2019-04-28 07:47:31	2019-04-28 10:59:00								n	0/1	0/100	1970-01-01 00:00:00
===== END
===== START
D	c170e6a4b49349bfb748008c38267e60	37d8e1b13ab44ef5bde14c001950d4b8	2019-04-28 07:47:31	2019-04-28 07:47:31	2019-04-28 10:59:00								n	0/1	0/100	1970-01-01 00:00:00
===== END
===== START
D	90cf2071e70a453f98d276a53aadc63c	b15a144e266042868c9ac703cec70524	2019-04-28 07:47:33	2019-04-28 07:47:33	2019-04-28 10:59:00								n	0/1	0/100	1970-01-01 00:00:00
===== END
===== START
D	d8095ddecc5a479ba8d3fe0cb41fdc90	484f5bfb12904360836da3b604c2f9fe	2019-04-28 07:47:33	2019-04-28 07:47:33	2019-04-28 10:59:00								n	0/1	0/100	1970-01-01 00:00:00
===== END
