mod	trans_guid	split_guid	time_now	date_entered	date_posted	acc_guid	acc_name	num	description	notes	memo	action	reconciled	amount	value	date_reconciled
-----------------
===== START
===== END
===== START
===== END
===== START
===== END
===== START
B	5be11c009a88b4198aa65ee878ddf99d	714c69b235d450f11e4add7077b4cde7	2018-04-30 07:16:04.000000 +0200	2014-12-25 11:07:30.000000 +0100	2014-12-24 11:59:00.000000 +0100	adc619f0ac7fa27d5768bfd73ecbc01e	Checking		initial load				n	100000/100	100000/100	1970-01-01 01:00:00.000000 +0100
B	5be11c009a88b4198aa65ee878ddf99d	3a53ab1f73cb74d9882dd14b7d6a4a78	2018-04-30 07:16:04.000000 +0200	2014-12-25 11:07:30.000000 +0100	2014-12-24 11:59:00.000000 +0100	96ed7a45459fb5fe570e48fcd46f05d0	Liability		initial load				n	-100000/100	-100000/100	1970-01-01 01:00:00.000000 +0100
===== END
===== START
B	6294086c678a584e7ce184b523699f6c	b8387081c3d60310465a5d316fb6745a	2018-04-30 07:16:04.000000 +0200	2014-12-25 11:08:08.000000 +0100	2014-12-24 11:59:00.000000 +0100	af88d386d44b14acf244362b85ccaf4c	Expense		expense 1				n	20000/100	20000/100	1970-01-01 01:00:00.000000 +0100
B	6294086c678a584e7ce184b523699f6c	d96c36fed7324332bfeff80e52cd9892	2018-04-30 07:16:04.000000 +0200	2014-12-25 11:08:08.000000 +0100	2014-12-24 11:59:00.000000 +0100	adc619f0ac7fa27d5768bfd73ecbc01e	Checking		expense 1				n	-20000/100	-20000/100	1970-01-01 01:00:00.000000 +0100
===== END
===== START
B	6c8876003c4a6026e38e3afb67d6f2b1	de832fe97e37811a7fff7e28b3a43425	2018-04-30 07:16:04.000000 +0200	2014-12-25 11:08:15.000000 +0100	2014-12-24 11:59:00.000000 +0100	93fc043c3062aaa1297b30e543d2cd0d	Cash		income 1				n	15000/100	15000/100	1970-01-01 01:00:00.000000 +0100
B	6c8876003c4a6026e38e3afb67d6f2b1	1e612f650eb598d9e803902b6aca73e3	2018-04-30 07:16:04.000000 +0200	2014-12-25 11:08:15.000000 +0100	2014-12-24 11:59:00.000000 +0100	6bbc8f20544452cac1637fb9a9b851bb	Income		income 1				n	-15000/100	-15000/100	1970-01-01 01:00:00.000000 +0100
===== END
===== START
B	325537f4f0fadfd9ffb6aad3cd18e360	6ca852f33ee5415d22dfc132f5c5ec09	2018-04-30 07:16:04.000000 +0200	2014-12-25 11:11:26.000000 +0100	2014-12-24 11:59:00.000000 +0100	96ed7a45459fb5fe570e48fcd46f05d0	Liability		loan payment		capital		n	10000/100	10000/100	1970-01-01 01:00:00.000000 +0100
B	325537f4f0fadfd9ffb6aad3cd18e360	3142f6ebed4469f9a692dfa69a0080f5	2018-04-30 07:16:04.000000 +0200	2014-12-25 11:11:26.000000 +0100	2014-12-24 11:59:00.000000 +0100	af88d386d44b14acf244362b85ccaf4c	Expense		loan payment		interest		n	3000/100	3000/100	1970-01-01 01:00:00.000000 +0100
B	325537f4f0fadfd9ffb6aad3cd18e360	47c7fdca3bc04d6ad734eefc2794ddfe	2018-04-30 07:16:04.000000 +0200	2014-12-25 11:11:26.000000 +0100	2014-12-24 11:59:00.000000 +0100	adc619f0ac7fa27d5768bfd73ecbc01e	Checking		loan payment		monthly payment		n	-13000/100	-13000/100	1970-01-01 01:00:00.000000 +0100
===== END
===== START
B	0fac88d8412f46d5e16beb87aee0fd22	42336a5732d54b22fa080be3b50ff5b7	2018-04-30 07:16:04.000000 +0200	2018-02-20 22:12:49.000000 +0100	2018-02-20 11:59:00.000000 +0100	93fc043c3062aaa1297b30e543d2cd0d	Cash		Transfer current				n	10000/100	10000/100	1970-01-01 01:00:00.000000 +0100
B	0fac88d8412f46d5e16beb87aee0fd22	486341b68457b037ecd75dcdcbf64bc5	2018-04-30 07:16:04.000000 +0200	2018-02-20 22:12:49.000000 +0100	2018-02-20 11:59:00.000000 +0100	adc619f0ac7fa27d5768bfd73ecbc01e	Checking		Transfer current				n	-10000/100	-10000/100	1970-01-01 01:00:00.000000 +0100
===== END
===== START
B	a5b50b770ee5e01361c49300aedb5e0f	eb832677cb2a013fcc4140316ccb3323	2018-04-30 07:16:04.000000 +0200	2018-02-20 22:13:01.000000 +0100	2018-02-20 11:59:00.000000 +0100	af88d386d44b14acf244362b85ccaf4c	Expense		Purchase				n	3000/100	3000/100	1970-01-01 01:00:00.000000 +0100
B	a5b50b770ee5e01361c49300aedb5e0f	f32095185808aff854fc020ee2eedb5d	2018-04-30 07:16:04.000000 +0200	2018-02-20 22:13:01.000000 +0100	2018-02-20 11:59:00.000000 +0100	93fc043c3062aaa1297b30e543d2cd0d	Cash		Purchase				n	-3000/100	-3000/100	1970-01-01 01:00:00.000000 +0100
===== END
===== START
B	e774d4b1fbd3c8c853b2c45a1d74f5f9	ea72c01205e1f619aa278930648b060e	2018-04-30 07:16:04.000000 +0200	2018-02-20 22:13:30.000000 +0100	2018-02-20 11:59:00.000000 +0100	adc619f0ac7fa27d5768bfd73ecbc01e	Checking		transfer intra				n	25000/100	25000/100	1970-01-01 01:00:00.000000 +0100
B	e774d4b1fbd3c8c853b2c45a1d74f5f9	bae8bc3a2b29812691016e61c425fda5	2018-04-30 07:16:04.000000 +0200	2018-02-20 22:13:30.000000 +0100	2018-02-20 11:59:00.000000 +0100	a1dd9e8118bff87db289482bceebfea9	Savings		transfer intra				n	-25000/100	-25000/100	1970-01-01 01:00:00.000000 +0100
===== END
===== START
B	7b3a2df3645b3e490121814c8ad7146d	4f78ef3650c38115abf60365f9484b45	2018-04-30 07:16:04.000000 +0200	2018-02-20 22:13:50.000000 +0100	2018-02-20 11:59:00.000000 +0100	a1dd9e8118bff87db289482bceebfea9	Savings		Opening Balance				n	250000/100	250000/100	1970-01-01 01:00:00.000000 +0100
B	7b3a2df3645b3e490121814c8ad7146d	afcba9bb98422e5ca64931a5efd86025	2018-04-30 07:16:04.000000 +0200	2018-02-20 22:13:50.000000 +0100	2018-02-20 11:59:00.000000 +0100	1305127e63737f8c39afb49b5bbeca7a	Opening Balances - EUR		Opening Balance				n	-250000/100	-250000/100	1970-01-01 01:00:00.000000 +0100
===== END
===== START
B	59d9b60221a4615e74f8e489dceff58b	76cd1180d563db608495c710d2774c9a	2018-04-30 07:16:04.000000 +0200	2018-02-20 22:14:36.000000 +0100	2018-02-20 11:59:00.000000 +0100	a3dc764fea53b709af7fcead6470da43	House		house load				n	2000000/100	2000000/100	1970-01-01 01:00:00.000000 +0100
B	59d9b60221a4615e74f8e489dceff58b	c8eb859a307babbb2fdf66871cf4c0a8	2018-04-30 07:16:04.000000 +0200	2018-02-20 22:14:36.000000 +0100	2018-02-20 11:59:00.000000 +0100	96ed7a45459fb5fe570e48fcd46f05d0	Liability		house load				n	-2000000/100	-2000000/100	1970-01-01 01:00:00.000000 +0100
===== END
===== START
B	a5924cd14525c307cc5862c97361b031	e07539176a70222b16369bd246b174b9	2018-04-30 07:16:04.000000 +0200	2018-02-21 07:58:44.000000 +0100	2018-02-21 11:59:00.000000 +0100	1c089803052e85f5c6d8e786057dbaee	Foo stock		buy foo				n	1300000/10000	120000/100	1970-01-01 01:00:00.000000 +0100
B	a5924cd14525c307cc5862c97361b031	e055799a549308621a16c715c870e29a	2018-04-30 07:16:04.000000 +0200	2018-02-21 07:58:44.000000 +0100	2018-02-21 11:59:00.000000 +0100	7894e9c3e955f5eaa9689d16ed775660	EUR5		buy foo				n	120000/100	120000/100	1970-01-01 01:00:00.000000 +0100
B	a5924cd14525c307cc5862c97361b031	f5f1b767b38439eff788bed8fca8d1c2	2018-04-30 07:16:04.000000 +0200	2018-02-21 07:58:44.000000 +0100	2018-02-21 11:59:00.000000 +0100	a1dd9e8118bff87db289482bceebfea9	Savings		buy foo				n	-120000/100	-120000/100	1970-01-01 01:00:00.000000 +0100
B	a5924cd14525c307cc5862c97361b031	85d451d09db85fb97cea6fe2e876d566	2018-04-30 07:16:04.000000 +0200	2018-02-21 07:58:44.000000 +0100	2018-02-21 11:59:00.000000 +0100	0ccab772d0d16a3e1eaf42cd53f891e5	FOO		buy foo				n	-1300000/10000	-120000/100	1970-01-01 01:00:00.000000 +0100
===== END
===== START
B	2d249b7d3fc8efe17865873b97748f50	b3c4df045f2a19332e143cd83a7e013f	2018-04-30 07:16:04.000000 +0200	2018-02-21 08:25:53.000000 +0100	2018-02-21 11:59:00.000000 +0100	a1dd9e8118bff87db289482bceebfea9	Savings		Opening Balance				n	250000/100	250000/100	1970-01-01 01:00:00.000000 +0100
B	2d249b7d3fc8efe17865873b97748f50	d240433d6812fc634c21200fb559d07f	2018-04-30 07:16:04.000000 +0200	2018-02-21 08:25:53.000000 +0100	2018-02-21 11:59:00.000000 +0100	1305127e63737f8c39afb49b5bbeca7a	Opening Balances - EUR		Opening Balance				n	-250000/100	-250000/100	1970-01-01 01:00:00.000000 +0100
===== END
