mod	trans_guid	split_guid	time_now	date_entered	date_posted	acc_guid	acc_name	num	description	notes	memo	action	reconciled	amount	value	date_reconciled
-----------------
===== START
===== END
===== START
===== END
===== START
===== END
===== START
===== END
===== START
D	b1ca7670e0ea48d38304fa462a3da25b	7747bba0c8e24526a8cd722fcaf2a733	2019-04-24 06:31:38	2019-04-24 06:31:38	2019-04-24 10:59:00								n	0/1	0/100	1970-01-01 00:00:00
===== END
===== START
D	7d614c4e6a0640868d5b53ec8d8d0800	aca2fafc46c44ccf82b9afa339f0978b	2019-04-24 06:31:38	2019-04-24 06:31:38	2019-04-24 10:59:00								n	0/1	0/100	1970-01-01 00:00:00
===== END
===== START
D	02ef8eb76bc74b35b56d221c3f73540f	ba3c9e81ebb740618f2ecf1ad0e73c8b	2019-04-24 06:31:38	2019-04-24 06:31:38	2019-04-24 10:59:00								n	0/1	0/100	1970-01-01 00:00:00
===== END
===== START
D	8d723a0b58ad4d27b7d36c74368d876f	0518a2f2be29402ca8392ff79f6e9dba	2019-04-24 06:31:38	2019-04-24 06:31:38	2019-04-24 10:59:00								n	0/1	0/100	1970-01-01 00:00:00
===== END
