mod	trans_guid	split_guid	time_now	date_entered	date_posted	acc_guid	acc_name	num	description	notes	memo	action	reconciled	amount	value	date_reconciled
-----------------
===== START
===== END
===== START
B	5be11c009a88b4198aa65ee878ddf99d	714c69b235d450f11e4add7077b4cde7	2018-04-30 07:19:26.000000 +0200	2014-12-25 11:07:30.000000 +0100	2014-12-24 11:59:00.000000 +0100	fcd795021c976ba75621ec39e75f6214	Asset		initial load				n	100000/100	100000/100	1970-01-01 01:00:00.000000 +0100
B	5be11c009a88b4198aa65ee878ddf99d	3a53ab1f73cb74d9882dd14b7d6a4a78	2018-04-30 07:19:26.000000 +0200	2014-12-25 11:07:30.000000 +0100	2014-12-24 11:59:00.000000 +0100	96ed7a45459fb5fe570e48fcd46f05d0	Liability		initial load				n	-100000/100	-100000/100	1970-01-01 01:00:00.000000 +0100
===== END
===== START
B	6294086c678a584e7ce184b523699f6c	b8387081c3d60310465a5d316fb6745a	2018-04-30 07:19:26.000000 +0200	2014-12-25 11:08:08.000000 +0100	2014-12-24 11:59:00.000000 +0100	af88d386d44b14acf244362b85ccaf4c	Expense		expense 1				n	20000/100	20000/100	1970-01-01 01:00:00.000000 +0100
B	6294086c678a584e7ce184b523699f6c	d96c36fed7324332bfeff80e52cd9892	2018-04-30 07:19:26.000000 +0200	2014-12-25 11:08:08.000000 +0100	2014-12-24 11:59:00.000000 +0100	fcd795021c976ba75621ec39e75f6214	Asset		expense 1				n	-20000/100	-20000/100	1970-01-01 01:00:00.000000 +0100
===== END
===== START
B	6c8876003c4a6026e38e3afb67d6f2b1	de832fe97e37811a7fff7e28b3a43425	2018-04-30 07:19:26.000000 +0200	2014-12-25 11:08:15.000000 +0100	2014-12-24 11:59:00.000000 +0100	fcd795021c976ba75621ec39e75f6214	Asset		income 1				n	15000/100	15000/100	1970-01-01 01:00:00.000000 +0100
B	6c8876003c4a6026e38e3afb67d6f2b1	1e612f650eb598d9e803902b6aca73e3	2018-04-30 07:19:26.000000 +0200	2014-12-25 11:08:15.000000 +0100	2014-12-24 11:59:00.000000 +0100	6bbc8f20544452cac1637fb9a9b851bb	Income		income 1				n	-15000/100	-15000/100	1970-01-01 01:00:00.000000 +0100
===== END
===== START
B	68286d85ba34fe1ea522a04da9abd378	5a97df27f1c6a677e8c5faa1dc1da386	2018-04-30 07:19:26.000000 +0200	2014-12-25 11:09:56.000000 +0100	2014-11-30 11:59:00.000000 +0100	fcd795021c976ba75621ec39e75f6214	Asset		Opening Balance				n	50000/100	50000/100	1970-01-01 01:00:00.000000 +0100
B	68286d85ba34fe1ea522a04da9abd378	ed5943050b45631f1f31d62f822b423b	2018-04-30 07:19:26.000000 +0200	2014-12-25 11:09:56.000000 +0100	2014-11-30 11:59:00.000000 +0100	1305127e63737f8c39afb49b5bbeca7a	Opening Balances - EUR		Opening Balance				n	-50000/100	-50000/100	1970-01-01 01:00:00.000000 +0100
===== END
===== START
B	325537f4f0fadfd9ffb6aad3cd18e360	6ca852f33ee5415d22dfc132f5c5ec09	2018-04-30 07:19:26.000000 +0200	2014-12-25 11:11:26.000000 +0100	2014-12-24 11:59:00.000000 +0100	96ed7a45459fb5fe570e48fcd46f05d0	Liability		loan payment		capital		n	10000/100	10000/100	1970-01-01 01:00:00.000000 +0100
B	325537f4f0fadfd9ffb6aad3cd18e360	3142f6ebed4469f9a692dfa69a0080f5	2018-04-30 07:19:26.000000 +0200	2014-12-25 11:11:26.000000 +0100	2014-12-24 11:59:00.000000 +0100	af88d386d44b14acf244362b85ccaf4c	Expense		loan payment		interest		n	3000/100	3000/100	1970-01-01 01:00:00.000000 +0100
B	325537f4f0fadfd9ffb6aad3cd18e360	47c7fdca3bc04d6ad734eefc2794ddfe	2018-04-30 07:19:26.000000 +0200	2014-12-25 11:11:26.000000 +0100	2014-12-24 11:59:00.000000 +0100	fcd795021c976ba75621ec39e75f6214	Asset		loan payment		monthly payment		n	-13000/100	-13000/100	1970-01-01 01:00:00.000000 +0100
===== END
