mod	trans_guid	split_guid	time_now	date_entered	date_posted	acc_guid	acc_name	num	description	notes	memo	action	reconciled	amount	value	date_reconciled
-----------------
===== START
===== END
===== START
===== END
===== START
D	142b2329a4a54364aaa76489ac7f3872	315e2add089944c39bd4caaecb084c83	2019-06-10 07:02:46	2019-06-10 07:02:46	2019-06-10 10:59:00								n	0/1	0/100	1970-01-01 00:00:00
===== END
===== START
D	2cb6e855261947a68b061752c8dc52ea	b0f0469ba8734212bf357b4c1c17c8ac	2019-06-10 07:02:47	2019-06-10 07:02:47	2019-06-10 10:59:00								n	0/1	0/100	1970-01-01 00:00:00
===== END
===== START
===== END
===== START
C	6813c767862844a88b3c3c34b4e08bb2	70f6494bdc4b42fa912b953e84865989	2019-06-10 07:03:26	2019-06-10 07:03:26	2019-06-10 10:59:00	7adcef25b2e6443e9deab989e9c60336	test india		foo				n	50000/100	50000/100	1970-01-01 00:00:00
C	6813c767862844a88b3c3c34b4e08bb2	4145f9e558654763802f7d2964685c27	2019-06-10 07:03:26	2019-06-10 07:03:26	2019-06-10 10:59:00	6bbc8f20544452cac1637fb9a9b851bb	Income		foo				n	-216216200000/100	-50000/100	1970-01-01 00:00:00
C	6813c767862844a88b3c3c34b4e08bb2	e966ec8a39124392a3d6dbb1fe96bc49	2019-06-10 07:03:26	2019-06-10 07:03:26	2019-06-10 10:59:00	c918695f51884988bf8ae27537a8fab0	EUR		foo				n	216216200000/100	50000/100	1970-01-01 00:00:00
C	6813c767862844a88b3c3c34b4e08bb2	89eccbd76dfa49b49302c9edc75d42de	2019-06-10 07:03:26	2019-06-10 07:03:26	2019-06-10 10:59:00	2ba74ebc13b148399ce8a19f56cdcf20	INR		foo				n	-50000/100	-50000/100	1970-01-01 00:00:00
===== END
===== START
===== END
===== START
B	6813c767862844a88b3c3c34b4e08bb2	70f6494bdc4b42fa912b953e84865989	2019-06-10 07:04:06	2019-06-10 07:03:26	2019-06-10 10:59:00	7adcef25b2e6443e9deab989e9c60336	test india		foo				n	50000/100	50000/100	1970-01-01 00:00:00
B	6813c767862844a88b3c3c34b4e08bb2	e966ec8a39124392a3d6dbb1fe96bc49	2019-06-10 07:04:06	2019-06-10 07:03:26	2019-06-10 10:59:00	c918695f51884988bf8ae27537a8fab0	EUR		foo				n	216216200000/100	50000/100	1970-01-01 00:00:00
B	6813c767862844a88b3c3c34b4e08bb2	4145f9e558654763802f7d2964685c27	2019-06-10 07:04:06	2019-06-10 07:03:26	2019-06-10 10:59:00	6bbc8f20544452cac1637fb9a9b851bb	Income		foo				n	-216216200000/100	-50000/100	1970-01-01 00:00:00
B	6813c767862844a88b3c3c34b4e08bb2	89eccbd76dfa49b49302c9edc75d42de	2019-06-10 07:04:06	2019-06-10 07:03:26	2019-06-10 10:59:00	2ba74ebc13b148399ce8a19f56cdcf20	INR		foo				n	-50000/100	-50000/100	1970-01-01 00:00:00
===== END
===== START
D	6813c767862844a88b3c3c34b4e08bb2	70f6494bdc4b42fa912b953e84865989	2019-06-10 07:04:06	2019-06-10 07:03:26	2019-06-10 10:59:00	7adcef25b2e6443e9deab989e9c60336	test india		foo				n	50000/100	50000/100	1970-01-01 00:00:00
D	6813c767862844a88b3c3c34b4e08bb2	e966ec8a39124392a3d6dbb1fe96bc49	2019-06-10 07:04:06	2019-06-10 07:03:26	2019-06-10 10:59:00	c918695f51884988bf8ae27537a8fab0	EUR		foo				n	216216200000/100	50000/100	1970-01-01 00:00:00
D	6813c767862844a88b3c3c34b4e08bb2	4145f9e558654763802f7d2964685c27	2019-06-10 07:04:06	2019-06-10 07:03:26	2019-06-10 10:59:00	6bbc8f20544452cac1637fb9a9b851bb	Income		foo				n	-216216200000/100	-50000/100	1970-01-01 00:00:00
D	6813c767862844a88b3c3c34b4e08bb2	89eccbd76dfa49b49302c9edc75d42de	2019-06-10 07:04:06	2019-06-10 07:03:26	2019-06-10 10:59:00	2ba74ebc13b148399ce8a19f56cdcf20	INR		foo				n	-50000/100	-50000/100	1970-01-01 00:00:00
===== END
===== START
C	834036aea2104e1b84f34691dd7d0007	f911214772554e958ca8e9ded2c2273c	2019-06-10 07:04:26	2019-06-10 07:04:26	2019-06-10 10:59:00	7adcef25b2e6443e9deab989e9c60336	test india		foo				n	10000/100	10000/100	1970-01-01 00:00:00
C	834036aea2104e1b84f34691dd7d0007	f0c6b6fdba1a4600960e2bcbb06fd4e1	2019-06-10 07:04:26	2019-06-10 07:04:26	2019-06-10 10:59:00	6bbc8f20544452cac1637fb9a9b851bb	Income		foo				n	-342/100	-10000/100	1970-01-01 00:00:00
C	834036aea2104e1b84f34691dd7d0007	ec4b7ecc97124c708bc3dbe1f6325238	2019-06-10 07:04:26	2019-06-10 07:04:26	2019-06-10 10:59:00	c918695f51884988bf8ae27537a8fab0	EUR		foo				n	342/100	10000/100	1970-01-01 00:00:00
C	834036aea2104e1b84f34691dd7d0007	8b8314a7634f4142948d1c2dfca834a1	2019-06-10 07:04:26	2019-06-10 07:04:26	2019-06-10 10:59:00	2ba74ebc13b148399ce8a19f56cdcf20	INR		foo				n	-10000/100	-10000/100	1970-01-01 00:00:00
===== END
===== START
===== END
===== START
B	834036aea2104e1b84f34691dd7d0007	f911214772554e958ca8e9ded2c2273c	2019-06-10 07:04:31	2019-06-10 07:04:26	2019-06-10 10:59:00	7adcef25b2e6443e9deab989e9c60336	test india		foo				n	10000/100	10000/100	1970-01-01 00:00:00
B	834036aea2104e1b84f34691dd7d0007	ec4b7ecc97124c708bc3dbe1f6325238	2019-06-10 07:04:31	2019-06-10 07:04:26	2019-06-10 10:59:00	c918695f51884988bf8ae27537a8fab0	EUR		foo				n	342/100	10000/100	1970-01-01 00:00:00
B	834036aea2104e1b84f34691dd7d0007	f0c6b6fdba1a4600960e2bcbb06fd4e1	2019-06-10 07:04:31	2019-06-10 07:04:26	2019-06-10 10:59:00	6bbc8f20544452cac1637fb9a9b851bb	Income		foo				n	-342/100	-10000/100	1970-01-01 00:00:00
B	834036aea2104e1b84f34691dd7d0007	8b8314a7634f4142948d1c2dfca834a1	2019-06-10 07:04:31	2019-06-10 07:04:26	2019-06-10 10:59:00	2ba74ebc13b148399ce8a19f56cdcf20	INR		foo				n	-10000/100	-10000/100	1970-01-01 00:00:00
===== END
===== START
C	834036aea2104e1b84f34691dd7d0007	f911214772554e958ca8e9ded2c2273c	2019-06-10 07:04:31	2019-06-10 07:04:26	2019-06-10 10:59:00	7adcef25b2e6443e9deab989e9c60336	test india		foo				n	1000000/100	1000000/100	1970-01-01 00:00:00
C	834036aea2104e1b84f34691dd7d0007	ec4b7ecc97124c708bc3dbe1f6325238	2019-06-10 07:04:31	2019-06-10 07:04:26	2019-06-10 10:59:00	c918695f51884988bf8ae27537a8fab0	EUR		foo				n	34200/100	1000000/100	1970-01-01 00:00:00
C	834036aea2104e1b84f34691dd7d0007	f0c6b6fdba1a4600960e2bcbb06fd4e1	2019-06-10 07:04:31	2019-06-10 07:04:26	2019-06-10 10:59:00	6bbc8f20544452cac1637fb9a9b851bb	Income		foo				n	-34200/100	-1000000/100	1970-01-01 00:00:00
C	834036aea2104e1b84f34691dd7d0007	8b8314a7634f4142948d1c2dfca834a1	2019-06-10 07:04:31	2019-06-10 07:04:26	2019-06-10 10:59:00	2ba74ebc13b148399ce8a19f56cdcf20	INR		foo				n	-1000000/100	-1000000/100	1970-01-01 00:00:00
===== END
===== START
B	834036aea2104e1b84f34691dd7d0007	f911214772554e958ca8e9ded2c2273c	2019-06-10 07:04:47	2019-06-10 07:04:26	2019-06-10 10:59:00	7adcef25b2e6443e9deab989e9c60336	test india		foo				n	1000000/100	1000000/100	1970-01-01 00:00:00
B	834036aea2104e1b84f34691dd7d0007	ec4b7ecc97124c708bc3dbe1f6325238	2019-06-10 07:04:47	2019-06-10 07:04:26	2019-06-10 10:59:00	c918695f51884988bf8ae27537a8fab0	EUR		foo				n	34200/100	1000000/100	1970-01-01 00:00:00
B	834036aea2104e1b84f34691dd7d0007	f0c6b6fdba1a4600960e2bcbb06fd4e1	2019-06-10 07:04:47	2019-06-10 07:04:26	2019-06-10 10:59:00	6bbc8f20544452cac1637fb9a9b851bb	Income		foo				n	-34200/100	-1000000/100	1970-01-01 00:00:00
B	834036aea2104e1b84f34691dd7d0007	8b8314a7634f4142948d1c2dfca834a1	2019-06-10 07:04:47	2019-06-10 07:04:26	2019-06-10 10:59:00	2ba74ebc13b148399ce8a19f56cdcf20	INR		foo				n	-1000000/100	-1000000/100	1970-01-01 00:00:00
===== END
===== START
C	834036aea2104e1b84f34691dd7d0007	f911214772554e958ca8e9ded2c2273c	2019-06-10 07:04:47	2019-06-10 07:04:26	2019-06-10 10:59:00	7adcef25b2e6443e9deab989e9c60336	test india		foo				n	1000000/100	1000000/100	1970-01-01 00:00:00
C	834036aea2104e1b84f34691dd7d0007	ec4b7ecc97124c708bc3dbe1f6325238	2019-06-10 07:04:47	2019-06-10 07:04:26	2019-06-10 10:59:00	c918695f51884988bf8ae27537a8fab0	EUR		foo				n	34200/100	1000000/100	1970-01-01 00:00:00
C	834036aea2104e1b84f34691dd7d0007	f0c6b6fdba1a4600960e2bcbb06fd4e1	2019-06-10 07:04:47	2019-06-10 07:04:26	2019-06-10 10:59:00	6bbc8f20544452cac1637fb9a9b851bb	Income		foo				n	-34200/100	-1000000/100	1970-01-01 00:00:00
C	834036aea2104e1b84f34691dd7d0007	8b8314a7634f4142948d1c2dfca834a1	2019-06-10 07:04:47	2019-06-10 07:04:26	2019-06-10 10:59:00	2ba74ebc13b148399ce8a19f56cdcf20	INR		foo				n	-1000000/100	-1000000/100	1970-01-01 00:00:00
===== END
===== START
D	2295aa8089154c0eaaca82f7d2dd9eaa	dd8d471e153243319938aca1b323c02e	2019-06-10 07:04:47	2019-06-10 07:04:47	2019-06-10 10:59:00								n	0/1	0/100	1970-01-01 00:00:00
===== END
===== START
===== END
===== START
B	834036aea2104e1b84f34691dd7d0007	f911214772554e958ca8e9ded2c2273c	2019-06-10 07:04:57	2019-06-10 07:04:26	2019-06-10 10:59:00	7adcef25b2e6443e9deab989e9c60336	test india		foo				n	1000000/100	1000000/100	1970-01-01 00:00:00
B	834036aea2104e1b84f34691dd7d0007	ec4b7ecc97124c708bc3dbe1f6325238	2019-06-10 07:04:57	2019-06-10 07:04:26	2019-06-10 10:59:00	c918695f51884988bf8ae27537a8fab0	EUR		foo				n	34200/100	1000000/100	1970-01-01 00:00:00
B	834036aea2104e1b84f34691dd7d0007	f0c6b6fdba1a4600960e2bcbb06fd4e1	2019-06-10 07:04:57	2019-06-10 07:04:26	2019-06-10 10:59:00	6bbc8f20544452cac1637fb9a9b851bb	Income		foo				n	-34200/100	-1000000/100	1970-01-01 00:00:00
B	834036aea2104e1b84f34691dd7d0007	8b8314a7634f4142948d1c2dfca834a1	2019-06-10 07:04:57	2019-06-10 07:04:26	2019-06-10 10:59:00	2ba74ebc13b148399ce8a19f56cdcf20	INR		foo				n	-1000000/100	-1000000/100	1970-01-01 00:00:00
===== END
===== START
C	834036aea2104e1b84f34691dd7d0007	f911214772554e958ca8e9ded2c2273c	2019-06-10 07:04:57	2019-06-10 07:04:26	2019-06-10 10:59:00	7adcef25b2e6443e9deab989e9c60336	test india		foo				n	100000000/100	100000000/100	1970-01-01 00:00:00
C	834036aea2104e1b84f34691dd7d0007	ec4b7ecc97124c708bc3dbe1f6325238	2019-06-10 07:04:57	2019-06-10 07:04:26	2019-06-10 10:59:00	c918695f51884988bf8ae27537a8fab0	EUR		foo				n	3420000/100	100000000/100	1970-01-01 00:00:00
C	834036aea2104e1b84f34691dd7d0007	f0c6b6fdba1a4600960e2bcbb06fd4e1	2019-06-10 07:04:57	2019-06-10 07:04:26	2019-06-10 10:59:00	6bbc8f20544452cac1637fb9a9b851bb	Income		foo				n	-3420000/100	-100000000/100	1970-01-01 00:00:00
C	834036aea2104e1b84f34691dd7d0007	8b8314a7634f4142948d1c2dfca834a1	2019-06-10 07:04:57	2019-06-10 07:04:26	2019-06-10 10:59:00	2ba74ebc13b148399ce8a19f56cdcf20	INR		foo				n	-100000000/100	-100000000/100	1970-01-01 00:00:00
===== END
===== START
D	26cf331fe3ac4ad2a02b6fd34340f88d	46ab939f580d4a8d98761677d296840e	2019-06-10 07:04:59	2019-06-10 07:04:59	2019-06-10 10:59:00								n	0/1	0/100	1970-01-01 00:00:00
===== END
