#F /home/saxs/data/saxs_20170202.log
#E 1486029072
#D Thu Feb 02 10:51:12 2017
#C saxs  User = saxs

#O0 A  B  C  D  E  F  G  H
#O1 K  P  Q  U  V  X  Z  O
#O2 R  S  T  
#o0 s1bot s1top s1hl s1hr s2bot s2top s2hl s2hr
#o1 fil bsx bsz detx detz x z om
#o2 rx ry phi 

#J0 Seconds  Monitor  Detector  Counter 3  Pil Ct0  Pil Ct1  Pil Roi0  Pil Roi1
#j0 sec mon det c3 pilct0 pilct1 pilroi0 pilroi1


#S 1  ascan  x 36.5 39.5  50 0.1
#D Thu Feb 02 10:52:18 2017
#T 0.1  (Seconds)
#G0 0
#G1 0
#G3 0
#G4 0
#Q 
#P0 0.6 0.59999998 0.6 0.59999998 0.40000002 0.40000003 0.4 0.39999998
#P1 23.00007 -6.6 -1.5 0 -9.375e-07 38 -2.821234e-06 1.0000011
#P2 0.55 3.2 -63.869993 
#N 10
#L X    Epoch  Seconds  Detector  Counter 3  Pil Ct0  Pil Ct1  Pil Roi1  Monitor  Pil Roi0
36.500014  70.296 0.1 0 0 4 0 0 0 4
36.559986  72.312 0.1 0 0 52 0 0 0 52
36.619986  74.329 0.1 0 0 24 0 0 0 24
36.679987  76.348 0.1 0 0 10 0 0 0 10
36.739987  78.362 0.1 0 0 10 0 0 0 10
36.799988  80.377 0.1 0 0 8 0 0 0 8
36.859988  82.397 0.1 0 0 11 0 0 0 11
36.919989  84.414 0.1 0 0 19 0 0 0 19
36.97999  86.430 0.1 0 0 7 0 0 0 7
37.03999  88.444 0.1 0 0 6 0 0 0 6
#C Thu Feb 02 10:52:43 2017.  Scan aborted after 10 points.

#S 2  ascan  x 36.5 39.5  50 0.1
#D Thu Feb 02 10:53:15 2017
#T 0.1  (Seconds)
#G0 0
#G1 0
#G3 0
#G4 0
#Q 
#P0 0.6 0.59999998 0.6 0.59999998 0.40000002 0.40000003 0.4 0.39999998
#P1 23.00007 -6.6 -1.5 0 -9.375e-07 38 -2.821234e-06 1.0000011
#P2 0.55 3.2 -63.869993 
#N 10
#L X    Epoch  Seconds  Detector  Counter 3  Pil Ct0  Pil Ct1  Pil Roi1  Monitor  Pil Roi0
36.500014  127.384 0.1 0 0 317580 0 0 0 317580
36.559986  129.403 0.1 0 0 318102 0 0 0 318102
36.619986  131.418 0.1 0 0 319098 0 0 0 319098
36.679987  133.430 0.1 0 0 319660 0 0 0 319660
36.739987  135.443 0.1 0 0 318281 0 0 0 318281
36.799988  137.456 0.1 0 0 319943 0 0 0 319943
36.859988  139.474 0.1 0 0 318805 0 0 0 318805
36.919989  141.487 0.1 0 0 319122 0 0 0 319122
36.97999  143.496 0.1 0 0 318174 0 0 0 318174
37.03999  145.512 0.1 0 0 319396 0 0 0 319396
37.099991  147.527 0.1 0 0 319396 0 0 0 319396
37.159991  149.540 0.1 0 0 318289 0 0 0 318289
37.219992  151.554 0.1 0 0 318382 0 0 0 318382
37.279993  153.579 0.1 0 0 319593 0 0 0 319593
37.339993  155.605 0.1 0 0 319891 0 0 0 319891
37.399994  157.626 0.1 0 0 318531 0 0 0 318531
37.459994  159.650 0.1 0 0 319027 0 0 0 319027
37.519995  161.671 0.1 0 0 316777 0 0 0 316777
37.579996  163.693 0.1 0 0 316161 0 0 0 316161
37.639996  165.707 0.1 0 0 309263 0 0 0 309263
37.699997  167.727 0.1 0 0 299339 0 0 0 299339
37.759997  169.750 0.1 0 0 284541 0 0 0 284541
37.819998  171.764 0.1 0 0 266711 0 0 0 266711
37.879998  173.781 0.1 0 0 248439 0 0 0 248439
37.939999  175.797 0.1 0 0 226261 0 0 0 226261
38  177.818 0.1 0 0 202921 0 0 0 202921
38.06  179.829 0.1 0 0 179524 0 0 0 179524
38.120001  181.847 0.1 0 0 156613 0 0 0 156613
38.180001  183.867 0.1 0 0 133080 0 0 0 133080
38.240002  185.879 0.1 0 0 111433 0 0 0 111433
38.300003  187.891 0.1 0 0 91931 0 0 0 91931
38.360003  189.914 0.1 0 0 80192 0 0 0 80192
38.420004  191.938 0.1 0 0 73938 0 0 0 73938
38.480004  193.952 0.1 0 0 70278 0 0 0 70278
38.540005  195.966 0.1 0 0 69081 0 0 0 69081
38.600005  197.978 0.1 0 0 68241 0 0 0 68241
38.660006  199.998 0.1 0 0 68515 0 0 0 68515
38.720007  202.019 0.1 0 0 68540 0 0 0 68540
38.780007  204.043 0.1 0 0 70687 0 0 0 70687
38.840008  206.059 0.1 0 0 73258 0 0 0 73258
38.900008  208.078 0.1 0 0 77007 0 0 0 77007
38.960009  210.095 0.1 0 0 84672 0 0 0 84672
39.02001  212.120 0.1 0 0 94931 0 0 0 94931
39.08001  214.139 0.1 0 0 109417 0 0 0 109417
39.140011  216.155 0.1 0 0 125510 0 0 0 125510
39.200011  218.172 0.1 0 0 145657 0 0 0 145657
39.260012  220.184 0.1 0 0 165928 0 0 0 165928
39.320013  222.198 0.1 0 0 189619 0 0 0 189619
39.380013  224.211 0.1 0 0 212892 0 0 0 212892
39.440014  226.226 0.1 0 0 235858 0 0 0 235858
39.499985  228.242 0.1 0 0 257544 0 0 0 257544

#S 3  ascan  x 33.5001 36.5001  50 0.1
#D Thu Feb 02 10:56:18 2017
#T 0.1  (Seconds)
#G0 0
#G1 0
#G3 0
#G4 0
#Q 
#P0 0.6 0.59999998 0.6 0.59999998 0.40000002 0.40000003 0.4 0.39999998
#P1 23.00007 -6.6 -1.5 0 -9.375e-07 35.000088 -2.821234e-06 1.0000011
#P2 0.55 3.2 -63.869993 
#N 10
#L X    Epoch  Seconds  Detector  Counter 3  Pil Ct0  Pil Ct1  Pil Roi1  Monitor  Pil Roi0
33.500102  310.250 0.1 0 0 318890 0 0 0 318890
33.560073  312.263 0.1 0 0 318413 0 0 0 318413
33.620074  314.280 0.1 0 0 319145 0 0 0 319145
33.680075  316.299 0.1 0 0 318849 0 0 0 318849
33.740075  318.328 0.1 0 0 318656 0 0 0 318656
33.800076  320.342 0.1 0 0 318456 0 0 0 318456
33.860076  322.355 0.1 0 0 317979 0 0 0 317979
33.920077  324.371 0.1 0 0 318685 0 0 0 318685
33.980078  326.378 0.1 0 0 318739 0 0 0 318739
34.040078  328.392 0.1 0 0 315011 0 0 0 315011
34.100079  330.407 0.1 0 0 309727 0 0 0 309727
34.160079  332.427 0.1 0 0 299526 0 0 0 299526
34.22008  334.438 0.1 0 0 286128 0 0 0 286128
34.28008  336.452 0.1 0 0 271051 0 0 0 271051
34.340081  338.476 0.1 0 0 252588 0 0 0 252588
34.400082  340.490 0.1 0 0 234834 0 0 0 234834
34.460082  342.523 0.1 0 0 214425 0 0 0 214425
34.520083  344.535 0.1 0 0 191809 0 0 0 191809
34.580083  346.554 0.1 0 0 168663 0 0 0 168663
34.640084  348.578 0.1 0 0 146243 0 0 0 146243
34.700085  350.598 0.1 0 0 122879 0 0 0 122879
34.760085  352.608 0.1 0 0 102556 0 0 0 102556
34.820086  354.624 0.1 0 0 84290 0 0 0 84290
34.880086  356.647 0.1 0 0 73283 0 0 0 73283
34.940087  358.666 0.1 0 0 67061 0 0 0 67061
35.000088  360.683 0.1 0 0 63648 0 0 0 63648
35.060088  362.708 0.1 0 0 61017 0 0 0 61017
35.120089  364.731 0.1 0 0 60441 0 0 0 60441
35.180089  366.746 0.1 0 0 58851 0 0 0 58851
35.24009  368.762 0.1 0 0 58846 0 0 0 58846
35.30009  370.782 0.1 0 0 59338 0 0 0 59338
35.360091  372.806 0.1 0 0 60429 0 0 0 60429
35.420092  374.822 0.1 0 0 62732 0 0 0 62732
35.480092  376.852 0.1 0 0 64831 0 0 0 64831
35.540093  378.880 0.1 0 0 69000 0 0 0 69000
35.600093  380.901 0.1 0 0 76402 0 0 0 76402
35.660094  382.917 0.1 0 0 89291 0 0 0 89291
35.720095  384.934 0.1 0 0 103918 0 0 0 103918
35.780095  386.950 0.1 0 0 121386 0 0 0 121386
35.840096  388.961 0.1 0 0 139147 0 0 0 139147
35.900096  390.975 0.1 0 0 159274 0 0 0 159274
35.960097  392.995 0.1 0 0 181621 0 0 0 181621
36.020097  395.011 0.1 0 0 203183 0 0 0 203183
36.080098  397.039 0.1 0 0 225790 0 0 0 225790
36.140099  399.052 0.1 0 0 247879 0 0 0 247879
36.200099  401.066 0.1 0 0 267992 0 0 0 267992
36.2601  403.083 0.1 0 0 287406 0 0 0 287406
36.3201  405.102 0.1 0 0 305309 0 0 0 305309
36.380101  407.118 0.1 0 0 312072 0 0 0 312072
36.440102  409.125 0.1 0 0 317363 0 0 0 317363
36.500073  411.146 0.1 0 0 318772 0 0 0 318772

#S 4  ascan  x 26.5 29.5  50 0.1
#D Thu Feb 02 10:58:51 2017
#T 0.1  (Seconds)
#G0 0
#G1 0
#G3 0
#G4 0
#Q 
#P0 0.6 0.59999998 0.6 0.59999998 0.40000002 0.40000003 0.4 0.39999998
#P1 23.00007 -6.6 -1.5 0 -9.375e-07 28 -2.821234e-06 1.0000011
#P2 0.55 3.2 -63.869993 
#N 10
#L X    Epoch  Seconds  Detector  Counter 3  Pil Ct0  Pil Ct1  Pil Roi1  Monitor  Pil Roi0
26.500014  463.378 0.1 0 0 318513 0 0 0 318513
26.559986  465.395 0.1 0 0 319129 0 0 0 319129
26.619986  467.420 0.1 0 0 318934 0 0 0 318934
26.679987  469.434 0.1 0 0 319051 0 0 0 319051
26.739987  471.451 0.1 0 0 318832 0 0 0 318832
26.799988  473.466 0.1 0 0 319825 0 0 0 319825
26.859988  475.482 0.1 0 0 319726 0 0 0 319726
26.919989  477.498 0.1 0 0 317903 0 0 0 317903
26.97999  479.511 0.1 0 0 318039 0 0 0 318039
27.03999  481.529 0.1 0 0 316367 0 0 0 316367
27.099991  483.548 0.1 0 0 314448 0 0 0 314448
27.159991  485.561 0.1 0 0 307880 0 0 0 307880
27.219992  487.582 0.1 0 0 296645 0 0 0 296645
27.279993  489.596 0.1 0 0 283364 0 0 0 283364
27.339993  491.613 0.1 0 0 266201 0 0 0 266201
27.399994  493.634 0.1 0 0 249870 0 0 0 249870
27.459994  495.648 0.1 0 0 228301 0 0 0 228301
27.519995  497.666 0.1 0 0 206572 0 0 0 206572
27.579996  499.682 0.1 0 0 184712 0 0 0 184712
27.639996  501.698 0.1 0 0 163428 0 0 0 163428
27.699997  503.722 0.1 0 0 143084 0 0 0 143084
27.759997  505.738 0.1 0 0 124012 0 0 0 124012
27.819998  507.755 0.1 0 0 110443 0 0 0 110443
27.879998  509.769 0.1 0 0 102621 0 0 0 102621
27.939999  511.784 0.1 0 0 97732 0 0 0 97732
28  513.806 0.1 0 0 95144 0 0 0 95144
28.06  515.850 0.1 0 0 94172 0 0 0 94172
28.120001  517.864 0.1 0 0 95928 0 0 0 95928
28.180001  519.878 0.1 0 0 99844 0 0 0 99844
28.240002  521.896 0.1 0 0 105548 0 0 0 105548
28.300003  523.910 0.1 0 0 116032 0 0 0 116032
28.360003  525.930 0.1 0 0 128213 0 0 0 128213
28.420004  527.947 0.1 0 0 141974 0 0 0 141974
28.480004  529.965 0.1 0 0 158436 0 0 0 158436
28.540005  531.984 0.1 0 0 176949 0 0 0 176949
28.600005  534.006 0.1 0 0 196353 0 0 0 196353
28.660006  536.025 0.1 0 0 216410 0 0 0 216410
28.720007  538.042 0.1 0 0 237692 0 0 0 237692
28.780007  540.062 0.1 0 0 258760 0 0 0 258760
28.840008  542.076 0.1 0 0 276602 0 0 0 276602
28.900008  544.094 0.1 0 0 295080 0 0 0 295080
28.960009  546.111 0.1 0 0 306485 0 0 0 306485
29.02001  548.121 0.1 0 0 314414 0 0 0 314414
29.08001  550.143 0.1 0 0 317837 0 0 0 317837
29.140011  552.160 0.1 0 0 318830 0 0 0 318830
29.200011  554.178 0.1 0 0 319553 0 0 0 319553
29.260012  556.195 0.1 0 0 320358 0 0 0 320358
29.320013  558.208 0.1 0 0 318912 0 0 0 318912
29.380013  560.234 0.1 0 0 318113 0 0 0 318113
29.440014  562.244 0.1 0 0 319421 0 0 0 319421
29.499985  564.262 0.1 0 0 318937 0 0 0 318937

#S 5  ascan  x 19.5 22.5  50 0.1
#D Thu Feb 02 11:01:14 2017
#T 0.1  (Seconds)
#G0 0
#G1 0
#G3 0
#G4 0
#Q 
#P0 0.6 0.59999998 0.6 0.59999998 0.40000002 0.40000003 0.4 0.39999998
#P1 23.00007 -6.6 -1.5 0 -9.375e-07 21 -2.821234e-06 1.0000011
#P2 0.55 3.2 -63.869993 
#N 10
#L X    Epoch  Seconds  Detector  Counter 3  Pil Ct0  Pil Ct1  Pil Roi1  Monitor  Pil Roi0
19.499985  606.978 0.1 0 0 320228 0 0 0 320228
19.559986  608.981 0.1 0 0 319117 0 0 0 319117
19.619986  611.016 0.1 0 0 319456 0 0 0 319456
19.679987  613.034 0.1 0 0 320294 0 0 0 320294
19.739987  615.070 0.1 0 0 319824 0 0 0 319824
19.799988  617.088 0.1 0 0 318452 0 0 0 318452
19.859988  619.094 0.1 0 0 319306 0 0 0 319306
19.919989  621.110 0.1 0 0 316536 0 0 0 316536
19.97999  623.122 0.1 0 0 311317 0 0 0 311317
20.03999  625.136 0.1 0 0 300579 0 0 0 300579
20.099991  627.146 0.1 0 0 286456 0 0 0 286456
20.159991  629.157 0.1 0 0 270158 0 0 0 270158
20.219992  631.170 0.1 0 0 250160 0 0 0 250160
20.279993  633.182 0.1 0 0 229058 0 0 0 229058
20.339993  635.190 0.1 0 0 203772 0 0 0 203772
20.399994  637.199 0.1 0 0 180219 0 0 0 180219
20.459994  639.206 0.1 0 0 156017 0 0 0 156017
20.519995  641.218 0.1 0 0 131420 0 0 0 131420
20.579996  643.232 0.1 0 0 110609 0 0 0 110609
20.639996  645.241 0.1 0 0 90579 0 0 0 90579
20.699997  647.260 0.1 0 0 76323 0 0 0 76323
20.759997  649.270 0.1 0 0 67945 0 0 0 67945
20.819998  651.283 0.1 0 0 63031 0 0 0 63031
20.879998  653.300 0.1 0 0 60296 0 0 0 60296
20.939999  655.310 0.1 0 0 58561 0 0 0 58561
21  657.326 0.1 0 0 57255 0 0 0 57255
21.06  659.337 0.1 0 0 56570 0 0 0 56570
21.120001  661.349 0.1 0 0 56137 0 0 0 56137
21.180001  663.355 0.1 0 0 56322 0 0 0 56322
21.240002  665.371 0.1 0 0 57180 0 0 0 57180
21.300003  667.382 0.1 0 0 58858 0 0 0 58858
21.360003  669.398 0.1 0 0 60480 0 0 0 60480
21.420004  671.410 0.1 0 0 64128 0 0 0 64128
21.480004  673.421 0.1 0 0 69774 0 0 0 69774
21.540005  675.434 0.1 0 0 79620 0 0 0 79620
21.600005  677.447 0.1 0 0 93449 0 0 0 93449
21.660006  679.467 0.1 0 0 110399 0 0 0 110399
21.720007  681.486 0.1 0 0 129422 0 0 0 129422
21.780007  683.505 0.1 0 0 151121 0 0 0 151121
21.840008  685.519 0.1 0 0 174558 0 0 0 174558
21.900008  687.531 0.1 0 0 196786 0 0 0 196786
21.960009  689.545 0.1 0 0 221027 0 0 0 221027
22.02001  691.554 0.1 0 0 243728 0 0 0 243728
22.08001  693.566 0.1 0 0 264467 0 0 0 264467
22.140011  695.577 0.1 0 0 284933 0 0 0 284933
22.200011  697.590 0.1 0 0 301676 0 0 0 301676
22.260012  699.612 0.1 0 0 310580 0 0 0 310580
22.320013  701.624 0.1 0 0 314890 0 0 0 314890
22.380013  703.635 0.1 0 0 317651 0 0 0 317651
22.440014  705.649 0.1 0 0 318227 0 0 0 318227
22.500014  707.667 0.1 0 0 318893 0 0 0 318893

#S 6  ascan  x 12.6 15.6  50 0.1
#D Thu Feb 02 11:03:28 2017
#T 0.1  (Seconds)
#G0 0
#G1 0
#G3 0
#G4 0
#Q 
#P0 0.6 0.59999998 0.6 0.59999998 0.40000002 0.40000003 0.4 0.39999998
#P1 23.00007 -6.6 -1.5 0 -9.375e-07 14.099991 -2.821234e-06 1.0000011
#P2 0.55 3.2 -63.869993 
#N 10
#L X    Epoch  Seconds  Detector  Counter 3  Pil Ct0  Pil Ct1  Pil Roi1  Monitor  Pil Roi0
12.599976  740.534 0.1 0 0 318730 0 0 0 318730
12.659977  742.551 0.1 0 0 319447 0 0 0 319447
12.719977  744.563 0.1 0 0 319277 0 0 0 319277
12.779978  746.581 0.1 0 0 318978 0 0 0 318978
12.839979  748.591 0.1 0 0 318882 0 0 0 318882
12.899979  750.604 0.1 0 0 317615 0 0 0 317615
12.95998  752.612 0.1 0 0 315638 0 0 0 315638
13.01998  754.628 0.1 0 0 310567 0 0 0 310567
13.079981  756.651 0.1 0 0 298458 0 0 0 298458
13.139981  758.661 0.1 0 0 285145 0 0 0 285145
13.199982  760.667 0.1 0 0 269335 0 0 0 269335
13.259983  762.682 0.1 0 0 249636 0 0 0 249636
13.319983  764.698 0.1 0 0 229570 0 0 0 229570
13.379984  766.710 0.1 0 0 207247 0 0 0 207247
13.439984  768.729 0.1 0 0 185250 0 0 0 185250
13.499985  770.742 0.1 0 0 162407 0 0 0 162407
13.559986  772.765 0.1 0 0 139730 0 0 0 139730
13.619986  774.797 0.1 0 0 117442 0 0 0 117442
13.679987  776.810 0.1 0 0 97002 0 0 0 97002
13.739987  778.827 0.1 0 0 81675 0 0 0 81675
13.799988  780.841 0.1 0 0 71915 0 0 0 71915
13.859988  782.854 0.1 0 0 66550 0 0 0 66550
13.919989  784.864 0.1 0 0 62849 0 0 0 62849
13.97999  786.889 0.1 0 0 61504 0 0 0 61504
14.03999  788.906 0.1 0 0 60670 0 0 0 60670
14.099991  790.918 0.1 0 0 60798 0 0 0 60798
14.159991  792.928 0.1 0 0 60213 0 0 0 60213
14.219992  794.942 0.1 0 0 61150 0 0 0 61150
14.279993  796.953 0.1 0 0 62880 0 0 0 62880
14.339993  798.978 0.1 0 0 65798 0 0 0 65798
14.399994  800.990 0.1 0 0 69736 0 0 0 69736
14.459994  803.001 0.1 0 0 79200 0 0 0 79200
14.519995  805.022 0.1 0 0 91721 0 0 0 91721
14.579996  807.031 0.1 0 0 109097 0 0 0 109097
14.639996  809.042 0.1 0 0 126850 0 0 0 126850
14.699997  811.052 0.1 0 0 147362 0 0 0 147362
14.759997  813.065 0.1 0 0 168865 0 0 0 168865
14.819998  815.071 0.1 0 0 190194 0 0 0 190194
14.879998  817.086 0.1 0 0 213331 0 0 0 213331
14.939999  819.092 0.1 0 0 234547 0 0 0 234547
15  821.094 0.1 0 0 256803 0 0 0 256803
15.06  823.103 0.1 0 0 277811 0 0 0 277811
15.120001  825.118 0.1 0 0 294535 0 0 0 294535
15.180001  827.126 0.1 0 0 306213 0 0 0 306213
15.240002  829.142 0.1 0 0 313337 0 0 0 313337
15.300003  831.155 0.1 0 0 317231 0 0 0 317231
15.360003  833.167 0.1 0 0 317814 0 0 0 317814
15.420004  835.178 0.1 0 0 318197 0 0 0 318197
15.480004  837.190 0.1 0 0 318174 0 0 0 318174
15.540005  839.204 0.1 0 0 317822 0 0 0 317822
15.600005  841.208 0.1 0 0 318989 0 0 0 318989

#S 7  ascan  x 8.59 11.59  50 0.1
#D Thu Feb 02 11:06:11 2017
#T 0.1  (Seconds)
#G0 0
#G1 0
#G3 0
#G4 0
#Q 
#P0 0.6 0.59999998 0.6 0.59999998 0.40000002 0.40000003 0.4 0.39999998
#P1 23.00007 -6.6 -1.5 0 -9.375e-07 10.090001 -2.821234e-06 1.0000011
#P2 0.55 3.2 -63.869993 
#N 10
#L X    Epoch  Seconds  Detector  Counter 3  Pil Ct0  Pil Ct1  Pil Roi1  Monitor  Pil Roi0
8.5900152  903.219 0.1 0 0 318022 0 0 0 318022
8.6499864  905.245 0.1 0 0 318183 0 0 0 318183
8.709987  907.256 0.1 0 0 317854 0 0 0 317854
8.7699876  909.270 0.1 0 0 318462 0 0 0 318462
8.8299882  911.282 0.1 0 0 319513 0 0 0 319513
8.8899888  913.291 0.1 0 0 317489 0 0 0 317489
8.9499894  915.326 0.1 0 0 317670 0 0 0 317670
9.00999  917.335 0.1 0 0 317928 0 0 0 317928
9.0699905  919.352 0.1 0 0 318719 0 0 0 318719
9.1299911  921.366 0.1 0 0 317428 0 0 0 317428
9.1899917  923.402 0.1 0 0 317057 0 0 0 317057
9.2499923  925.418 0.1 0 0 317691 0 0 0 317691
9.3099929  927.438 0.1 0 0 316867 0 0 0 316867
9.3699935  929.448 0.1 0 0 316186 0 0 0 316186
9.4299941  931.462 0.1 0 0 313549 0 0 0 313549
9.4899946  933.492 0.1 0 0 307588 0 0 0 307588
9.5499952  935.506 0.1 0 0 294993 0 0 0 294993
9.6099958  937.516 0.1 0 0 280162 0 0 0 280162
9.6699964  939.525 0.1 0 0 261781 0 0 0 261781
9.729997  941.529 0.1 0 0 241416 0 0 0 241416
9.7899976  943.542 0.1 0 0 217175 0 0 0 217175
9.8499982  945.554 0.1 0 0 193027 0 0 0 193027
9.9099987  947.569 0.1 0 0 166116 0 0 0 166116
9.9699993  949.578 0.1 0 0 140154 0 0 0 140154
10.03  951.592 0.1 0 0 116691 0 0 0 116691
10.090001  953.604 0.1 0 0 93877 0 0 0 93877
10.150001  955.615 0.1 0 0 75259 0 0 0 75259
10.210002  957.622 0.1 0 0 63323 0 0 0 63323
10.270002  959.638 0.1 0 0 55577 0 0 0 55577
10.330003  961.658 0.1 0 0 51957 0 0 0 51957
10.390003  963.666 0.1 0 0 48568 0 0 0 48568
10.450004  965.673 0.1 0 0 46741 0 0 0 46741
10.510005  967.686 0.1 0 0 45100 0 0 0 45100
10.570005  969.701 0.1 0 0 44270 0 0 0 44270
10.630006  971.714 0.1 0 0 43776 0 0 0 43776
10.690006  973.730 0.1 0 0 43181 0 0 0 43181
10.750007  975.744 0.1 0 0 42776 0 0 0 42776
10.810008  977.762 0.1 0 0 43022 0 0 0 43022
10.870008  979.774 0.1 0 0 43819 0 0 0 43819
10.930009  981.783 0.1 0 0 44085 0 0 0 44085
10.990009  983.790 0.1 0 0 45436 0 0 0 45436
11.05001  985.802 0.1 0 0 47026 0 0 0 47026
11.11001  987.814 0.1 0 0 49333 0 0 0 49333
11.170011  989.824 0.1 0 0 53361 0 0 0 53361
11.230012  991.836 0.1 0 0 59453 0 0 0 59453
11.290012  993.846 0.1 0 0 70576 0 0 0 70576
11.350013  995.859 0.1 0 0 86750 0 0 0 86750
11.410013  997.868 0.1 0 0 104330 0 0 0 104330
11.470014  999.886 0.1 0 0 124694 0 0 0 124694
11.530015  1001.895 0.1 0 0 148234 0 0 0 148234
11.589986  1003.913 0.1 0 0 173080 0 0 0 173080

#S 8  ascan  x 5.59999 8.59999  50 0.1
#D Thu Feb 02 11:08:34 2017
#T 0.1  (Seconds)
#G0 0
#G1 0
#G3 0
#G4 0
#Q 
#P0 0.6 0.59999998 0.6 0.59999998 0.40000002 0.40000003 0.4 0.39999998
#P1 23.00007 -6.6 -1.5 0 -9.375e-07 7.0999908 -2.821234e-06 1.0000011
#P2 0.55 3.2 -63.869993 
#N 10
#L X    Epoch  Seconds  Detector  Counter 3  Pil Ct0  Pil Ct1  Pil Roi1  Monitor  Pil Roi0
5.6000055  1046.548 0.1 0 0 316486 0 0 0 316486
5.6599768  1048.560 0.1 0 0 317877 0 0 0 317877
5.7199774  1050.573 0.1 0 0 316541 0 0 0 316541
5.7799779  1052.587 0.1 0 0 317135 0 0 0 317135
5.8399785  1054.600 0.1 0 0 317577 0 0 0 317577
5.8999791  1056.611 0.1 0 0 316214 0 0 0 316214
5.9599797  1058.623 0.1 0 0 316606 0 0 0 316606
6.0199803  1060.642 0.1 0 0 316065 0 0 0 316065
6.0799809  1062.656 0.1 0 0 314341 0 0 0 314341
6.1399815  1064.670 0.1 0 0 309323 0 0 0 309323
6.199982  1066.682 0.1 0 0 300136 0 0 0 300136
6.2599826  1068.694 0.1 0 0 291418 0 0 0 291418
6.3199832  1070.708 0.1 0 0 281762 0 0 0 281762
6.3799838  1072.720 0.1 0 0 271488 0 0 0 271488
6.4399844  1074.736 0.1 0 0 259944 0 0 0 259944
6.499985  1076.752 0.1 0 0 249389 0 0 0 249389
6.5599856  1078.766 0.1 0 0 239242 0 0 0 239242
6.6199861  1080.777 0.1 0 0 230452 0 0 0 230452
6.6799867  1082.798 0.1 0 0 221044 0 0 0 221044
6.7399873  1084.807 0.1 0 0 215570 0 0 0 215570
6.7999879  1086.816 0.1 0 0 210898 0 0 0 210898
6.8599885  1088.822 0.1 0 0 212523 0 0 0 212523
6.9199891  1090.833 0.1 0 0 214958 0 0 0 214958
6.9799897  1092.850 0.1 0 0 218967 0 0 0 218967
7.0399902  1094.863 0.1 0 0 221722 0 0 0 221722
7.0999908  1096.871 0.1 0 0 224709 0 0 0 224709
7.1599914  1098.878 0.1 0 0 222943 0 0 0 222943
7.219992  1100.892 0.1 0 0 222591 0 0 0 222591
7.2799926  1102.904 0.1 0 0 220306 0 0 0 220306
7.3399932  1104.914 0.1 0 0 216165 0 0 0 216165
7.3999938  1106.918 0.1 0 0 212453 0 0 0 212453
7.4599944  1108.953 0.1 0 0 209974 0 0 0 209974
7.5199949  1110.964 0.1 0 0 209920 0 0 0 209920
7.5799955  1112.970 0.1 0 0 211337 0 0 0 211337
7.6399961  1114.984 0.1 0 0 214796 0 0 0 214796
7.6999967  1117.001 0.1 0 0 219183 0 0 0 219183
7.7599973  1119.010 0.1 0 0 227134 0 0 0 227134
7.8199979  1121.018 0.1 0 0 234464 0 0 0 234464
7.8799985  1123.029 0.1 0 0 244916 0 0 0 244916
7.939999  1125.040 0.1 0 0 255330 0 0 0 255330
7.9999996  1127.053 0.1 0 0 268443 0 0 0 268443
8.0600002  1129.064 0.1 0 0 282192 0 0 0 282192
8.1200008  1131.074 0.1 0 0 295128 0 0 0 295128
8.1800014  1133.089 0.1 0 0 305930 0 0 0 305930
8.240002  1135.097 0.1 0 0 313785 0 0 0 313785
8.3000026  1137.113 0.1 0 0 316251 0 0 0 316251
8.3600031  1139.126 0.1 0 0 316149 0 0 0 316149
8.4200037  1141.139 0.1 0 0 316525 0 0 0 316525
8.4800043  1143.152 0.1 0 0 316418 0 0 0 316418
8.5400049  1145.170 0.1 0 0 316463 0 0 0 316463
8.5999762  1147.193 0.1 0 0 316782 0 0 0 316782

#S 9  ascan  x -1.5 1.5  50 0.1
#D Thu Feb 02 11:10:54 2017
#T 0.1  (Seconds)
#G0 0
#G1 0
#G3 0
#G4 0
#Q 
#P0 0.6 0.59999998 0.6 0.59999998 0.40000002 0.40000003 0.4 0.39999998
#P1 23.00007 -6.6 -1.5 0 -9.375e-07 -3.7585328e-07 -2.821234e-06 1.0000011
#P2 0.55 3.2 -63.869993 
#N 10
#L X    Epoch  Seconds  Detector  Counter 3  Pil Ct0  Pil Ct1  Pil Roi1  Monitor  Pil Roi0
-1.4999857  1186.836 0.1 0 0 317072 0 0 0 317072
-1.4400144  1188.842 0.1 0 0 317769 0 0 0 317769
-1.3800139  1190.851 0.1 0 0 317040 0 0 0 317040
-1.3200133  1192.856 0.1 0 0 316756 0 0 0 316756
-1.2600127  1194.862 0.1 0 0 316601 0 0 0 316601
-1.2000121  1196.864 0.1 0 0 316525 0 0 0 316525
-1.1400115  1198.872 0.1 0 0 315992 0 0 0 315992
-1.0800109  1200.882 0.1 0 0 315990 0 0 0 315990
-1.0200103  1202.883 0.1 0 0 316706 0 0 0 316706
-0.96000975  1204.894 0.1 0 0 316244 0 0 0 316244
-0.90000917  1206.899 0.1 0 0 314174 0 0 0 314174
-0.84000858  1208.909 0.1 0 0 310896 0 0 0 310896
-0.78000799  1210.922 0.1 0 0 300151 0 0 0 300151
-0.72000741  1212.936 0.1 0 0 286039 0 0 0 286039
-0.66000682  1214.941 0.1 0 0 270349 0 0 0 270349
-0.60000624  1216.943 0.1 0 0 251077 0 0 0 251077
-0.54000565  1218.948 0.1 0 0 231877 0 0 0 231877
-0.48000506  1220.958 0.1 0 0 206830 0 0 0 206830
-0.42000448  1222.965 0.1 0 0 183067 0 0 0 183067
-0.36000389  1224.982 0.1 0 0 159935 0 0 0 159935
-0.30000331  1226.984 0.1 0 0 137104 0 0 0 137104
-0.24000272  1228.994 0.1 0 0 115023 0 0 0 115023
-0.18000213  1231.000 0.1 0 0 95124 0 0 0 95124
-0.12000155  1233.007 0.1 0 0 79355 0 0 0 79355
-0.060000962  1235.018 0.1 0 0 70027 0 0 0 70027
-3.7585328e-07  1237.021 0.1 0 0 64937 0 0 0 64937
0.06000021  1239.027 0.1 0 0 61968 0 0 0 61968
0.1200008  1241.034 0.1 0 0 60119 0 0 0 60119
0.18000138  1243.042 0.1 0 0 58396 0 0 0 58396
0.24000197  1245.052 0.1 0 0 58035 0 0 0 58035
0.30000255  1247.077 0.1 0 0 57847 0 0 0 57847
0.36000314  1249.092 0.1 0 0 58402 0 0 0 58402
0.42000373  1251.101 0.1 0 0 59337 0 0 0 59337
0.48000431  1253.122 0.1 0 0 61444 0 0 0 61444
0.5400049  1255.138 0.1 0 0 64124 0 0 0 64124
0.60000548  1257.158 0.1 0 0 70519 0 0 0 70519
0.66000607  1259.186 0.1 0 0 80771 0 0 0 80771
0.72000666  1261.209 0.1 0 0 94520 0 0 0 94520
0.78000724  1263.241 0.1 0 0 111706 0 0 0 111706
0.84000783  1265.249 0.1 0 0 131846 0 0 0 131846
0.90000841  1267.285 0.1 0 0 155104 0 0 0 155104
0.960009  1269.294 0.1 0 0 177360 0 0 0 177360
1.0200096  1271.303 0.1 0 0 201275 0 0 0 201275
1.0800102  1273.317 0.1 0 0 224723 0 0 0 224723
1.1400108  1275.344 0.1 0 0 246589 0 0 0 246589
1.2000113  1277.364 0.1 0 0 267730 0 0 0 267730
1.2600119  1279.376 0.1 0 0 287713 0 0 0 287713
1.3200125  1281.383 0.1 0 0 301987 0 0 0 301987
1.3800131  1283.393 0.1 0 0 308475 0 0 0 308475
1.4400137  1285.401 0.1 0 0 313812 0 0 0 313812
1.499985  1287.416 0.1 0 0 315603 0 0 0 315603

#S 10  ascan  x -8.5 -5.5  50 0.1
#D Thu Feb 02 11:14:21 2017
#T 0.1  (Seconds)
#G0 0
#G1 0
#G3 0
#G4 0
#Q 
#P0 0.6 0.59999998 0.6 0.59999998 0.40000002 0.40000003 0.4 0.39999998
#P1 23.00007 -6.6 -1.5 0 -9.375e-07 -7.0000004 -2.821234e-06 1.0000011
#P2 0.55 3.2 -63.869993 
#N 10
#L X    Epoch  Seconds  Detector  Counter 3  Pil Ct0  Pil Ct1  Pil Roi1  Monitor  Pil Roi0
-8.500015  1393.387 0.1 0 0 315883 0 0 0 315883
-8.4400144  1395.402 0.1 0 0 315613 0 0 0 315613
-8.3800139  1397.428 0.1 0 0 315893 0 0 0 315893
-8.3200133  1399.448 0.1 0 0 316078 0 0 0 316078
-8.2600127  1401.463 0.1 0 0 315243 0 0 0 315243
-8.2000121  1403.486 0.1 0 0 315643 0 0 0 315643
-8.1400115  1405.501 0.1 0 0 313156 0 0 0 313156
-8.0800109  1407.518 0.1 0 0 306966 0 0 0 306966
-8.0200103  1409.546 0.1 0 0 298869 0 0 0 298869
-7.9600098  1411.560 0.1 0 0 284893 0 0 0 284893
-7.9000092  1413.574 0.1 0 0 270638 0 0 0 270638
-7.8400086  1415.590 0.1 0 0 252120 0 0 0 252120
-7.780008  1417.602 0.1 0 0 232427 0 0 0 232427
-7.7200074  1419.619 0.1 0 0 211624 0 0 0 211624
-7.6600068  1421.638 0.1 0 0 188050 0 0 0 188050
-7.6000062  1423.654 0.1 0 0 163991 0 0 0 163991
-7.5400056  1425.671 0.1 0 0 141361 0 0 0 141361
-7.4800051  1427.696 0.1 0 0 118147 0 0 0 118147
-7.4200045  1429.729 0.1 0 0 97784 0 0 0 97784
-7.3600039  1431.746 0.1 0 0 80176 0 0 0 80176
-7.3000033  1433.760 0.1 0 0 69198 0 0 0 69198
-7.2400027  1435.780 0.1 0 0 62418 0 0 0 62418
-7.1800021  1437.794 0.1 0 0 58262 0 0 0 58262
-7.1200015  1439.814 0.1 0 0 55649 0 0 0 55649
-7.060001  1441.826 0.1 0 0 53015 0 0 0 53015
-7.0000004  1443.841 0.1 0 0 51552 0 0 0 51552
-6.9399998  1445.858 0.1 0 0 51139 0 0 0 51139
-6.8799992  1447.889 0.1 0 0 50955 0 0 0 50955
-6.8199986  1449.904 0.1 0 0 50853 0 0 0 50853
-6.759998  1451.922 0.1 0 0 51912 0 0 0 51912
-6.6999974  1453.941 0.1 0 0 53897 0 0 0 53897
-6.6399969  1455.957 0.1 0 0 55408 0 0 0 55408
-6.5799963  1457.986 0.1 0 0 59813 0 0 0 59813
-6.5199957  1460.002 0.1 0 0 68348 0 0 0 68348
-6.4599951  1462.022 0.1 0 0 81491 0 0 0 81491
-6.3999945  1464.054 0.1 0 0 96560 0 0 0 96560
-6.3399939  1466.064 0.1 0 0 114335 0 0 0 114335
-6.2799933  1468.088 0.1 0 0 135368 0 0 0 135368
-6.2199928  1470.110 0.1 0 0 157066 0 0 0 157066
-6.1599922  1472.120 0.1 0 0 179770 0 0 0 179770
-6.0999916  1474.135 0.1 0 0 202838 0 0 0 202838
-6.039991  1476.148 0.1 0 0 224286 0 0 0 224286
-5.9799904  1478.179 0.1 0 0 247853 0 0 0 247853
-5.9199898  1480.222 0.1 0 0 269609 0 0 0 269609
-5.8599892  1482.242 0.1 0 0 289525 0 0 0 289525
-5.7999887  1484.262 0.1 0 0 302004 0 0 0 302004
-5.7399881  1486.282 0.1 0 0 309282 0 0 0 309282
-5.6799875  1488.292 0.1 0 0 314467 0 0 0 314467
-5.6199869  1490.305 0.1 0 0 314788 0 0 0 314788
-5.5599863  1492.318 0.1 0 0 315133 0 0 0 315133
-5.4999857  1494.333 0.1 0 0 315619 0 0 0 315619

#S 11  ascan  x -15.5 -12.5  50 0.1
#D Thu Feb 02 11:16:38 2017
#T 0.1  (Seconds)
#G0 0
#G1 0
#G3 0
#G4 0
#Q 
#P0 0.6 0.59999998 0.6 0.59999998 0.40000002 0.40000003 0.4 0.39999998
#P1 23.00007 -6.6 -1.5 0 -9.375e-07 -14 -2.821234e-06 1.0000011
#P2 0.55 3.2 -63.869993 
#N 10
#L X    Epoch  Seconds  Detector  Counter 3  Pil Ct0  Pil Ct1  Pil Roi1  Monitor  Pil Roi0
-15.499986  1530.146 0.1 0 0 314564 0 0 0 314564
-15.440014  1532.166 0.1 0 0 315015 0 0 0 315015
-15.380014  1534.179 0.1 0 0 316091 0 0 0 316091
-15.320013  1536.198 0.1 0 0 316003 0 0 0 316003
-15.260013  1538.213 0.1 0 0 316408 0 0 0 316408
-15.200012  1540.229 0.1 0 0 315149 0 0 0 315149
-15.140012  1542.244 0.1 0 0 315801 0 0 0 315801
-15.080011  1544.259 0.1 0 0 314787 0 0 0 314787
-15.02001  1546.278 0.1 0 0 311117 0 0 0 311117
-14.96001  1548.293 0.1 0 0 305503 0 0 0 305503
-14.900009  1550.310 0.1 0 0 295433 0 0 0 295433
-14.840009  1552.329 0.1 0 0 283160 0 0 0 283160
-14.780008  1554.344 0.1 0 0 266454 0 0 0 266454
-14.720007  1556.367 0.1 0 0 248540 0 0 0 248540
-14.660007  1558.396 0.1 0 0 226291 0 0 0 226291
-14.600006  1560.412 0.1 0 0 202954 0 0 0 202954
-14.540006  1562.434 0.1 0 0 176868 0 0 0 176868
-14.480005  1564.460 0.1 0 0 150625 0 0 0 150625
-14.420004  1566.490 0.1 0 0 125715 0 0 0 125715
-14.360004  1568.512 0.1 0 0 101875 0 0 0 101875
-14.300003  1570.526 0.1 0 0 81383 0 0 0 81383
-14.240003  1572.543 0.1 0 0 66792 0 0 0 66792
-14.180002  1574.561 0.1 0 0 58372 0 0 0 58372
-14.120002  1576.580 0.1 0 0 53499 0 0 0 53499
-14.060001  1578.603 0.1 0 0 50017 0 0 0 50017
-14  1580.614 0.1 0 0 48173 0 0 0 48173
-13.94  1582.634 0.1 0 0 46339 0 0 0 46339
-13.879999  1584.667 0.1 0 0 45280 0 0 0 45280
-13.819999  1586.683 0.1 0 0 44682 0 0 0 44682
-13.759998  1588.701 0.1 0 0 43798 0 0 0 43798
-13.699997  1590.718 0.1 0 0 43895 0 0 0 43895
-13.639997  1592.728 0.1 0 0 43966 0 0 0 43966
-13.579996  1594.738 0.1 0 0 44521 0 0 0 44521
-13.519996  1596.751 0.1 0 0 45165 0 0 0 45165
-13.459995  1598.770 0.1 0 0 45689 0 0 0 45689
-13.399995  1600.782 0.1 0 0 47640 0 0 0 47640
-13.339994  1602.793 0.1 0 0 49883 0 0 0 49883
-13.279993  1604.814 0.1 0 0 53703 0 0 0 53703
-13.219993  1606.833 0.1 0 0 62235 0 0 0 62235
-13.159992  1608.849 0.1 0 0 74885 0 0 0 74885
-13.099992  1610.860 0.1 0 0 91523 0 0 0 91523
-13.039991  1612.874 0.1 0 0 110931 0 0 0 110931
-12.97999  1614.896 0.1 0 0 132716 0 0 0 132716
-12.91999  1616.911 0.1 0 0 156880 0 0 0 156880
-12.859989  1618.921 0.1 0 0 184334 0 0 0 184334
-12.799989  1620.938 0.1 0 0 211389 0 0 0 211389
-12.739988  1622.951 0.1 0 0 234666 0 0 0 234666
-12.679987  1624.967 0.1 0 0 260006 0 0 0 260006
-12.619987  1626.982 0.1 0 0 281959 0 0 0 281959
-12.559986  1629.002 0.1 0 0 299169 0 0 0 299169
-12.500015  1631.024 0.1 0 0 308174 0 0 0 308174

#S 12  ascan  x -22.2 -19.2  50 0.1
#D Thu Feb 02 11:19:08 2017
#T 0.1  (Seconds)
#G0 0
#G1 0
#G3 0
#G4 0
#Q 
#P0 0.6 0.59999998 0.6 0.59999998 0.40000002 0.40000003 0.4 0.39999998
#P1 23.00007 -6.6 -1.5 0 -9.375e-07 -20.699997 -2.821234e-06 1.0000011
#P2 0.55 3.2 -63.869993 
#N 10
#L X    Epoch  Seconds  Detector  Counter 3  Pil Ct0  Pil Ct1  Pil Roi1  Monitor  Pil Roi0
-22.200012  1680.338 0.1 0 0 315587 0 0 0 315587
-22.140012  1682.359 0.1 0 0 314784 0 0 0 314784
-22.080011  1684.375 0.1 0 0 313246 0 0 0 313246
-22.02001  1686.399 0.1 0 0 312160 0 0 0 312160
-21.96001  1688.420 0.1 0 0 306478 0 0 0 306478
-21.900009  1690.438 0.1 0 0 296589 0 0 0 296589
-21.840009  1692.455 0.1 0 0 283535 0 0 0 283535
-21.780008  1694.471 0.1 0 0 267486 0 0 0 267486
-21.720007  1696.478 0.1 0 0 248867 0 0 0 248867
-21.660007  1698.494 0.1 0 0 229164 0 0 0 229164
-21.600006  1700.509 0.1 0 0 208240 0 0 0 208240
-21.540006  1702.530 0.1 0 0 186165 0 0 0 186165
-21.480005  1704.542 0.1 0 0 163701 0 0 0 163701
-21.420004  1706.562 0.1 0 0 140810 0 0 0 140810
-21.360004  1708.586 0.1 0 0 118893 0 0 0 118893
-21.300003  1710.598 0.1 0 0 98254 0 0 0 98254
-21.240003  1712.611 0.1 0 0 83953 0 0 0 83953
-21.180002  1714.634 0.1 0 0 73668 0 0 0 73668
-21.120002  1716.653 0.1 0 0 67387 0 0 0 67387
-21.060001  1718.667 0.1 0 0 63430 0 0 0 63430
-21  1720.681 0.1 0 0 60348 0 0 0 60348
-20.94  1722.697 0.1 0 0 58269 0 0 0 58269
-20.879999  1724.711 0.1 0 0 56882 0 0 0 56882
-20.819999  1726.730 0.1 0 0 56562 0 0 0 56562
-20.759998  1728.753 0.1 0 0 56188 0 0 0 56188
-20.699997  1730.768 0.1 0 0 56431 0 0 0 56431
-20.639997  1732.786 0.1 0 0 57397 0 0 0 57397
-20.579996  1734.807 0.1 0 0 58844 0 0 0 58844
-20.519996  1736.822 0.1 0 0 61659 0 0 0 61659
-20.459995  1738.850 0.1 0 0 67389 0 0 0 67389
-20.399995  1740.863 0.1 0 0 79245 0 0 0 79245
-20.339994  1742.878 0.1 0 0 94142 0 0 0 94142
-20.279993  1744.894 0.1 0 0 111862 0 0 0 111862
-20.219993  1746.908 0.1 0 0 132272 0 0 0 132272
-20.159992  1748.920 0.1 0 0 152487 0 0 0 152487
-20.099992  1750.938 0.1 0 0 175492 0 0 0 175492
-20.039991  1752.951 0.1 0 0 197342 0 0 0 197342
-19.97999  1754.966 0.1 0 0 222330 0 0 0 222330
-19.91999  1756.980 0.1 0 0 246305 0 0 0 246305
-19.859989  1759.004 0.1 0 0 267025 0 0 0 267025
-19.799989  1761.023 0.1 0 0 285594 0 0 0 285594
-19.739988  1763.037 0.1 0 0 300796 0 0 0 300796
-19.679987  1765.057 0.1 0 0 308255 0 0 0 308255
-19.619987  1767.074 0.1 0 0 312937 0 0 0 312937
-19.559986  1769.090 0.1 0 0 312605 0 0 0 312605
-19.499986  1771.108 0.1 0 0 315147 0 0 0 315147
-19.439985  1773.127 0.1 0 0 314650 0 0 0 314650
-19.379985  1775.142 0.1 0 0 313690 0 0 0 313690
-19.319984  1777.161 0.1 0 0 314667 0 0 0 314667
-19.259983  1779.185 0.1 0 0 314827 0 0 0 314827
-19.199983  1781.199 0.1 0 0 315744 0 0 0 315744

#S 13  ascan  x -30 -27  50 0.1
#D Thu Feb 02 11:21:59 2017
#T 0.1  (Seconds)
#G0 0
#G1 0
#G3 0
#G4 0
#Q 
#P0 0.6 0.59999998 0.6 0.59999998 0.40000002 0.40000003 0.4 0.39999998
#P1 23.00007 -6.6 -1.5 0 -9.375e-07 -28.500015 -2.821234e-06 1.0000011
#P2 0.55 3.2 -63.869993 
#N 10
#L X    Epoch  Seconds  Detector  Counter 3  Pil Ct0  Pil Ct1  Pil Roi1  Monitor  Pil Roi0
-30.00003  1851.694 0.1 0 0 314744 0 0 0 314744
-29.940029  1853.713 0.1 0 0 314218 0 0 0 314218
-29.880029  1855.722 0.1 0 0 313831 0 0 0 313831
-29.820028  1857.735 0.1 0 0 314601 0 0 0 314601
-29.760027  1859.745 0.1 0 0 313776 0 0 0 313776
-29.700027  1861.770 0.1 0 0 315030 0 0 0 315030
-29.640026  1863.784 0.1 0 0 313479 0 0 0 313479
-29.580026  1865.804 0.1 0 0 314119 0 0 0 314119
-29.520025  1867.850 0.1 0 0 314119 0 0 0 314119
-29.460024  1869.866 0.1 0 0 314387 0 0 0 314387
-29.400024  1871.882 0.1 0 0 313258 0 0 0 313258
-29.340023  1873.892 0.1 0 0 313183 0 0 0 313183
-29.280023  1875.914 0.1 0 0 311680 0 0 0 311680
-29.220022  1877.934 0.1 0 0 305846 0 0 0 305846
-29.160021  1879.951 0.1 0 0 294224 0 0 0 294224
-29.100021  1881.975 0.1 0 0 278143 0 0 0 278143
-29.04002  1883.997 0.1 0 0 262018 0 0 0 262018
-28.98002  1886.018 0.1 0 0 240673 0 0 0 240673
-28.920019  1888.037 0.1 0 0 218825 0 0 0 218825
-28.860019  1890.056 0.1 0 0 194425 0 0 0 194425
-28.800018  1892.078 0.1 0 0 169284 0 0 0 169284
-28.740017  1894.094 0.1 0 0 145212 0 0 0 145212
-28.680017  1896.110 0.1 0 0 120222 0 0 0 120222
-28.620016  1898.130 0.1 0 0 96122 0 0 0 96122
-28.560016  1900.145 0.1 0 0 75015 0 0 0 75015
-28.500015  1902.161 0.1 0 0 57916 0 0 0 57916
-28.440014  1904.174 0.1 0 0 47331 0 0 0 47331
-28.380014  1906.189 0.1 0 0 42112 0 0 0 42112
-28.320013  1908.207 0.1 0 0 39327 0 0 0 39327
-28.260013  1910.230 0.1 0 0 37546 0 0 0 37546
-28.200012  1912.239 0.1 0 0 36498 0 0 0 36498
-28.140012  1914.250 0.1 0 0 35280 0 0 0 35280
-28.080011  1916.273 0.1 0 0 34786 0 0 0 34786
-28.02001  1918.286 0.1 0 0 34639 0 0 0 34639
-27.96001  1920.305 0.1 0 0 34664 0 0 0 34664
-27.900009  1922.318 0.1 0 0 34320 0 0 0 34320
-27.840009  1924.334 0.1 0 0 34940 0 0 0 34940
-27.780008  1926.354 0.1 0 0 35552 0 0 0 35552
-27.720007  1928.366 0.1 0 0 36462 0 0 0 36462
-27.660007  1930.379 0.1 0 0 37638 0 0 0 37638
-27.600006  1932.389 0.1 0 0 38771 0 0 0 38771
-27.540006  1934.395 0.1 0 0 41284 0 0 0 41284
-27.480005  1936.418 0.1 0 0 46683 0 0 0 46683
-27.420004  1938.437 0.1 0 0 58197 0 0 0 58197
-27.360004  1940.449 0.1 0 0 71960 0 0 0 71960
-27.300003  1942.463 0.1 0 0 88011 0 0 0 88011
-27.240003  1944.476 0.1 0 0 108111 0 0 0 108111
-27.180002  1946.492 0.1 0 0 127906 0 0 0 127906
-27.120002  1948.503 0.1 0 0 150129 0 0 0 150129
-27.060001  1950.518 0.1 0 0 175785 0 0 0 175785
-27  1952.530 0.1 0 0 199040 0 0 0 199040

#S 14  ascan  x -37.5 -34.5  50 0.1
#D Thu Feb 02 11:24:30 2017
#T 0.1  (Seconds)
#G0 0
#G1 0
#G3 0
#G4 0
#Q 
#P0 0.6 0.59999998 0.6 0.59999998 0.40000002 0.40000003 0.4 0.39999998
#P1 23.00007 -6.6 -1.5 0 -9.375e-07 -36 -2.821234e-06 1.0000011
#P2 0.55 3.2 -63.869993 
#N 10
#L X    Epoch  Seconds  Detector  Counter 3  Pil Ct0  Pil Ct1  Pil Roi1  Monitor  Pil Roi0
-37.499986  2002.171 0.1 0 0 313003 0 0 0 313003
-37.440014  2004.194 0.1 0 0 312933 0 0 0 312933
-37.380014  2006.212 0.1 0 0 313728 0 0 0 313728
-37.320013  2008.233 0.1 0 0 313254 0 0 0 313254
-37.260013  2010.258 0.1 0 0 314098 0 0 0 314098
-37.200012  2012.279 0.1 0 0 312795 0 0 0 312795
-37.140012  2014.293 0.1 0 0 313408 0 0 0 313408
-37.080011  2016.309 0.1 0 0 314077 0 0 0 314077
-37.02001  2018.330 0.1 0 0 314412 0 0 0 314412
-36.96001  2020.349 0.1 0 0 314491 0 0 0 314491
-36.900009  2022.366 0.1 0 0 314816 0 0 0 314816
-36.840009  2024.390 0.1 0 0 313784 0 0 0 313784
-36.780008  2026.409 0.1 0 0 313348 0 0 0 313348
-36.720007  2028.434 0.1 0 0 313605 0 0 0 313605
-36.660007  2030.458 0.1 0 0 314956 0 0 0 314956
-36.600006  2032.476 0.1 0 0 314094 0 0 0 314094
-36.540006  2034.501 0.1 0 0 314699 0 0 0 314699
-36.480005  2036.571 0.1 0 0 313926 0 0 0 313926
-36.420004  2038.550 0.1 0 0 313437 0 0 0 313437
-36.360004  2040.574 0.1 0 0 313460 0 0 0 313460
-36.300003  2042.598 0.1 0 0 313575 0 0 0 313575
-36.240003  2044.626 0.1 0 0 313711 0 0 0 313711
-36.180002  2046.650 0.1 0 0 311453 0 0 0 311453
-36.120002  2048.673 0.1 0 0 310014 0 0 0 310014
-36.060001  2050.693 0.1 0 0 302301 0 0 0 302301
-36  2052.719 0.1 0 0 291244 0 0 0 291244
-35.94  2054.742 0.1 0 0 278473 0 0 0 278473
-35.879999  2056.770 0.1 0 0 261094 0 0 0 261094
-35.819999  2058.791 0.1 0 0 242748 0 0 0 242748
-35.759998  2060.811 0.1 0 0 221750 0 0 0 221750
-35.699997  2062.830 0.1 0 0 199962 0 0 0 199962
-35.639997  2064.884 0.1 0 0 176474 0 0 0 176474
-35.579996  2066.858 0.1 0 0 152711 0 0 0 152711
-35.519996  2068.886 0.1 0 0 128461 0 0 0 128461
-35.459995  2070.909 0.1 0 0 106446 0 0 0 106446
-35.399995  2072.930 0.1 0 0 88141 0 0 0 88141
-35.339994  2074.950 0.1 0 0 75041 0 0 0 75041
-35.279993  2076.969 0.1 0 0 67229 0 0 0 67229
-35.219993  2078.990 0.1 0 0 62742 0 0 0 62742
-35.159992  2081.018 0.1 0 0 59785 0 0 0 59785
-35.099992  2083.046 0.1 0 0 57989 0 0 0 57989
-35.039991  2085.073 0.1 0 0 57129 0 0 0 57129
-34.97999  2087.097 0.1 0 0 57150 0 0 0 57150
-34.91999  2089.121 0.1 0 0 56960 0 0 0 56960
-34.859989  2091.206 0.1 0 0 57761 0 0 0 57761
-34.799989  2093.182 0.1 0 0 58794 0 0 0 58794
-34.739988  2095.205 0.1 0 0 60806 0 0 0 60806
-34.679987  2097.227 0.1 0 0 64763 0 0 0 64763
-34.619987  2099.254 0.1 0 0 71187 0 0 0 71187
-34.559986  2101.290 0.1 0 0 81973 0 0 0 81973
-34.500015  2103.321 0.1 0 0 95682 0 0 0 95682

#S 15  ascan  x -44 -41  50 0.1
#D Thu Feb 02 11:27:04 2017
#T 0.1  (Seconds)
#G0 0
#G1 0
#G3 0
#G4 0
#Q 
#P0 0.6 0.59999998 0.6 0.59999998 0.40000002 0.40000003 0.4 0.39999998
#P1 23.00007 -6.6 -1.5 0 -9.375e-07 -42.499986 -2.821234e-06 1.0000011
#P2 0.55 3.2 -63.869993 
#N 10
#L X    Epoch  Seconds  Detector  Counter 3  Pil Ct0  Pil Ct1  Pil Roi1  Monitor  Pil Roi0
-43.999971  2156.109 0.1 0 0 313496 0 0 0 313496
-43.94  2158.142 0.1 0 0 314230 0 0 0 314230
-43.879999  2160.160 0.1 0 0 312545 0 0 0 312545
-43.819999  2162.197 0.1 0 0 312650 0 0 0 312650
-43.759998  2164.218 0.1 0 0 314437 0 0 0 314437
-43.699997  2166.242 0.1 0 0 313541 0 0 0 313541
-43.639997  2168.265 0.1 0 0 313519 0 0 0 313519
-43.579996  2170.289 0.1 0 0 313787 0 0 0 313787
-43.519996  2172.314 0.1 0 0 313129 0 0 0 313129
-43.459995  2174.338 0.1 0 0 312967 0 0 0 312967
-43.399995  2176.358 0.1 0 0 313266 0 0 0 313266
-43.339994  2178.382 0.1 0 0 312825 0 0 0 312825
-43.279993  2180.410 0.1 0 0 312989 0 0 0 312989
-43.219993  2182.430 0.1 0 0 313252 0 0 0 313252
-43.159992  2184.451 0.1 0 0 312042 0 0 0 312042
-43.099992  2186.471 0.1 0 0 311806 0 0 0 311806
-43.039991  2188.521 0.1 0 0 312817 0 0 0 312817
-42.97999  2190.552 0.1 0 0 312399 0 0 0 312399
-42.91999  2192.576 0.1 0 0 309515 0 0 0 309515
-42.859989  2194.607 0.1 0 0 303367 0 0 0 303367
-42.799989  2196.656 0.1 0 0 293730 0 0 0 293730
-42.739988  2198.679 0.1 0 0 282322 0 0 0 282322
-42.679987  2200.710 0.1 0 0 268031 0 0 0 268031
-42.619987  2202.734 0.1 0 0 250792 0 0 0 250792
-42.559986  2204.757 0.1 0 0 231602 0 0 0 231602
-42.499986  2206.776 0.1 0 0 211976 0 0 0 211976
-42.439985  2208.797 0.1 0 0 191360 0 0 0 191360
-42.379985  2210.822 0.1 0 0 170917 0 0 0 170917
-42.319984  2212.847 0.1 0 0 150408 0 0 0 150408
-42.259983  2214.878 0.1 0 0 131342 0 0 0 131342
-42.199983  2216.899 0.1 0 0 115915 0 0 0 115915
-42.139982  2218.919 0.1 0 0 106440 0 0 0 106440
-42.079982  2220.937 0.1 0 0 100701 0 0 0 100701
-42.019981  2222.962 0.1 0 0 98031 0 0 0 98031
-41.95998  2225.006 0.1 0 0 97494 0 0 0 97494
-41.89998  2227.029 0.1 0 0 99472 0 0 0 99472
-41.839979  2229.052 0.1 0 0 102579 0 0 0 102579
-41.779979  2231.067 0.1 0 0 110712 0 0 0 110712
-41.719978  2233.094 0.1 0 0 121603 0 0 0 121603
-41.659978  2235.117 0.1 0 0 135862 0 0 0 135862
-41.599977  2237.142 0.1 0 0 150429 0 0 0 150429
-41.539976  2239.176 0.1 0 0 167335 0 0 0 167335
-41.479976  2241.199 0.1 0 0 186440 0 0 0 186440
-41.419975  2243.222 0.1 0 0 208073 0 0 0 208073
-41.359975  2245.247 0.1 0 0 227631 0 0 0 227631
-41.299974  2247.304 0.1 0 0 246899 0 0 0 246899
-41.239973  2249.279 0.1 0 0 266884 0 0 0 266884
-41.179973  2251.295 0.1 0 0 283743 0 0 0 283743
-41.119972  2253.319 0.1 0 0 298270 0 0 0 298270
-41.059972  2255.362 0.1 0 0 306969 0 0 0 306969
-41  2257.341 0.1 0 0 310201 0 0 0 310201

#S 16  ascan  x -47.5 -44.5  50 0.1
#D Thu Feb 02 11:30:04 2017
#T 0.1  (Seconds)
#G0 0
#G1 0
#G3 0
#G4 0
#Q 
#P0 0.6 0.59999998 0.6 0.59999998 0.40000002 0.40000003 0.4 0.39999998
#P1 23.00007 -6.6 -1.5 0 -9.375e-07 -46 -2.821234e-06 1.0000011
#P2 0.55 3.2 -63.869993 
#N 10
#L X    Epoch  Seconds  Detector  Counter 3  Pil Ct0  Pil Ct1  Pil Roi1  Monitor  Pil Roi0
-47.499986  2336.282 0.1 0 0 312184 0 0 0 312184
-47.440014  2338.306 0.1 0 0 313280 0 0 0 313280
-47.380014  2340.328 0.1 0 0 312049 0 0 0 312049
-47.320013  2342.383 0.1 0 0 312453 0 0 0 312453
-47.260013  2344.353 0.1 0 0 311908 0 0 0 311908
-47.200012  2346.386 0.1 0 0 311887 0 0 0 311887
-47.140012  2348.410 0.1 0 0 312037 0 0 0 312037
-47.080011  2350.436 0.1 0 0 313027 0 0 0 313027
-47.02001  2352.452 0.1 0 0 312297 0 0 0 312297
-46.96001  2354.470 0.1 0 0 312757 0 0 0 312757
-46.900009  2356.496 0.1 0 0 310836 0 0 0 310836
-46.840009  2358.524 0.1 0 0 312802 0 0 0 312802
-46.780008  2360.550 0.1 0 0 311005 0 0 0 311005
-46.720007  2362.569 0.1 0 0 311830 0 0 0 311830
-46.660007  2364.590 0.1 0 0 307242 0 0 0 307242
-46.600006  2366.613 0.1 0 0 297831 0 0 0 297831
-46.540006  2368.634 0.1 0 0 284499 0 0 0 284499
-46.480005  2370.654 0.1 0 0 271070 0 0 0 271070
-46.420004  2372.675 0.1 0 0 253793 0 0 0 253793
-46.360004  2374.701 0.1 0 0 234351 0 0 0 234351
-46.300003  2376.726 0.1 0 0 211706 0 0 0 211706
-46.240003  2378.750 0.1 0 0 188721 0 0 0 188721
-46.180002  2380.787 0.1 0 0 164823 0 0 0 164823
-46.120002  2382.812 0.1 0 0 143279 0 0 0 143279
-46.060001  2384.829 0.1 0 0 120871 0 0 0 120871
-46  2386.855 0.1 0 0 99640 0 0 0 99640
-45.94  2388.880 0.1 0 0 81865 0 0 0 81865
-45.879999  2390.901 0.1 0 0 69833 0 0 0 69833
-45.819999  2392.932 0.1 0 0 63525 0 0 0 63525
-45.759998  2394.955 0.1 0 0 58989 0 0 0 58989
-45.699997  2396.980 0.1 0 0 56584 0 0 0 56584
-45.639997  2399.000 0.1 0 0 55027 0 0 0 55027
-45.579996  2401.054 0.1 0 0 53658 0 0 0 53658
-45.519996  2403.037 0.1 0 0 53129 0 0 0 53129
-45.459995  2405.058 0.1 0 0 52705 0 0 0 52705
-45.399995  2407.078 0.1 0 0 52820 0 0 0 52820
-45.339994  2409.116 0.1 0 0 53339 0 0 0 53339
-45.279993  2411.147 0.1 0 0 54542 0 0 0 54542
-45.219993  2413.171 0.1 0 0 56794 0 0 0 56794
-45.159992  2415.194 0.1 0 0 58990 0 0 0 58990
-45.099992  2417.233 0.1 0 0 66421 0 0 0 66421
-45.039991  2419.257 0.1 0 0 78531 0 0 0 78531
-44.97999  2421.286 0.1 0 0 93096 0 0 0 93096
-44.91999  2423.306 0.1 0 0 111371 0 0 0 111371
-44.859989  2425.341 0.1 0 0 131570 0 0 0 131570
-44.799989  2427.366 0.1 0 0 151417 0 0 0 151417
-44.739988  2429.385 0.1 0 0 175035 0 0 0 175035
-44.679987  2431.410 0.1 0 0 198763 0 0 0 198763
-44.619987  2433.451 0.1 0 0 221106 0 0 0 221106
-44.559986  2435.471 0.1 0 0 243165 0 0 0 243165
-44.500015  2437.489 0.1 0 0 263003 0 0 0 263003

#S 17  ascan  x 5.65 8.65  50 0.1
#D Thu Feb 02 11:47:35 2017
#T 0.1  (Seconds)
#G0 0
#G1 0
#G3 0
#G4 0
#Q 
#P0 0.6 0.59999998 0.6 0.59999998 0.40000002 0.40000003 0.4 0.39999998
#P1 23.00007 -6.6 -1.5 0 -9.375e-07 7.1500011 -2.821234e-06 1.0000011
#P2 0.55 3.2 -63.869993 
#N 10
#L X    Epoch  Seconds  Detector  Counter 3  Pil Ct0  Pil Ct1  Pil Roi1  Monitor  Pil Roi0
5.6499864  3387.360 0.1 0 0 3 0 0 0 3
5.709987  3389.379 0.1 0 0 5 0 0 0 5
5.7699876  3391.391 0.1 0 0 7 0 0 0 7
5.8299882  3393.414 0.1 0 0 3 0 0 0 3
5.8899888  3395.424 0.1 0 0 14 0 0 0 14
5.9499894  3397.450 0.1 0 0 6 0 0 0 6
6.00999  3399.459 0.1 0 0 37 0 0 0 37
6.0699905  3401.473 0.1 0 0 2 0 0 0 2
6.1299911  3403.490 0.1 0 0 24 0 0 0 24
#C Thu Feb 02 11:47:58 2017.  Scan aborted after 9 points.

#S 18  ascan  x 5.65 8.65  50 0.1
#D Thu Feb 02 11:48:23 2017
#T 0.1  (Seconds)
#G0 0
#G1 0
#G3 0
#G4 0
#Q 
#P0 0.6 0.59999998 0.6 0.59999998 0.40000002 0.40000003 0.4 0.39999998
#P1 23.00007 -6.6 -1.5 0 -9.375e-07 7.1500011 -2.821234e-06 1.0000011
#P2 0.55 3.2 -63.869993 
#N 10
#L X    Epoch  Seconds  Detector  Counter 3  Pil Ct0  Pil Ct1  Pil Roi1  Monitor  Pil Roi0
5.6499864  3435.415 0.1 0 0 3095270 0 0 0 3095270
5.709987  3437.429 0.1 0 0 3091920 0 0 0 3091920
5.7699876  3439.442 0.1 0 0 3092165 0 0 0 3092165
5.8299882  3441.458 0.1 0 0 3092081 0 0 0 3092081
5.8899888  3443.471 0.1 0 0 3085955 0 0 0 3085955
5.9499894  3445.482 0.1 0 0 3088155 0 0 0 3088155
6.00999  3447.501 0.1 0 0 3088180 0 0 0 3088180
6.0699905  3449.511 0.1 0 0 3085451 0 0 0 3085451
6.1299911  3451.524 0.1 0 0 3059602 0 0 0 3059602
6.1899917  3453.539 0.1 0 0 3008325 0 0 0 3008325
6.2499923  3455.562 0.1 0 0 2925987 0 0 0 2925987
6.3099929  3457.575 0.1 0 0 2837692 0 0 0 2837692
6.3699935  3459.596 0.1 0 0 2752038 0 0 0 2752038
6.4299941  3461.618 0.1 0 0 2652525 0 0 0 2652525
6.4899946  3463.634 0.1 0 0 2547173 0 0 0 2547173
6.5499952  3465.652 0.1 0 0 2445374 0 0 0 2445374
6.6099958  3467.659 0.1 0 0 2354092 0 0 0 2354092
6.6699964  3469.678 0.1 0 0 2260054 0 0 0 2260054
6.729997  3471.692 0.1 0 0 2176958 0 0 0 2176958
6.7899976  3473.714 0.1 0 0 2106193 0 0 0 2106193
6.8499982  3475.726 0.1 0 0 2068980 0 0 0 2068980
6.9099987  3477.741 0.1 0 0 2079759 0 0 0 2079759
6.9699993  3479.768 0.1 0 0 2115045 0 0 0 2115045
7.0299999  3481.783 0.1 0 0 2152973 0 0 0 2152973
7.0900005  3483.806 0.1 0 0 2176807 0 0 0 2176807
7.1500011  3485.823 0.1 0 0 2190401 0 0 0 2190401
7.2100017  3487.836 0.1 0 0 2190643 0 0 0 2190643
7.2700023  3489.852 0.1 0 0 2177737 0 0 0 2177737
7.3300028  3491.870 0.1 0 0 2158470 0 0 0 2158470
7.3900034  3493.886 0.1 0 0 2124814 0 0 0 2124814
7.450004  3495.902 0.1 0 0 2087342 0 0 0 2087342
7.5100046  3497.918 0.1 0 0 2062088 0 0 0 2062088
7.5700052  3499.934 0.1 0 0 2062969 0 0 0 2062969
7.6300058  3501.950 0.1 0 0 2080065 0 0 0 2080065
7.6900064  3503.962 0.1 0 0 2104589 0 0 0 2104589
7.7500069  3505.986 0.1 0 0 2156375 0 0 0 2156375
7.8100075  3507.995 0.1 0 0 2216822 0 0 0 2216822
7.8700081  3510.010 0.1 0 0 2311163 0 0 0 2311163
7.9300087  3512.051 0.1 0 0 2403983 0 0 0 2403983
7.9900093  3514.067 0.1 0 0 2505632 0 0 0 2505632
8.0500099  3516.079 0.1 0 0 2622848 0 0 0 2622848
8.1100105  3518.104 0.1 0 0 2754372 0 0 0 2754372
8.1700111  3520.127 0.1 0 0 2887339 0 0 0 2887339
8.2300116  3522.145 0.1 0 0 2997873 0 0 0 2997873
8.2900122  3524.162 0.1 0 0 3053478 0 0 0 3053478
8.3500128  3526.178 0.1 0 0 3081543 0 0 0 3081543
8.4100134  3528.194 0.1 0 0 3089802 0 0 0 3089802
8.470014  3530.210 0.1 0 0 3096072 0 0 0 3096072
8.5300146  3532.226 0.1 0 0 3088637 0 0 0 3088637
8.5900152  3534.240 0.1 0 0 3092240 0 0 0 3092240
8.6500157  3536.262 0.1 0 0 3092891 0 0 0 3092891
#C Thu Feb 02 11:51:17 2017.  do /home/saxs/SPEC-macros/AT_capillary.mac.

#S 19  ascan  x 44.1 47.1  50 0.1
#D Thu Feb 02 13:03:49 2017
#T 0.1  (Seconds)
#G0 0
#G1 0
#G3 0
#G4 0
#Q 
#P0 0.6 0.59999998 0.6 0.59999998 0.40000002 0.40000003 0.4 0.39999998
#P1 23.00007 -6.6 -1.5 0 -9.375e-07 45.600005 -2.821234e-06 1.0000011
#P2 0.55 3.2 -63.869993 
#N 10
#L X    Epoch  Seconds  Detector  Counter 3  Pil Ct0  Pil Ct1  Pil Roi1  Monitor  Pil Roi0
44.099991  7964.150 0.1 0 0 529961 0 0 0 529961
44.159991  7967.169 0.1 0 0 2982288 0 0 0 2982288
44.219992  7969.190 0.1 0 0 2983916 0 0 0 2983916
44.279993  7971.243 0.1 0 0 2988126 0 0 0 2988126
44.339993  7973.211 0.1 0 0 2981354 0 0 0 2981354
44.399994  7975.226 0.1 0 0 2970835 0 0 0 2970835
44.459994  7977.250 0.1 0 0 2957701 0 0 0 2957701
44.519995  7979.268 0.1 0 0 2924933 0 0 0 2924933
44.579996  7981.285 0.1 0 0 2847177 0 0 0 2847177
44.639996  7983.308 0.1 0 0 2730126 0 0 0 2730126
44.699997  7985.328 0.1 0 0 2593178 0 0 0 2593178
44.759997  7987.347 0.1 0 0 2433896 0 0 0 2433896
44.819998  7989.374 0.1 0 0 2256077 0 0 0 2256077
44.879998  7991.402 0.1 0 0 2064940 0 0 0 2064940
44.939999  7993.429 0.1 0 0 1859387 0 0 0 1859387
45  7995.449 0.1 0 0 1661547 0 0 0 1661547
45.06  7997.514 0.1 0 0 1443449 0 0 0 1443449
45.120001  7999.484 0.1 0 0 1241843 0 0 0 1241843
45.180001  8001.501 0.1 0 0 1032591 0 0 0 1032591
45.240002  8003.537 0.1 0 0 860265 0 0 0 860265
45.300003  8005.553 0.1 0 0 754018 0 0 0 754018
45.360003  8007.573 0.1 0 0 695811 0 0 0 695811
45.420004  8009.590 0.1 0 0 663874 0 0 0 663874
45.480004  8011.610 0.1 0 0 648422 0 0 0 648422
45.540005  8013.626 0.1 0 0 639959 0 0 0 639959
45.600005  8015.637 0.1 0 0 637411 0 0 0 637411
45.660006  8017.653 0.1 0 0 640710 0 0 0 640710
45.720007  8019.669 0.1 0 0 648310 0 0 0 648310
45.780007  8021.676 0.1 0 0 668161 0 0 0 668161
45.840008  8023.743 0.1 0 0 698364 0 0 0 698364
45.900008  8025.711 0.1 0 0 758049 0 0 0 758049
45.960009  8027.738 0.1 0 0 863855 0 0 0 863855
46.02001  8029.762 0.1 0 0 994006 0 0 0 994006
46.08001  8031.782 0.1 0 0 1150649 0 0 0 1150649
46.140011  8033.798 0.1 0 0 1322060 0 0 0 1322060
46.200011  8035.818 0.1 0 0 1507354 0 0 0 1507354
46.260012  8037.837 0.1 0 0 1718017 0 0 0 1718017
46.320013  8039.857 0.1 0 0 1897276 0 0 0 1897276
46.380013  8041.873 0.1 0 0 2108757 0 0 0 2108757
46.440014  8043.888 0.1 0 0 2316960 0 0 0 2316960
46.500014  8045.902 0.1 0 0 2499488 0 0 0 2499488
46.560015  8047.962 0.1 0 0 2683962 0 0 0 2683962
46.620015  8049.926 0.1 0 0 2833207 0 0 0 2833207
46.680016  8051.950 0.1 0 0 2917502 0 0 0 2917502
46.740017  8053.967 0.1 0 0 2955556 0 0 0 2955556
46.800017  8055.987 0.1 0 0 2970528 0 0 0 2970528
46.860018  8058.006 0.1 0 0 2980651 0 0 0 2980651
46.920018  8060.022 0.1 0 0 2980573 0 0 0 2980573
46.980019  8062.040 0.1 0 0 2979053 0 0 0 2979053
47.04002  8064.056 0.1 0 0 2986257 0 0 0 2986257
47.10002  8066.075 0.1 0 0 2982968 0 0 0 2982968
#C Thu Feb 02 13:10:56 2017.  do /home/saxs/SPEC-macros/AT_capillary.mac.

#S 20  ascan  x -9 -5  100 0.1
#D Fri Feb 03 10:51:19 2017
#T 0.1  (Seconds)
#G0 0
#G1 0
#G3 0
#G4 0
#Q 
#P0 0.6 0.59999998 0.6 0.59999998 0.40000002 0.40000003 0.4 0.39999998
#P1 23.00007 -6.6 -1.5 0 -9.375e-07 -7.0000004 -2.821234e-06 1.0000011
#P2 0.55 3.2 -63.869993 
#N 10
#L X    Epoch  Seconds  Detector  Counter 3  Pil Ct0  Pil Ct1  Pil Roi1  Monitor  Pil Roi0
-9.0000004  86412.161 0.1 0 0 8 0 0 0 8
-8.9600098  86414.202 0.1 0 0 9 0 0 0 9
-8.9199898  86416.232 0.1 0 0 5 0 0 0 5
-8.8799992  86418.261 0.1 0 0 5 0 0 0 5
-8.8400086  86420.291 0.1 0 0 6 0 0 0 6
-8.7999887  86422.327 0.1 0 0 3 0 0 0 3
-8.759998  86424.359 0.1 0 0 25 0 0 0 25
-8.7200074  86426.424 0.1 0 0 5 0 0 0 5
-8.6799875  86428.403 0.1 0 0 11 0 0 0 11
-8.6399969  86430.435 0.1 0 0 5 0 0 0 5
-8.6000062  86432.460 0.1 0 0 11 0 0 0 11
-8.5599863  86434.490 0.1 0 0 18 0 0 0 18
-8.5199957  86436.518 0.1 0 0 5 0 0 0 5
-8.4800051  86438.558 0.1 0 0 9 0 0 0 9
-8.4400144  86440.599 0.1 0 0 32 0 0 0 32
-8.3999945  86442.630 0.1 0 0 4 0 0 0 4
-8.3600039  86444.666 0.1 0 0 10 0 0 0 10
-8.3200133  86446.707 0.1 0 0 14 0 0 0 14
-8.2799933  86448.740 0.1 0 0 9 0 0 0 9
-8.2400027  86450.770 0.1 0 0 15 0 0 0 15
-8.2000121  86452.859 0.1 0 0 3 0 0 0 3
-8.1599922  86454.835 0.1 0 0 6 0 0 0 6
-8.1200015  86456.865 0.1 0 0 19 0 0 0 19
-8.0800109  86458.903 0.1 0 0 6 0 0 0 6
-8.039991  86460.930 0.1 0 0 13 0 0 0 13
-8.0000004  86463.010 0.1 0 0 3 0 0 0 3
-7.9600098  86464.988 0.1 0 0 7 0 0 0 7
-7.9199898  86467.017 0.1 0 0 13 0 0 0 13
-7.8799992  86469.054 0.1 0 0 8 0 0 0 8
-7.8400086  86471.084 0.1 0 0 21 0 0 0 21
-7.7999887  86473.121 0.1 0 0 9 0 0 0 9
#C Fri Feb 03 10:52:27 2017.  Scan aborted after 31 points.

#S 21  ascan  x -9 -5  100 0.1
#D Fri Feb 03 10:52:41 2017
#T 0.1  (Seconds)
#G0 0
#G1 0
#G3 0
#G4 0
#Q 
#P0 0.6 0.59999998 0.6 0.59999998 0.40000002 0.40000003 0.4 0.39999998
#P1 23.00007 -6.6 -1.5 0 -9.375e-07 -7.0000004 -2.821234e-06 1.0000011
#P2 0.55 3.2 -63.869993 
#N 10
#L X    Epoch  Seconds  Detector  Counter 3  Pil Ct0  Pil Ct1  Pil Roi1  Monitor  Pil Roi0
-9.0000004  86493.494 0.1 0 0 3235058 0 0 0 3235058
-8.9600098  86495.535 0.1 0 0 3230903 0 0 0 3230903
-8.9199898  86497.612 0.1 0 0 3236223 0 0 0 3236223
-8.8799992  86499.592 0.1 0 0 3231987 0 0 0 3231987
-8.8400086  86501.618 0.1 0 0 3234398 0 0 0 3234398
-8.7999887  86503.655 0.1 0 0 3234927 0 0 0 3234927
-8.759998  86505.692 0.1 0 0 3229595 0 0 0 3229595
-8.7200074  86507.725 0.1 0 0 3237180 0 0 0 3237180
-8.6799875  86509.754 0.1 0 0 3233446 0 0 0 3233446
-8.6399969  86511.790 0.1 0 0 3237260 0 0 0 3237260
-8.6000062  86513.817 0.1 0 0 3231431 0 0 0 3231431
-8.5599863  86515.856 0.1 0 0 3230929 0 0 0 3230929
-8.5199957  86517.897 0.1 0 0 3231978 0 0 0 3231978
-8.4800051  86519.922 0.1 0 0 3237132 0 0 0 3237132
-8.4400144  86521.927 0.1 0 0 3235446 0 0 0 3235446
-8.3999945  86523.999 0.1 0 0 3234358 0 0 0 3234358
-8.3600039  86525.976 0.1 0 0 3236711 0 0 0 3236711
-8.3200133  86528.006 0.1 0 0 3240229 0 0 0 3240229
-8.2799933  86530.036 0.1 0 0 3232596 0 0 0 3232596
-8.2400027  86532.078 0.1 0 0 3231651 0 0 0 3231651
-8.2000121  86534.104 0.1 0 0 3233671 0 0 0 3233671
-8.1599922  86536.147 0.1 0 0 3235375 0 0 0 3235375
-8.1200015  86538.179 0.1 0 0 3237070 0 0 0 3237070
-8.0800109  86540.209 0.1 0 0 3223963 0 0 0 3223963
-8.039991  86542.241 0.1 0 0 3211767 0 0 0 3211767
-8.0000004  86544.272 0.1 0 0 3189174 0 0 0 3189174
-7.9600098  86546.315 0.1 0 0 3154415 0 0 0 3154415
-7.9199898  86548.348 0.1 0 0 3092031 0 0 0 3092031
-7.8799992  86550.381 0.1 0 0 3026990 0 0 0 3026990
-7.8400086  86552.457 0.1 0 0 2968463 0 0 0 2968463
-7.7999887  86554.444 0.1 0 0 2906368 0 0 0 2906368
-7.759998  86556.475 0.1 0 0 2836099 0 0 0 2836099
-7.7200074  86558.510 0.1 0 0 2765548 0 0 0 2765548
-7.6799875  86560.550 0.1 0 0 2694297 0 0 0 2694297
-7.6399969  86562.577 0.1 0 0 2614029 0 0 0 2614029
-7.6000062  86564.607 0.1 0 0 2542005 0 0 0 2542005
-7.5599863  86566.646 0.1 0 0 2478896 0 0 0 2478896
-7.5199957  86568.689 0.1 0 0 2411395 0 0 0 2411395
-7.4800051  86570.701 0.1 0 0 2351463 0 0 0 2351463
-7.4400144  86572.737 0.1 0 0 2291591 0 0 0 2291591
-7.3999945  86574.770 0.1 0 0 2238377 0 0 0 2238377
-7.3600039  86576.808 0.1 0 0 2187251 0 0 0 2187251
-7.3200133  86578.844 0.1 0 0 2146753 0 0 0 2146753
-7.2799933  86580.877 0.1 0 0 2121269 0 0 0 2121269
-7.2400027  86582.906 0.1 0 0 2108339 0 0 0 2108339
-7.2000121  86584.953 0.1 0 0 2124498 0 0 0 2124498
-7.1599922  86586.986 0.1 0 0 2147633 0 0 0 2147633
-7.1200015  86589.018 0.1 0 0 2180996 0 0 0 2180996
-7.0800109  86591.053 0.1 0 0 2210138 0 0 0 2210138
-7.039991  86593.112 0.1 0 0 2231394 0 0 0 2231394
-7.0000004  86595.158 0.1 0 0 2252206 0 0 0 2252206
-6.9600098  86597.186 0.1 0 0 2260492 0 0 0 2260492
-6.9199898  86599.214 0.1 0 0 2268738 0 0 0 2268738
-6.8799992  86601.242 0.1 0 0 2265022 0 0 0 2265022
-6.8400086  86603.268 0.1 0 0 2256365 0 0 0 2256365
-6.7999887  86605.294 0.1 0 0 2244892 0 0 0 2244892
-6.759998  86607.332 0.1 0 0 2228119 0 0 0 2228119
-6.7200074  86609.360 0.1 0 0 2204603 0 0 0 2204603
-6.6799875  86611.387 0.1 0 0 2189939 0 0 0 2189939
-6.6399969  86613.417 0.1 0 0 2183243 0 0 0 2183243
-6.6000062  86615.450 0.1 0 0 2195947 0 0 0 2195947
-6.5599863  86617.484 0.1 0 0 2213637 0 0 0 2213637
-6.5199957  86619.517 0.1 0 0 2235518 0 0 0 2235518
-6.4800051  86621.550 0.1 0 0 2264872 0 0 0 2264872
-6.4400144  86623.578 0.1 0 0 2302761 0 0 0 2302761
-6.3999945  86625.614 0.1 0 0 2342854 0 0 0 2342854
-6.3600039  86627.649 0.1 0 0 2388407 0 0 0 2388407
-6.3200133  86629.682 0.1 0 0 2448630 0 0 0 2448630
-6.2799933  86631.715 0.1 0 0 2501821 0 0 0 2501821
-6.2400027  86633.747 0.1 0 0 2559654 0 0 0 2559654
-6.2000121  86635.814 0.1 0 0 2632208 0 0 0 2632208
-6.1599922  86637.794 0.1 0 0 2696733 0 0 0 2696733
-6.1200015  86639.828 0.1 0 0 2763014 0 0 0 2763014
-6.0800109  86641.862 0.1 0 0 2837549 0 0 0 2837549
-6.039991  86643.938 0.1 0 0 2913389 0 0 0 2913389
-6.0000004  86645.918 0.1 0 0 3007377 0 0 0 3007377
-5.9600098  86647.946 0.1 0 0 3082038 0 0 0 3082038
-5.9199898  86649.979 0.1 0 0 3136406 0 0 0 3136406
-5.8799992  86652.010 0.1 0 0 3175876 0 0 0 3175876
-5.8400086  86654.042 0.1 0 0 3209400 0 0 0 3209400
-5.7999887  86656.074 0.1 0 0 3222447 0 0 0 3222447
-5.759998  86658.111 0.1 0 0 3228546 0 0 0 3228546
-5.7200074  86660.150 0.1 0 0 3234229 0 0 0 3234229
-5.6799875  86662.184 0.1 0 0 3237444 0 0 0 3237444
-5.6399969  86664.214 0.1 0 0 3229957 0 0 0 3229957
-5.6000062  86666.243 0.1 0 0 3230084 0 0 0 3230084
-5.5599863  86668.266 0.1 0 0 3237654 0 0 0 3237654
-5.5199957  86670.291 0.1 0 0 3234982 0 0 0 3234982
-5.4800051  86672.319 0.1 0 0 3239192 0 0 0 3239192
-5.4400144  86674.347 0.1 0 0 3230704 0 0 0 3230704
-5.3999945  86676.412 0.1 0 0 3230776 0 0 0 3230776
-5.3600039  86678.421 0.1 0 0 3230950 0 0 0 3230950
-5.3200133  86680.448 0.1 0 0 3236649 0 0 0 3236649
-5.2799933  86682.482 0.1 0 0 3235849 0 0 0 3235849
-5.2400027  86684.510 0.1 0 0 3236787 0 0 0 3236787
-5.2000121  86686.546 0.1 0 0 3236367 0 0 0 3236367
-5.1599922  86688.578 0.1 0 0 3234024 0 0 0 3234024
-5.1200015  86690.603 0.1 0 0 3231631 0 0 0 3231631
-5.0800109  86692.626 0.1 0 0 3231185 0 0 0 3231185
-5.039991  86694.650 0.1 0 0 3229122 0 0 0 3229122
-5.0000004  86696.675 0.1 0 0 3236433 0 0 0 3236433

#S 22  ascan  x -2 2  100 0.1
#D Fri Feb 03 10:56:31 2017
#T 0.1  (Seconds)
#G0 0
#G1 0
#G3 0
#G4 0
#Q 
#P0 0.6 0.59999998 0.6 0.59999998 0.40000002 0.40000003 0.4 0.39999998
#P1 23.00007 -6.6 -1.5 0 -9.375e-07 -3.7585328e-07 -2.821234e-06 1.0000011
#P2 0.55 3.2 -63.869993 
#N 10
#L X    Epoch  Seconds  Detector  Counter 3  Pil Ct0  Pil Ct1  Pil Roi1  Monitor  Pil Roi0
-2.0000004  86724.259 0.1 0 0 3234503 0 0 0 3234503
-1.9600098  86726.283 0.1 0 0 3231939 0 0 0 3231939
-1.9199898  86728.310 0.1 0 0 3233253 0 0 0 3233253
-1.8799992  86730.355 0.1 0 0 3234651 0 0 0 3234651
-1.8400086  86732.369 0.1 0 0 3232254 0 0 0 3232254
-1.7999887  86734.401 0.1 0 0 3235444 0 0 0 3235444
-1.759998  86736.428 0.1 0 0 3230326 0 0 0 3230326
-1.7200074  86738.447 0.1 0 0 3228616 0 0 0 3228616
-1.6799875  86740.470 0.1 0 0 3233073 0 0 0 3233073
-1.6399969  86742.490 0.1 0 0 3232041 0 0 0 3232041
-1.6000062  86744.508 0.1 0 0 3233383 0 0 0 3233383
-1.5599863  86746.529 0.1 0 0 3234419 0 0 0 3234419
-1.5199957  86748.549 0.1 0 0 3228094 0 0 0 3228094
-1.4800051  86750.572 0.1 0 0 3231540 0 0 0 3231540
-1.4400144  86752.598 0.1 0 0 3231294 0 0 0 3231294
-1.3999945  86754.621 0.1 0 0 3232255 0 0 0 3232255
-1.3600039  86756.641 0.1 0 0 3230745 0 0 0 3230745
-1.3200133  86758.665 0.1 0 0 3232838 0 0 0 3232838
-1.2799933  86760.687 0.1 0 0 3234356 0 0 0 3234356
-1.2400027  86762.719 0.1 0 0 3234190 0 0 0 3234190
-1.2000121  86764.737 0.1 0 0 3230719 0 0 0 3230719
-1.1599922  86766.763 0.1 0 0 3231142 0 0 0 3231142
-1.1200015  86768.786 0.1 0 0 3230546 0 0 0 3230546
-1.0800109  86770.809 0.1 0 0 3230586 0 0 0 3230586
-1.039991  86772.829 0.1 0 0 3236174 0 0 0 3236174
-1.0000004  86774.848 0.1 0 0 3234119 0 0 0 3234119
-0.96000975  86776.870 0.1 0 0 3230292 0 0 0 3230292
-0.91998983  86778.889 0.1 0 0 3229930 0 0 0 3229930
-0.8799992  86780.908 0.1 0 0 3235246 0 0 0 3235246
-0.84000858  86782.930 0.1 0 0 3218434 0 0 0 3218434
-0.79998866  86784.956 0.1 0 0 3218450 0 0 0 3218450
-0.75999803  86786.984 0.1 0 0 3195246 0 0 0 3195246
-0.72000741  86789.026 0.1 0 0 3161687 0 0 0 3161687
-0.67998749  86791.044 0.1 0 0 3093631 0 0 0 3093631
-0.63999686  86793.071 0.1 0 0 3028410 0 0 0 3028410
-0.60000624  86795.098 0.1 0 0 2964269 0 0 0 2964269
-0.55998631  86797.126 0.1 0 0 2894433 0 0 0 2894433
-0.51999569  86799.148 0.1 0 0 2826371 0 0 0 2826371
-0.48000506  86801.168 0.1 0 0 2753201 0 0 0 2753201
-0.44001444  86803.188 0.1 0 0 2679311 0 0 0 2679311
-0.39999452  86805.209 0.1 0 0 2608654 0 0 0 2608654
-0.36000389  86807.255 0.1 0 0 2531478 0 0 0 2531478
-0.32001327  86809.275 0.1 0 0 2467480 0 0 0 2467480
-0.27999334  86811.298 0.1 0 0 2402150 0 0 0 2402150
-0.24000272  86813.318 0.1 0 0 2338031 0 0 0 2338031
-0.20001209  86815.334 0.1 0 0 2280047 0 0 0 2280047
-0.15999217  86817.354 0.1 0 0 2222889 0 0 0 2222889
-0.12000155  86819.377 0.1 0 0 2174837 0 0 0 2174837
-0.080010923  86821.403 0.1 0 0 2135558 0 0 0 2135558
-0.039991001  86823.426 0.1 0 0 2114064 0 0 0 2114064
-3.7585328e-07  86825.446 0.1 0 0 2107735 0 0 0 2107735
0.039990249  86827.469 0.1 0 0 2123403 0 0 0 2123403
0.080010171  86829.486 0.1 0 0 2143901 0 0 0 2143901
0.1200008  86831.507 0.1 0 0 2177207 0 0 0 2177207
0.15999142  86833.532 0.1 0 0 2201716 0 0 0 2201716
0.20001134  86835.558 0.1 0 0 2227128 0 0 0 2227128
0.24000197  86837.587 0.1 0 0 2240642 0 0 0 2240642
0.27999259  86839.610 0.1 0 0 2248990 0 0 0 2248990
0.32001251  86841.639 0.1 0 0 2250027 0 0 0 2250027
0.36000314  86843.664 0.1 0 0 2242603 0 0 0 2242603
0.39999376  86845.681 0.1 0 0 2228580 0 0 0 2228580
0.44001369  86847.702 0.1 0 0 2208040 0 0 0 2208040
0.48000431  86849.720 0.1 0 0 2195297 0 0 0 2195297
0.51999494  86851.752 0.1 0 0 2194825 0 0 0 2194825
0.55998556  86853.778 0.1 0 0 2207365 0 0 0 2207365
0.60000548  86855.798 0.1 0 0 2226695 0 0 0 2226695
0.63999611  86857.820 0.1 0 0 2250401 0 0 0 2250401
0.67998673  86859.850 0.1 0 0 2274572 0 0 0 2274572
0.72000666  86861.879 0.1 0 0 2318348 0 0 0 2318348
0.75999728  86863.902 0.1 0 0 2361065 0 0 0 2361065
0.79998791  86865.923 0.1 0 0 2415171 0 0 0 2415171
0.84000783  86867.954 0.1 0 0 2468472 0 0 0 2468472
0.87999845  86869.987 0.1 0 0 2529910 0 0 0 2529910
0.91998908  86872.010 0.1 0 0 2588433 0 0 0 2588433
0.960009  86874.038 0.1 0 0 2663423 0 0 0 2663423
0.99999962  86876.066 0.1 0 0 2746464 0 0 0 2746464
1.0399902  86878.088 0.1 0 0 2819739 0 0 0 2819739
1.0800102  86880.109 0.1 0 0 2900543 0 0 0 2900543
1.1200008  86882.129 0.1 0 0 2985138 0 0 0 2985138
1.1599914  86884.154 0.1 0 0 3062454 0 0 0 3062454
1.2000113  86886.178 0.1 0 0 3126010 0 0 0 3126010
1.240002  86888.198 0.1 0 0 3166209 0 0 0 3166209
1.2799926  86890.216 0.1 0 0 3194719 0 0 0 3194719
1.3200125  86892.242 0.1 0 0 3211182 0 0 0 3211182
1.3600031  86894.270 0.1 0 0 3217065 0 0 0 3217065
1.3999938  86896.302 0.1 0 0 3219699 0 0 0 3219699
1.4400137  86898.325 0.1 0 0 3225322 0 0 0 3225322
1.4800043  86900.346 0.1 0 0 3222402 0 0 0 3222402
1.5199949  86902.374 0.1 0 0 3220330 0 0 0 3220330
1.5599856  86904.412 0.1 0 0 3218653 0 0 0 3218653
1.6000055  86906.442 0.1 0 0 3223711 0 0 0 3223711
1.6399961  86908.474 0.1 0 0 3224915 0 0 0 3224915
1.6799867  86910.506 0.1 0 0 3225257 0 0 0 3225257
1.7200067  86912.569 0.1 0 0 3224537 0 0 0 3224537
1.7599973  86914.550 0.1 0 0 3221005 0 0 0 3221005
1.7999879  86916.572 0.1 0 0 3220411 0 0 0 3220411
1.8400078  86918.606 0.1 0 0 3220722 0 0 0 3220722
1.8799985  86920.630 0.1 0 0 3217647 0 0 0 3217647
1.9199891  86922.655 0.1 0 0 3219116 0 0 0 3219116
1.960009  86924.679 0.1 0 0 3217923 0 0 0 3217923
1.9999996  86926.706 0.1 0 0 3227422 0 0 0 3227422

#S 23  ascan  x -2 2  100 0.1
#D Fri Feb 03 11:08:54 2017
#T 0.1  (Seconds)
#G0 0
#G1 0
#G3 0
#G4 0
#Q 
#P0 0.6 0.59999998 0.6 0.59999998 0.40000002 0.40000003 0.4 0.39999998
#P1 23.00007 -6.6 -1.5 0 -9.375e-07 -3.7585328e-07 -2.821234e-06 1.0000011
#P2 0.55 3.2 -63.869993 
#N 10
#L X    Epoch  Seconds  Detector  Counter 3  Pil Ct0  Pil Ct1  Pil Roi1  Monitor  Pil Roi0
-2.0000004  87466.827 0.1 0 0 3199700 0 0 0 3185561
-1.9600098  87468.842 0.1 0 0 3459232 0 0 0 3445116
-1.9199898  87470.858 0.1 0 0 3458458 0 0 0 3444550
-1.8799992  87472.892 0.1 0 0 3451263 0 0 0 3436930
-1.8400086  87474.905 0.1 0 0 3451588 0 0 0 3437606
-1.7999887  87476.922 0.1 0 0 3456892 0 0 0 3442802
-1.759998  87478.935 0.1 0 0 3462866 0 0 0 3449048
-1.7200074  87480.951 0.1 0 0 3464732 0 0 0 3450797
-1.6799875  87482.966 0.1 0 0 3466226 0 0 0 3452261
-1.6399969  87484.978 0.1 0 0 3455698 0 0 0 3441682
-1.6000062  87487.065 0.1 0 0 3460352 0 0 0 3446347
-1.5599863  87489.031 0.1 0 0 3459544 0 0 0 3445405
-1.5199957  87491.044 0.1 0 0 3460811 0 0 0 3446355
-1.4800051  87493.059 0.1 0 0 3460217 0 0 0 3446288
-1.4400144  87495.077 0.1 0 0 3461672 0 0 0 3447573
-1.3999945  87497.088 0.1 0 0 3459438 0 0 0 3445697
-1.3600039  87499.099 0.1 0 0 3464417 0 0 0 3450562
-1.3200133  87501.114 0.1 0 0 3461500 0 0 0 3447409
-1.2799933  87503.128 0.1 0 0 3464240 0 0 0 3450069
-1.2400027  87505.148 0.1 0 0 3462459 0 0 0 3448647
-1.2000121  87507.158 0.1 0 0 3465003 0 0 0 3450952
-1.1599922  87509.171 0.1 0 0 3463879 0 0 0 3449750
-1.1200015  87511.265 0.1 0 0 3461301 0 0 0 3447452
-1.0800109  87513.225 0.1 0 0 3464913 0 0 0 3450826
-1.039991  87515.244 0.1 0 0 3458949 0 0 0 3445018
-1.0000004  87517.259 0.1 0 0 3455597 0 0 0 3441579
-0.96000975  87519.272 0.1 0 0 3454154 0 0 0 3440010
-0.91998983  87521.282 0.1 0 0 3461980 0 0 0 3447920
-0.8799992  87523.300 0.1 0 0 3462687 0 0 0 3448543
-0.84000858  87525.313 0.1 0 0 3453137 0 0 0 3439137
-0.79998866  87527.338 0.1 0 0 3442580 0 0 0 3428628
-0.75999803  87529.350 0.1 0 0 3418868 0 0 0 3404909
-0.72000741  87531.363 0.1 0 0 3377496 0 0 0 3363890
-0.67998749  87533.374 0.1 0 0 3316898 0 0 0 3303349
-0.63999686  87535.390 0.1 0 0 3246822 0 0 0 3233592
-0.60000624  87537.472 0.1 0 0 3177599 0 0 0 3164660
-0.55998631  87539.439 0.1 0 0 3096924 0 0 0 3084254
-0.51999569  87541.449 0.1 0 0 3020008 0 0 0 3007425
-0.48000506  87543.463 0.1 0 0 2937971 0 0 0 2925832
-0.44001444  87545.472 0.1 0 0 2842416 0 0 0 2830507
-0.39999452  87547.486 0.1 0 0 2755521 0 0 0 2744158
-0.36000389  87549.495 0.1 0 0 2672056 0 0 0 2660808
-0.32001327  87551.501 0.1 0 0 2584252 0 0 0 2573421
-0.27999334  87553.511 0.1 0 0 2512096 0 0 0 2501454
-0.24000272  87555.517 0.1 0 0 2441511 0 0 0 2431037
-0.20001209  87557.540 0.1 0 0 2373747 0 0 0 2363638
-0.15999217  87559.560 0.1 0 0 2310874 0 0 0 2301089
-0.12000155  87561.689 0.1 0 0 2253333 0 0 0 2243757
-0.080010923  87563.609 0.1 0 0 2214716 0 0 0 2205136
-0.039991001  87565.628 0.1 0 0 2192680 0 0 0 2183470
-3.7585328e-07  87567.639 0.1 0 0 2199729 0 0 0 2190319
0.039990249  87569.655 0.1 0 0 2213587 0 0 0 2204092
0.080010171  87571.674 0.1 0 0 2245602 0 0 0 2236261
0.1200008  87573.693 0.1 0 0 2275509 0 0 0 2265890
0.15999142  87575.714 0.1 0 0 2308528 0 0 0 2298758
0.20001134  87577.734 0.1 0 0 2327556 0 0 0 2317725
0.24000197  87579.754 0.1 0 0 2342498 0 0 0 2332655
0.27999259  87581.770 0.1 0 0 2349257 0 0 0 2339228
0.32001251  87583.786 0.1 0 0 2352302 0 0 0 2342437
0.36000314  87585.803 0.1 0 0 2346742 0 0 0 2336798
0.39999376  87587.879 0.1 0 0 2329037 0 0 0 2319247
0.44001369  87589.846 0.1 0 0 2307042 0 0 0 2297124
0.48000431  87591.863 0.1 0 0 2288454 0 0 0 2278731
0.51999494  87593.886 0.1 0 0 2290207 0 0 0 2280685
0.55998556  87595.907 0.1 0 0 2301316 0 0 0 2291678
0.60000548  87597.929 0.1 0 0 2315349 0 0 0 2305416
0.63999611  87599.948 0.1 0 0 2345257 0 0 0 2335268
0.67998673  87601.969 0.1 0 0 2382475 0 0 0 2372405
0.72000666  87603.996 0.1 0 0 2416667 0 0 0 2406432
0.75999728  87606.012 0.1 0 0 2466223 0 0 0 2455765
0.79998791  87608.031 0.1 0 0 2524255 0 0 0 2513671
0.84000783  87610.046 0.1 0 0 2596896 0 0 0 2586123
0.87999845  87612.074 0.1 0 0 2668619 0 0 0 2657500
0.91998908  87614.174 0.1 0 0 2749549 0 0 0 2737947
0.960009  87616.147 0.1 0 0 2830250 0 0 0 2818575
0.99999962  87618.164 0.1 0 0 2926016 0 0 0 2913922
1.0399902  87620.187 0.1 0 0 3020626 0 0 0 3008301
1.0800102  87622.205 0.1 0 0 3110141 0 0 0 3097441
1.1200008  87624.219 0.1 0 0 3198434 0 0 0 3185551
1.1599914  87626.240 0.1 0 0 3288946 0 0 0 3275405
1.2000113  87628.261 0.1 0 0 3346251 0 0 0 3332709
1.240002  87630.275 0.1 0 0 3397478 0 0 0 3383678
1.2799926  87632.298 0.1 0 0 3422754 0 0 0 3408831
1.3200125  87634.311 0.1 0 0 3436295 0 0 0 3422199
1.3600031  87636.334 0.1 0 0 3447773 0 0 0 3433866
1.3999938  87638.352 0.1 0 0 3450258 0 0 0 3436157
1.4400137  87640.454 0.1 0 0 3457667 0 0 0 3443465
1.4800043  87642.424 0.1 0 0 3461929 0 0 0 3447708
1.5199949  87644.439 0.1 0 0 3462910 0 0 0 3449083
1.5599856  87646.456 0.1 0 0 3457604 0 0 0 3443741
1.6000055  87648.480 0.1 0 0 3462326 0 0 0 3448326
1.6399961  87650.503 0.1 0 0 3465362 0 0 0 3451109
1.6799867  87652.519 0.1 0 0 3462982 0 0 0 3448838
1.7200067  87654.542 0.1 0 0 3459048 0 0 0 3445031
1.7599973  87656.560 0.1 0 0 3457375 0 0 0 3443340
1.7999879  87658.573 0.1 0 0 3459194 0 0 0 3445131
1.8400078  87660.589 0.1 0 0 3458779 0 0 0 3444474
1.8799985  87662.604 0.1 0 0 3455591 0 0 0 3441725
1.9199891  87664.682 0.1 0 0 3455519 0 0 0 3441786
1.960009  87666.654 0.1 0 0 3462914 0 0 0 3448732
1.9999996  87668.673 0.1 0 0 3454217 0 0 0 3440292

#S 24  ascan  x 5 9  100 0.1
#D Fri Feb 03 11:13:11 2017
#T 0.1  (Seconds)
#G0 0
#G1 0
#G3 0
#G4 0
#Q 
#P0 0.6 0.59999998 0.6 0.59999998 0.40000002 0.40000003 0.4 0.39999998
#P1 23.00007 -6.6 -1.5 0 -9.375e-07 6.9999996 -2.821234e-06 1.0000011
#P2 0.55 3.2 -63.869993 
#N 10
#L X    Epoch  Seconds  Detector  Counter 3  Pil Ct0  Pil Ct1  Pil Roi1  Monitor  Pil Roi0
4.9999996  87724.308 0.1 0 0 3458748 0 0 0 3444547
5.0399902  87726.326 0.1 0 0 3459169 0 0 0 3445303
5.0800102  87728.343 0.1 0 0 3456736 0 0 0 3442688
5.1200008  87730.370 0.1 0 0 3455715 0 0 0 3441705
5.1599914  87732.384 0.1 0 0 3461603 0 0 0 3447548
5.2000113  87734.402 0.1 0 0 3455286 0 0 0 3441366
5.240002  87736.422 0.1 0 0 3458100 0 0 0 3443879
5.2799926  87738.435 0.1 0 0 3452340 0 0 0 3438155
5.3200125  87740.462 0.1 0 0 3451155 0 0 0 3437028
5.3600031  87742.482 0.1 0 0 3449525 0 0 0 3435494
5.3999938  87744.570 0.1 0 0 3452451 0 0 0 3438489
5.4400137  87746.543 0.1 0 0 3451076 0 0 0 3437056
5.4800043  87748.566 0.1 0 0 3454663 0 0 0 3440616
5.5199949  87750.591 0.1 0 0 3455231 0 0 0 3440983
5.5599856  87752.611 0.1 0 0 3455048 0 0 0 3440958
5.6000055  87754.627 0.1 0 0 3454664 0 0 0 3440687
5.6399961  87756.645 0.1 0 0 3457716 0 0 0 3443908
5.6799867  87758.666 0.1 0 0 3460302 0 0 0 3446303
5.7200067  87760.688 0.1 0 0 3456879 0 0 0 3442732
5.7599973  87762.718 0.1 0 0 3452948 0 0 0 3438889
5.7999879  87764.740 0.1 0 0 3454193 0 0 0 3440177
5.8400078  87766.754 0.1 0 0 3453134 0 0 0 3438982
5.8799985  87768.780 0.1 0 0 3454947 0 0 0 3441009
5.9199891  87770.866 0.1 0 0 3452596 0 0 0 3438752
5.960009  87772.837 0.1 0 0 3451958 0 0 0 3437940
5.9999996  87774.855 0.1 0 0 3455649 0 0 0 3441579
6.0399902  87776.874 0.1 0 0 3447900 0 0 0 3433851
6.0800102  87778.894 0.1 0 0 3429294 0 0 0 3415468
6.1200008  87780.912 0.1 0 0 3409554 0 0 0 3395834
6.1599914  87782.931 0.1 0 0 3372853 0 0 0 3359092
6.2000113  87784.959 0.1 0 0 3305761 0 0 0 3292263
6.240002  87786.975 0.1 0 0 3239840 0 0 0 3226564
6.2799926  87788.996 0.1 0 0 3160531 0 0 0 3147514
6.3200125  87791.018 0.1 0 0 3079514 0 0 0 3066828
6.3600031  87793.043 0.1 0 0 2995683 0 0 0 2983455
6.3999938  87795.061 0.1 0 0 2911907 0 0 0 2900099
6.4400137  87797.156 0.1 0 0 2817262 0 0 0 2805569
6.4800043  87799.123 0.1 0 0 2721146 0 0 0 2709907
6.5199949  87801.140 0.1 0 0 2629166 0 0 0 2618079
6.5599856  87803.160 0.1 0 0 2541824 0 0 0 2531062
6.6000055  87805.177 0.1 0 0 2456658 0 0 0 2446418
6.6399961  87807.196 0.1 0 0 2378447 0 0 0 2368219
6.6799867  87809.211 0.1 0 0 2306951 0 0 0 2297296
6.7200067  87811.240 0.1 0 0 2245971 0 0 0 2236317
6.7599973  87813.258 0.1 0 0 2193672 0 0 0 2184156
6.7999879  87815.276 0.1 0 0 2156101 0 0 0 2146858
6.8400078  87817.296 0.1 0 0 2143563 0 0 0 2134454
6.8799985  87819.315 0.1 0 0 2156963 0 0 0 2147858
6.9199891  87821.336 0.1 0 0 2189079 0 0 0 2179581
6.960009  87823.430 0.1 0 0 2228239 0 0 0 2218834
6.9999996  87825.403 0.1 0 0 2267451 0 0 0 2257864
7.0399902  87827.420 0.1 0 0 2301146 0 0 0 2291382
7.0800102  87829.442 0.1 0 0 2327272 0 0 0 2317465
7.1200008  87831.458 0.1 0 0 2355538 0 0 0 2345605
7.1599914  87833.475 0.1 0 0 2367826 0 0 0 2357814
7.2000113  87835.495 0.1 0 0 2377781 0 0 0 2367674
7.240002  87837.513 0.1 0 0 2384673 0 0 0 2374624
7.2799926  87839.528 0.1 0 0 2385419 0 0 0 2375471
7.3200125  87841.550 0.1 0 0 2380172 0 0 0 2370326
7.3600031  87843.581 0.1 0 0 2372134 0 0 0 2362050
7.3999938  87845.600 0.1 0 0 2354558 0 0 0 2344537
7.4400137  87847.617 0.1 0 0 2340837 0 0 0 2330893
7.4800043  87849.706 0.1 0 0 2322949 0 0 0 2313070
7.5199949  87851.677 0.1 0 0 2325082 0 0 0 2315169
7.5599856  87853.696 0.1 0 0 2337149 0 0 0 2327449
7.6000055  87855.713 0.1 0 0 2350561 0 0 0 2340719
7.6399961  87857.731 0.1 0 0 2370755 0 0 0 2360661
7.6799867  87859.750 0.1 0 0 2399442 0 0 0 2389257
7.7200067  87861.775 0.1 0 0 2433569 0 0 0 2423248
7.7599973  87863.793 0.1 0 0 2480005 0 0 0 2469546
7.7999879  87865.811 0.1 0 0 2530739 0 0 0 2519920
7.8400078  87867.840 0.1 0 0 2602041 0 0 0 2591132
7.8799985  87869.859 0.1 0 0 2663835 0 0 0 2652483
7.9199891  87871.881 0.1 0 0 2733643 0 0 0 2722196
7.960009  87873.899 0.1 0 0 2807415 0 0 0 2795802
7.9999996  87875.926 0.1 0 0 2891929 0 0 0 2879723
8.0399902  87878.012 0.1 0 0 2988203 0 0 0 2975956
8.0800102  87879.983 0.1 0 0 3068103 0 0 0 3055616
8.1200008  87882.000 0.1 0 0 3161005 0 0 0 3148168
8.1599914  87884.026 0.1 0 0 3255346 0 0 0 3242252
8.2000113  87886.046 0.1 0 0 3326344 0 0 0 3312957
8.240002  87888.066 0.1 0 0 3381808 0 0 0 3368288
8.2799926  87890.083 0.1 0 0 3408983 0 0 0 3395217
8.3200125  87892.097 0.1 0 0 3433753 0 0 0 3419631
8.3600031  87894.134 0.1 0 0 3447177 0 0 0 3432962
8.3999938  87896.160 0.1 0 0 3441759 0 0 0 3427918
8.4400137  87898.176 0.1 0 0 3453587 0 0 0 3439641
8.4800043  87900.192 0.1 0 0 3443550 0 0 0 3429632
8.5199949  87902.211 0.1 0 0 3444884 0 0 0 3430993
8.5599856  87904.307 0.1 0 0 3447410 0 0 0 3433538
8.6000055  87906.274 0.1 0 0 3452183 0 0 0 3438131
8.6399961  87908.292 0.1 0 0 3454562 0 0 0 3440677
8.6799867  87910.309 0.1 0 0 3444531 0 0 0 3430641
8.7200067  87912.332 0.1 0 0 3450781 0 0 0 3436987
8.7599973  87914.349 0.1 0 0 3449302 0 0 0 3435305
8.7999879  87916.368 0.1 0 0 3447978 0 0 0 3433975
8.8400078  87918.385 0.1 0 0 3450784 0 0 0 3436780
8.8799985  87920.403 0.1 0 0 3444228 0 0 0 3430314
8.9199891  87922.425 0.1 0 0 3446553 0 0 0 3432837
8.960009  87924.443 0.1 0 0 3443193 0 0 0 3429331
8.9999996  87926.466 0.1 0 0 3441371 0 0 0 3427390

#S 25  ascan  x 5 9  100 0.1
#D Fri Feb 03 11:24:24 2017
#T 0.1  (Seconds)
#G0 0
#G1 0
#G3 0
#G4 0
#Q 
#P0 0.6 0.59999998 0.6 0.59999998 0.40000002 0.40000003 0.4 0.39999998
#P1 23.00007 -6.6 -1.5 0 -9.375e-07 6.9999996 -2.821234e-06 1.0000011
#P2 0.55 3.2 -63.869993 
#N 10
#L X    Epoch  Seconds  Detector  Counter 3  Pil Ct0  Pil Ct1  Pil Roi1  Monitor  Pil Roi0
4.9999996  88396.917 0.1 0 0 3421119 0 0 0 3398066
5.0399902  88398.938 0.1 0 0 3417297 0 0 0 3394410
5.0800102  88400.952 0.1 0 0 3416620 0 0 0 3393689
5.1200008  88402.982 0.1 0 0 3419636 0 0 0 3396759
5.1599914  88404.997 0.1 0 0 3415518 0 0 0 3392541
5.2000113  88407.074 0.1 0 0 3415155 0 0 0 3392342
5.240002  88409.042 0.1 0 0 3423136 0 0 0 3400010
5.2799926  88411.060 0.1 0 0 3413189 0 0 0 3390122
5.3200125  88413.077 0.1 0 0 3420162 0 0 0 3397093
5.3600031  88415.098 0.1 0 0 3420353 0 0 0 3397387
5.3999938  88417.126 0.1 0 0 3414166 0 0 0 3391343
5.4400137  88419.147 0.1 0 0 3417240 0 0 0 3394363
5.4800043  88421.162 0.1 0 0 3414338 0 0 0 3391359
5.5199949  88423.173 0.1 0 0 3412912 0 0 0 3389979
5.5599856  88425.192 0.1 0 0 3421608 0 0 0 3398373
5.6000055  88427.207 0.1 0 0 3421800 0 0 0 3399005
5.6399961  88429.227 0.1 0 0 3417626 0 0 0 3394652
5.6799867  88431.303 0.1 0 0 3418060 0 0 0 3395008
5.7200067  88433.271 0.1 0 0 3422753 0 0 0 3399807
5.7599973  88435.293 0.1 0 0 3418382 0 0 0 3395468
5.7999879  88437.310 0.1 0 0 3423844 0 0 0 3400774
5.8400078  88439.326 0.1 0 0 3423209 0 0 0 3400174
5.8799985  88441.344 0.1 0 0 3414180 0 0 0 3391460
5.9199891  88443.362 0.1 0 0 3417858 0 0 0 3395411
5.960009  88445.382 0.1 0 0 3412989 0 0 0 3390890
5.9999996  88447.406 0.1 0 0 3410604 0 0 0 3389074
6.0399902  88449.422 0.1 0 0 3409566 0 0 0 3388059
6.0800102  88451.450 0.1 0 0 3398027 0 0 0 3376326
6.1200008  88453.479 0.1 0 0 3369033 0 0 0 3347629
6.1599914  88455.496 0.1 0 0 3335622 0 0 0 3314529
6.2000113  88457.537 0.1 0 0 3268155 0 0 0 3247071
6.240002  88459.554 0.1 0 0 3197100 0 0 0 3176377
6.2799926  88461.572 0.1 0 0 3127097 0 0 0 3106738
6.3200125  88463.586 0.1 0 0 3044352 0 0 0 3024248
6.3600031  88465.604 0.1 0 0 2963838 0 0 0 2943692
6.3999938  88467.617 0.1 0 0 2871558 0 0 0 2852296
6.4400137  88469.641 0.1 0 0 2777063 0 0 0 2757939
6.4800043  88471.669 0.1 0 0 2689048 0 0 0 2670257
6.5199949  88473.686 0.1 0 0 2594007 0 0 0 2575957
6.5599856  88475.704 0.1 0 0 2504651 0 0 0 2486890
6.6000055  88477.719 0.1 0 0 2422731 0 0 0 2405551
6.6399961  88479.738 0.1 0 0 2344836 0 0 0 2327955
6.6799867  88481.754 0.1 0 0 2278789 0 0 0 2262063
6.7200067  88483.780 0.1 0 0 2213181 0 0 0 2197058
6.7599973  88485.795 0.1 0 0 2166483 0 0 0 2150455
6.7999879  88487.809 0.1 0 0 2124277 0 0 0 2108472
6.8400078  88489.827 0.1 0 0 2121705 0 0 0 2105749
6.8799985  88491.841 0.1 0 0 2138048 0 0 0 2122144
6.9199891  88493.861 0.1 0 0 2170267 0 0 0 2154577
6.960009  88495.887 0.1 0 0 2209013 0 0 0 2192932
6.9999996  88497.903 0.1 0 0 2249360 0 0 0 2233278
7.0399902  88499.918 0.1 0 0 2277850 0 0 0 2261406
7.0800102  88501.930 0.1 0 0 2306867 0 0 0 2290791
7.1200008  88503.940 0.1 0 0 2327228 0 0 0 2311304
7.1599914  88505.954 0.1 0 0 2351825 0 0 0 2336140
7.2000113  88507.970 0.1 0 0 2356995 0 0 0 2341219
7.240002  88509.982 0.1 0 0 2363237 0 0 0 2347621
7.2799926  88511.993 0.1 0 0 2364026 0 0 0 2348029
7.3200125  88514.018 0.1 0 0 2359104 0 0 0 2342525
7.3600031  88516.044 0.1 0 0 2343183 0 0 0 2326267
7.3999938  88518.058 0.1 0 0 2334222 0 0 0 2316922
7.4400137  88520.073 0.1 0 0 2316945 0 0 0 2300077
7.4800043  88522.090 0.1 0 0 2306981 0 0 0 2290104
7.5199949  88524.105 0.1 0 0 2303042 0 0 0 2285830
7.5599856  88526.125 0.1 0 0 2314435 0 0 0 2297025
7.6000055  88528.144 0.1 0 0 2331918 0 0 0 2314490
7.6399961  88530.160 0.1 0 0 2354181 0 0 0 2336745
7.6799867  88532.176 0.1 0 0 2381178 0 0 0 2363625
7.7200067  88534.194 0.1 0 0 2421733 0 0 0 2403682
7.7599973  88536.209 0.1 0 0 2458990 0 0 0 2440950
7.7999879  88538.224 0.1 0 0 2509276 0 0 0 2491025
7.8400078  88540.236 0.1 0 0 2564260 0 0 0 2545817
7.8799985  88542.251 0.1 0 0 2639117 0 0 0 2620370
7.9199891  88544.271 0.1 0 0 2704584 0 0 0 2685657
7.960009  88546.287 0.1 0 0 2787669 0 0 0 2767986
7.9999996  88548.303 0.1 0 0 2878243 0 0 0 2858370
8.0399902  88550.319 0.1 0 0 2957249 0 0 0 2936958
8.0800102  88552.335 0.1 0 0 3051965 0 0 0 3031144
8.1200008  88554.350 0.1 0 0 3135302 0 0 0 3114233
8.1599914  88556.371 0.1 0 0 3221402 0 0 0 3199752
8.2000113  88558.389 0.1 0 0 3294338 0 0 0 3272427
8.240002  88560.407 0.1 0 0 3349705 0 0 0 3327494
8.2799926  88562.429 0.1 0 0 3375367 0 0 0 3353138
8.3200125  88564.442 0.1 0 0 3399509 0 0 0 3377260
8.3600031  88566.460 0.1 0 0 3405179 0 0 0 3382954
8.3999938  88568.476 0.1 0 0 3415280 0 0 0 3393053
8.4400137  88570.491 0.1 0 0 3415545 0 0 0 3393032
8.4800043  88572.506 0.1 0 0 3420607 0 0 0 3398276
8.5199949  88574.530 0.1 0 0 3417350 0 0 0 3394550
8.5599856  88576.575 0.1 0 0 3418363 0 0 0 3395144
8.6000055  88578.591 0.1 0 0 3409337 0 0 0 3386461
8.6399961  88580.607 0.1 0 0 3415439 0 0 0 3392261
8.6799867  88582.623 0.1 0 0 3413524 0 0 0 3390119
8.7200067  88584.637 0.1 0 0 3422636 0 0 0 3399669
8.7599973  88586.652 0.1 0 0 3416559 0 0 0 3393722
8.7999879  88588.675 0.1 0 0 3410857 0 0 0 3388016
8.8400078  88590.692 0.1 0 0 3422147 0 0 0 3398797
8.8799985  88592.718 0.1 0 0 3415239 0 0 0 3392047
8.9199891  88594.730 0.1 0 0 3419589 0 0 0 3396705
8.960009  88596.755 0.1 0 0 3409602 0 0 0 3386682
8.9999996  88598.780 0.1 0 0 3418081 0 0 0 3395390

#S 26  ascan  x 5 9  100 0.1
#D Fri Feb 03 11:50:07 2017
#T 0.1  (Seconds)
#G0 0
#G1 0
#G3 0
#G4 0
#Q 
#P0 0.3 0.29999998 0.3 0.29999998 0.25000002 0.25000003 0.25 0.24999998
#P1 23.00007 -6.6 -1.5 0 -9.375e-07 6.9999996 -2.821234e-06 1.0000011
#P2 0.55 3.2 -63.869993 
#N 10
#L X    Epoch  Seconds  Detector  Counter 3  Pil Ct0  Pil Ct1  Pil Roi1  Monitor  Pil Roi0
4.9999996  89940.028 0.1 0 0 744517 0 0 0 741286
5.0399902  89942.050 0.1 0 0 744318 0 0 0 740956
5.0800102  89944.074 0.1 0 0 747397 0 0 0 744110
5.1200008  89946.093 0.1 0 0 745848 0 0 0 742484
5.1599914  89948.142 0.1 0 0 744278 0 0 0 740902
5.2000113  89950.106 0.1 0 0 745380 0 0 0 742069
5.240002  89952.119 0.1 0 0 748197 0 0 0 744764
5.2799926  89954.139 0.1 0 0 746054 0 0 0 742746
5.3200125  89956.159 0.1 0 0 744809 0 0 0 741497
5.3600031  89958.179 0.1 0 0 744639 0 0 0 741233
5.3999938  89960.197 0.1 0 0 743213 0 0 0 739897
5.4400137  89962.218 0.1 0 0 744199 0 0 0 740915
5.4800043  89964.240 0.1 0 0 746083 0 0 0 742734
5.5199949  89966.258 0.1 0 0 744710 0 0 0 741441
5.5599856  89968.274 0.1 0 0 744122 0 0 0 740834
5.6000055  89970.293 0.1 0 0 746201 0 0 0 742794
5.6399961  89972.315 0.1 0 0 746538 0 0 0 743247
5.6799867  89974.338 0.1 0 0 745344 0 0 0 741996
5.7200067  89976.356 0.1 0 0 742911 0 0 0 739665
5.7599973  89978.436 0.1 0 0 745998 0 0 0 742675
5.7999879  89980.404 0.1 0 0 745458 0 0 0 741977
5.8400078  89982.422 0.1 0 0 745395 0 0 0 742091
5.8799985  89984.446 0.1 0 0 743485 0 0 0 740051
5.9199891  89986.467 0.1 0 0 744736 0 0 0 741405
5.960009  89988.485 0.1 0 0 743643 0 0 0 740362
5.9999996  89990.503 0.1 0 0 744244 0 0 0 740968
6.0399902  89992.521 0.1 0 0 744412 0 0 0 741032
6.0800102  89994.538 0.1 0 0 741894 0 0 0 738547
6.1200008  89996.552 0.1 0 0 742383 0 0 0 739058
6.1599914  89998.569 0.1 0 0 741513 0 0 0 738139
6.2000113  90000.600 0.1 0 0 739787 0 0 0 736520
6.240002  90002.620 0.1 0 0 727654 0 0 0 724506
6.2799926  90004.637 0.1 0 0 712042 0 0 0 708924
6.3200125  90006.716 0.1 0 0 688574 0 0 0 685520
6.3600031  90008.680 0.1 0 0 667948 0 0 0 664885
6.3999938  90010.694 0.1 0 0 638266 0 0 0 635377
6.4400137  90012.708 0.1 0 0 608395 0 0 0 605652
6.4800043  90014.727 0.1 0 0 577686 0 0 0 575026
6.5199949  90016.743 0.1 0 0 549895 0 0 0 547307
6.5599856  90018.772 0.1 0 0 521081 0 0 0 518542
6.6000055  90020.789 0.1 0 0 490493 0 0 0 488288
6.6399961  90022.806 0.1 0 0 466666 0 0 0 464324
6.6799867  90024.861 0.1 0 0 446116 0 0 0 444040
6.7200067  90026.886 0.1 0 0 435840 0 0 0 433693
6.7599973  90028.905 0.1 0 0 439476 0 0 0 437400
6.7999879  90030.931 0.1 0 0 452146 0 0 0 449951
6.8400078  90032.955 0.1 0 0 463757 0 0 0 461592
6.8799985  90034.974 0.1 0 0 478778 0 0 0 476491
6.9199891  90036.992 0.1 0 0 487776 0 0 0 485480
6.960009  90039.005 0.1 0 0 499483 0 0 0 497107
6.9999996  90041.031 0.1 0 0 506249 0 0 0 503928
7.0399902  90043.061 0.1 0 0 512505 0 0 0 510136
7.0800102  90045.098 0.1 0 0 515635 0 0 0 513297
7.1200008  90047.124 0.1 0 0 518466 0 0 0 516080
7.1599914  90049.141 0.1 0 0 524631 0 0 0 522205
7.2000113  90051.154 0.1 0 0 527056 0 0 0 524576
7.240002  90053.177 0.1 0 0 527636 0 0 0 525217
7.2799926  90055.197 0.1 0 0 525500 0 0 0 523082
7.3200125  90057.220 0.1 0 0 526262 0 0 0 523831
7.3600031  90059.237 0.1 0 0 524335 0 0 0 521861
7.3999938  90061.254 0.1 0 0 521143 0 0 0 518773
7.4400137  90063.274 0.1 0 0 517372 0 0 0 514974
7.4800043  90065.351 0.1 0 0 510383 0 0 0 508002
7.5199949  90067.319 0.1 0 0 504924 0 0 0 502511
7.5599856  90069.338 0.1 0 0 497022 0 0 0 494606
7.6000055  90071.358 0.1 0 0 493746 0 0 0 491366
7.6399961  90073.375 0.1 0 0 491510 0 0 0 489102
7.6799867  90075.392 0.1 0 0 492982 0 0 0 490589
7.7200067  90077.405 0.1 0 0 498794 0 0 0 496432
7.7599973  90079.423 0.1 0 0 508874 0 0 0 506481
7.7999879  90081.440 0.1 0 0 522879 0 0 0 520324
7.8400078  90083.463 0.1 0 0 541953 0 0 0 539409
7.8799985  90085.483 0.1 0 0 558133 0 0 0 555596
7.9199891  90087.501 0.1 0 0 581382 0 0 0 578716
7.960009  90089.526 0.1 0 0 610300 0 0 0 607509
7.9999996  90091.544 0.1 0 0 642918 0 0 0 639996
8.0399902  90093.562 0.1 0 0 674235 0 0 0 671054
8.0800102  90095.589 0.1 0 0 699449 0 0 0 696315
8.1200008  90097.611 0.1 0 0 723582 0 0 0 720339
8.1599914  90099.660 0.1 0 0 734723 0 0 0 731474
8.2000113  90101.675 0.1 0 0 742224 0 0 0 738987
8.240002  90103.693 0.1 0 0 740538 0 0 0 737206
8.2799926  90105.707 0.1 0 0 743931 0 0 0 740607
8.3200125  90107.726 0.1 0 0 743898 0 0 0 740579
8.3600031  90109.739 0.1 0 0 742707 0 0 0 739389
8.3999938  90111.765 0.1 0 0 741284 0 0 0 737936
8.4400137  90113.786 0.1 0 0 742635 0 0 0 739313
8.4800043  90115.804 0.1 0 0 742812 0 0 0 739520
8.5199949  90117.820 0.1 0 0 744143 0 0 0 740671
8.5599856  90119.845 0.1 0 0 740420 0 0 0 737069
8.6000055  90121.869 0.1 0 0 743616 0 0 0 740312
8.6399961  90123.885 0.1 0 0 742198 0 0 0 738805
8.6799867  90125.902 0.1 0 0 743021 0 0 0 739575
8.7200067  90127.914 0.1 0 0 742315 0 0 0 738964
8.7599973  90129.928 0.1 0 0 741094 0 0 0 737736
8.7999879  90131.941 0.1 0 0 739470 0 0 0 736169
8.8400078  90133.960 0.1 0 0 740553 0 0 0 737243
8.8799985  90135.978 0.1 0 0 742504 0 0 0 739194
8.9199891  90138.038 0.1 0 0 742346 0 0 0 738769
8.960009  90140.004 0.1 0 0 741929 0 0 0 738602
8.9999996  90142.022 0.1 0 0 740584 0 0 0 737270
